=== Suite started at 2021-03-10 18:06:04
=== Starting test, 5 test cases
=cases         5
=user          pbove
=host          pbove
=hosts         pbove 
=emulator_vsn  11.1.7
=emulator      beam
=otp_release   23
=started       2021-03-10 18:06:04
=case          mafiapp_SUITE:init_per_suite
=logfile       mafiapp_suite.init_per_suite.html
=started       2021-03-10 18:06:04
=ended         2021-03-10 18:06:05
=result        ok
=elapsed       0.159348
=case          mafiapp_SUITE:add_service
=logfile       mafiapp_suite.add_service.html
=started       2021-03-10 18:06:05
=ended         2021-03-10 18:06:05
=result        ok
=elapsed       8.72e-4
=case          mafiapp_SUITE:friend_by_name
=logfile       mafiapp_suite.friend_by_name.html
=started       2021-03-10 18:06:05
=ended         2021-03-10 18:06:05
=result        ok
=elapsed       2.07e-4
=case          mafiapp_SUITE:friend_with_services
=logfile       mafiapp_suite.friend_with_services.html
=started       2021-03-10 18:06:05
=ended         2021-03-10 18:06:05
=result        ok
=elapsed       7.1e-4
=case          mafiapp_SUITE:friend_by_expertise
=logfile       mafiapp_suite.friend_by_expertise.html
=started       2021-03-10 18:06:05
=ended         2021-03-10 18:06:05
=result        ok
=elapsed       2.16e-4
=case          mafiapp_SUITE:accounts
=logfile       mafiapp_suite.accounts.html
=started       2021-03-10 18:06:05
=ended         2021-03-10 18:06:05
=result        failed: {{badmatch,{error,unknown_friend}},
                        [{mafiapp_SUITE,accounts,1,
                             [{file,"mafiapp_SUITE.erl"},{line,36}]},
                         {test_server,ts_tc,3,
                             [{file,"test_server.erl"},{line,1754}]},
                         {test_server,run_test_case_eval1,6,
                             [{file,"test_server.erl"},{line,1263}]},
                         {test_server,run_test_case_eval,9,
                             [{file,"test_server.erl"},{line,1195}]}]}, [{mafiapp_SUITE,
                                                                          accounts,
                                                                          36},
                                                                         {test_server,
                                                                          ts_tc,
                                                                          1754},
                                                                         {test_server,
                                                                          run_test_case_eval1,
                                                                          1263},
                                                                         {test_server,
                                                                          run_test_case_eval,
                                                                          1195}]
=== *** FAILED test case 5 of 5 ***
=case          mafiapp_SUITE:end_per_suite
=logfile       mafiapp_suite.end_per_suite.html
=started       2021-03-10 18:06:05
=ended         2021-03-10 18:06:05
=result        ok
=elapsed       0.008691
=group_time    0.330s
=== TEST COMPLETE, 4 ok, 1 failed of 5 test cases

=finished      2021-03-10 18:06:05
=failed        1
=successful    4
=user_skipped  0
=auto_skipped  0
