=== Suite started at 2021-03-09 16:12:17
=== Starting test (with repeated test cases)
=cases         unknown
=user          pbove
=host          nohost
=hosts         nohost 
=emulator_vsn  11.1.7
=emulator      beam
=otp_release   23
=started       2021-03-09 16:12:17
=case          ct_framework:init_per_suite
=logfile       ct_framework.init_per_suite.html
=group_props   [{suite,meeting_SUITE}]
=started       2021-03-09 16:12:17
=ended         2021-03-09 16:12:17
=result        ok
=elapsed       0.0
=case          meeting_SUITE:init_per_group
=logfile       meeting_suite.init_per_group.html
=group_props   [{name,session}]
=started       2021-03-09 16:12:17
=ended         2021-03-09 16:12:17
=result        ok
=elapsed       0.00134
=case          meeting_SUITE:init_per_group
=logfile       meeting_suite.init_per_group.5.html
=group_props   [{name,clients},parallel,{repeat,10}]
=started       2021-03-09 16:12:17
=ended         2021-03-09 16:12:17
=result        ok
=elapsed       0.0
=case          meeting_SUITE:carla
=logfile       meeting_suite.carla.37.html
=started       2021-03-09 16:12:17
=ended         2021-03-09 16:12:17
=result        failed: {undef,
                           [{meeting_SUITE,carla,
                                [[{watchdog,<0.170.0>},
                                  {tc_logfile,
                                      "/home/pbove/git/erlang-for-great-good/chapter28/ct/demo/ct_run.nonode@nohost.2021-03-09_16.12.16/ct.demo.meeting_SUITE.logs/run.2021-03-09_16.12.17/meeting_suite.carla.37.html"},
                                  {tc_group_properties,
                                      [{name,clients},parallel,{repeat,10}]},
                                  {tc_group_path,
                                      [[{name,session}],
                                       [{suite,meeting_SUITE}]]},
                                  {data_dir,
                                      "/home/pbove/git/erlang-for-great-good/chapter28/ct/demo/meeting_SUITE_data/"},
                                  {priv_dir,
                                      "/home/pbove/git/erlang-for-great-good/chapter28/ct/demo/ct_run.nonode@nohost.2021-03-09_16.12.16/ct.demo.meeting_SUITE.logs/run.2021-03-09_16.12.17/log_private/"}]],
                                []},
                            {test_server,ts_tc,3,
                                [{file,"test_server.erl"},{line,1754}]},
                            {test_server,run_test_case_eval1,6,
                                [{file,"test_server.erl"},{line,1263}]},
                            {test_server,run_test_case_eval,9,
                                [{file,"test_server.erl"},{line,1195}]}]}, [{meeting_SUITE,
                                                                             carla},
                                                                            {test_server,
                                                                             ts_tc,
                                                                             1754},
                                                                            {test_server,
                                                                             run_test_case_eval1,
                                                                             1263},
                                                                            {test_server,
                                                                             run_test_case_eval,
                                                                             1195}]
=== *** FAILED test case 1 ***
=case          meeting_SUITE:mark
=logfile       meeting_suite.mark.69.html
=started       2021-03-09 16:12:17
=ended         2021-03-09 16:12:17
=result        failed: {undef,
                           [{meeting_SUITE,mark,
                                [[{watchdog,<0.173.0>},
                                  {tc_logfile,
                                      "/home/pbove/git/erlang-for-great-good/chapter28/ct/demo/ct_run.nonode@nohost.2021-03-09_16.12.16/ct.demo.meeting_SUITE.logs/run.2021-03-09_16.12.17/meeting_suite.mark.69.html"},
                                  {tc_group_properties,
                                      [{name,clients},parallel,{repeat,10}]},
                                  {tc_group_path,
                                      [[{name,session}],
                                       [{suite,meeting_SUITE}]]},
                                  {data_dir,
                                      "/home/pbove/git/erlang-for-great-good/chapter28/ct/demo/meeting_SUITE_data/"},
                                  {priv_dir,
                                      "/home/pbove/git/erlang-for-great-good/chapter28/ct/demo/ct_run.nonode@nohost.2021-03-09_16.12.16/ct.demo.meeting_SUITE.logs/run.2021-03-09_16.12.17/log_private/"}]],
                                []},
                            {test_server,ts_tc,3,
                                [{file,"test_server.erl"},{line,1754}]},
                            {test_server,run_test_case_eval1,6,
                                [{file,"test_server.erl"},{line,1263}]},
                            {test_server,run_test_case_eval,9,
                                [{file,"test_server.erl"},{line,1195}]}]}, [{meeting_SUITE,
                                                                             mark},
                                                                            {test_server,
                                                                             ts_tc,
                                                                             1754},
                                                                            {test_server,
                                                                             run_test_case_eval1,
                                                                             1263},
                                                                            {test_server,
                                                                             run_test_case_eval,
                                                                             1195}]
=== *** FAILED test case 2 ***
=case          meeting_SUITE:dog
=logfile       meeting_suite.dog.101.html
=started       2021-03-09 16:12:17
=ended         2021-03-09 16:12:17
=result        failed: {undef,
                           [{meeting_SUITE,dog,
                                [[{watchdog,<0.172.0>},
                                  {tc_logfile,
                                      "/home/pbove/git/erlang-for-great-good/chapter28/ct/demo/ct_run.nonode@nohost.2021-03-09_16.12.16/ct.demo.meeting_SUITE.logs/run.2021-03-09_16.12.17/meeting_suite.dog.101.html"},
                                  {tc_group_properties,
                                      [{name,clients},parallel,{repeat,10}]},
                                  {tc_group_path,
                                      [[{name,session}],
                                       [{suite,meeting_SUITE}]]},
                                  {data_dir,
                                      "/home/pbove/git/erlang-for-great-good/chapter28/ct/demo/meeting_SUITE_data/"},
                                  {priv_dir,
                                      "/home/pbove/git/erlang-for-great-good/chapter28/ct/demo/ct_run.nonode@nohost.2021-03-09_16.12.16/ct.demo.meeting_SUITE.logs/run.2021-03-09_16.12.17/log_private/"}]],
                                []},
                            {test_server,ts_tc,3,
                                [{file,"test_server.erl"},{line,1754}]},
                            {test_server,run_test_case_eval1,6,
                                [{file,"test_server.erl"},{line,1263}]},
                            {test_server,run_test_case_eval,9,
                                [{file,"test_server.erl"},{line,1195}]}]}, [{meeting_SUITE,
                                                                             dog},
                                                                            {test_server,
                                                                             ts_tc,
                                                                             1754},
                                                                            {test_server,
                                                                             run_test_case_eval1,
                                                                             1263},
                                                                            {test_server,
                                                                             run_test_case_eval,
                                                                             1195}]
=== *** FAILED test case 3 ***
=case          meeting_SUITE:end_per_group
=logfile       meeting_suite.end_per_group.html
=group_props   [{name,clients},parallel,{repeat,10}]
=started       2021-03-09 16:12:17
=ended         2021-03-09 16:12:17
=result        ok
=elapsed       1.0e-6
=group_time    0.061s
=case          meeting_SUITE:init_per_group
=logfile       meeting_suite.init_per_group.133.html
=group_props   [{repeat,9},{name,clients},parallel]
=started       2021-03-09 16:12:17
=ended         2021-03-09 16:12:17
=result        ok
=elapsed       1.0e-6
=case          meeting_SUITE:carla
=logfile       meeting_suite.carla.4.html
=started       2021-03-09 16:12:17
=ended         2021-03-09 16:12:17
=result        failed: {undef,
                           [{meeting_SUITE,carla,
                                [[{watchdog,<0.192.0>},
                                  {tc_logfile,
                                      "/home/pbove/git/erlang-for-great-good/chapter28/ct/demo/ct_run.nonode@nohost.2021-03-09_16.12.16/ct.demo.meeting_SUITE.logs/run.2021-03-09_16.12.17/meeting_suite.carla.4.html"},
                                  {tc_group_properties,
                                      [{repeat,9},{name,clients},parallel]},
                                  {tc_group_path,
                                      [[{name,session}],
                                       [{suite,meeting_SUITE}]]},
                                  {data_dir,
                                      "/home/pbove/git/erlang-for-great-good/chapter28/ct/demo/meeting_SUITE_data/"},
                                  {priv_dir,
                                      "/home/pbove/git/erlang-for-great-good/chapter28/ct/demo/ct_run.nonode@nohost.2021-03-09_16.12.16/ct.demo.meeting_SUITE.logs/run.2021-03-09_16.12.17/log_private/"}]],
                                []},
                            {test_server,ts_tc,3,
                                [{file,"test_server.erl"},{line,1754}]},
                            {test_server,run_test_case_eval1,6,
                                [{file,"test_server.erl"},{line,1263}]},
                            {test_server,run_test_case_eval,9,
                                [{file,"test_server.erl"},{line,1195}]}]}, [{meeting_SUITE,
                                                                             carla},
                                                                            {test_server,
                                                                             ts_tc,
                                                                             1754},
                                                                            {test_server,
                                                                             run_test_case_eval1,
                                                                             1263},
                                                                            {test_server,
                                                                             run_test_case_eval,
                                                                             1195}]
=== *** FAILED test case 4 ***
=case          meeting_SUITE:mark
=logfile       meeting_suite.mark.165.html
=started       2021-03-09 16:12:17
=ended         2021-03-09 16:12:17
=result        failed: {undef,
                           [{meeting_SUITE,mark,
                                [[{watchdog,<0.195.0>},
                                  {tc_logfile,
                                      "/home/pbove/git/erlang-for-great-good/chapter28/ct/demo/ct_run.nonode@nohost.2021-03-09_16.12.16/ct.demo.meeting_SUITE.logs/run.2021-03-09_16.12.17/meeting_suite.mark.165.html"},
                                  {tc_group_properties,
                                      [{repeat,9},{name,clients},parallel]},
                                  {tc_group_path,
                                      [[{name,session}],
                                       [{suite,meeting_SUITE}]]},
                                  {data_dir,
                                      "/home/pbove/git/erlang-for-great-good/chapter28/ct/demo/meeting_SUITE_data/"},
                                  {priv_dir,
                                      "/home/pbove/git/erlang-for-great-good/chapter28/ct/demo/ct_run.nonode@nohost.2021-03-09_16.12.16/ct.demo.meeting_SUITE.logs/run.2021-03-09_16.12.17/log_private/"}]],
                                []},
                            {test_server,ts_tc,3,
                                [{file,"test_server.erl"},{line,1754}]},
                            {test_server,run_test_case_eval1,6,
                                [{file,"test_server.erl"},{line,1263}]},
                            {test_server,run_test_case_eval,9,
                                [{file,"test_server.erl"},{line,1195}]}]}, [{meeting_SUITE,
                                                                             mark},
                                                                            {test_server,
                                                                             ts_tc,
                                                                             1754},
                                                                            {test_server,
                                                                             run_test_case_eval1,
                                                                             1263},
                                                                            {test_server,
                                                                             run_test_case_eval,
                                                                             1195}]
=== *** FAILED test case 5 ***
=case          meeting_SUITE:dog
=logfile       meeting_suite.dog.36.html
=started       2021-03-09 16:12:17
=ended         2021-03-09 16:12:17
=result        failed: {undef,
                           [{meeting_SUITE,dog,
                                [[{watchdog,<0.194.0>},
                                  {tc_logfile,
                                      "/home/pbove/git/erlang-for-great-good/chapter28/ct/demo/ct_run.nonode@nohost.2021-03-09_16.12.16/ct.demo.meeting_SUITE.logs/run.2021-03-09_16.12.17/meeting_suite.dog.36.html"},
                                  {tc_group_properties,
                                      [{repeat,9},{name,clients},parallel]},
                                  {tc_group_path,
                                      [[{name,session}],
                                       [{suite,meeting_SUITE}]]},
                                  {data_dir,
                                      "/home/pbove/git/erlang-for-great-good/chapter28/ct/demo/meeting_SUITE_data/"},
                                  {priv_dir,
                                      "/home/pbove/git/erlang-for-great-good/chapter28/ct/demo/ct_run.nonode@nohost.2021-03-09_16.12.16/ct.demo.meeting_SUITE.logs/run.2021-03-09_16.12.17/log_private/"}]],
                                []},
                            {test_server,ts_tc,3,
                                [{file,"test_server.erl"},{line,1754}]},
                            {test_server,run_test_case_eval1,6,
                                [{file,"test_server.erl"},{line,1263}]},
                            {test_server,run_test_case_eval,9,
                                [{file,"test_server.erl"},{line,1195}]}]}, [{meeting_SUITE,
                                                                             dog},
                                                                            {test_server,
                                                                             ts_tc,
                                                                             1754},
                                                                            {test_server,
                                                                             run_test_case_eval1,
                                                                             1263},
                                                                            {test_server,
                                                                             run_test_case_eval,
                                                                             1195}]
=== *** FAILED test case 6 ***
=case          meeting_SUITE:end_per_group
=logfile       meeting_suite.end_per_group.68.html
=group_props   [{repeat,9},{name,clients},parallel]
=started       2021-03-09 16:12:17
=ended         2021-03-09 16:12:17
=result        ok
=elapsed       0.0
=group_time    0.057s
=case          meeting_SUITE:init_per_group
=logfile       meeting_suite.init_per_group.100.html
=group_props   [{repeat,8},{name,clients},parallel]
=started       2021-03-09 16:12:17
=ended         2021-03-09 16:12:17
=result        ok
=elapsed       0.0
=case          meeting_SUITE:carla
=logfile       meeting_suite.carla.132.html
=started       2021-03-09 16:12:17
=ended         2021-03-09 16:12:17
=result        failed: {undef,
                           [{meeting_SUITE,carla,
                                [[{watchdog,<0.215.0>},
                                  {tc_logfile,
                                      "/home/pbove/git/erlang-for-great-good/chapter28/ct/demo/ct_run.nonode@nohost.2021-03-09_16.12.16/ct.demo.meeting_SUITE.logs/run.2021-03-09_16.12.17/meeting_suite.carla.132.html"},
                                  {tc_group_properties,
                                      [{repeat,8},{name,clients},parallel]},
                                  {tc_group_path,
                                      [[{name,session}],
                                       [{suite,meeting_SUITE}]]},
                                  {data_dir,
                                      "/home/pbove/git/erlang-for-great-good/chapter28/ct/demo/meeting_SUITE_data/"},
                                  {priv_dir,
                                      "/home/pbove/git/erlang-for-great-good/chapter28/ct/demo/ct_run.nonode@nohost.2021-03-09_16.12.16/ct.demo.meeting_SUITE.logs/run.2021-03-09_16.12.17/log_private/"}]],
                                []},
                            {test_server,ts_tc,3,
                                [{file,"test_server.erl"},{line,1754}]},
                            {test_server,run_test_case_eval1,6,
                                [{file,"test_server.erl"},{line,1263}]},
                            {test_server,run_test_case_eval,9,
                                [{file,"test_server.erl"},{line,1195}]}]}, [{meeting_SUITE,
                                                                             carla},
                                                                            {test_server,
                                                                             ts_tc,
                                                                             1754},
                                                                            {test_server,
                                                                             run_test_case_eval1,
                                                                             1263},
                                                                            {test_server,
                                                                             run_test_case_eval,
                                                                             1195}]
=== *** FAILED test case 7 ***
=case          meeting_SUITE:mark
=logfile       meeting_suite.mark.196.html
=started       2021-03-09 16:12:17
=ended         2021-03-09 16:12:17
=result        failed: {undef,
                           [{meeting_SUITE,mark,
                                [[{watchdog,<0.214.0>},
                                  {tc_logfile,
                                      "/home/pbove/git/erlang-for-great-good/chapter28/ct/demo/ct_run.nonode@nohost.2021-03-09_16.12.16/ct.demo.meeting_SUITE.logs/run.2021-03-09_16.12.17/meeting_suite.mark.196.html"},
                                  {tc_group_properties,
                                      [{repeat,8},{name,clients},parallel]},
                                  {tc_group_path,
                                      [[{name,session}],
                                       [{suite,meeting_SUITE}]]},
                                  {data_dir,
                                      "/home/pbove/git/erlang-for-great-good/chapter28/ct/demo/meeting_SUITE_data/"},
                                  {priv_dir,
                                      "/home/pbove/git/erlang-for-great-good/chapter28/ct/demo/ct_run.nonode@nohost.2021-03-09_16.12.16/ct.demo.meeting_SUITE.logs/run.2021-03-09_16.12.17/log_private/"}]],
                                []},
                            {test_server,ts_tc,3,
                                [{file,"test_server.erl"},{line,1754}]},
                            {test_server,run_test_case_eval1,6,
                                [{file,"test_server.erl"},{line,1263}]},
                            {test_server,run_test_case_eval,9,
                                [{file,"test_server.erl"},{line,1195}]}]}, [{meeting_SUITE,
                                                                             mark},
                                                                            {test_server,
                                                                             ts_tc,
                                                                             1754},
                                                                            {test_server,
                                                                             run_test_case_eval1,
                                                                             1263},
                                                                            {test_server,
                                                                             run_test_case_eval,
                                                                             1195}]
=== *** FAILED test case 8 ***
=case          meeting_SUITE:dog
=logfile       meeting_suite.dog.164.html
=started       2021-03-09 16:12:17
=ended         2021-03-09 16:12:17
=result        failed: {undef,
                           [{meeting_SUITE,dog,
                                [[{watchdog,<0.217.0>},
                                  {tc_logfile,
                                      "/home/pbove/git/erlang-for-great-good/chapter28/ct/demo/ct_run.nonode@nohost.2021-03-09_16.12.16/ct.demo.meeting_SUITE.logs/run.2021-03-09_16.12.17/meeting_suite.dog.164.html"},
                                  {tc_group_properties,
                                      [{repeat,8},{name,clients},parallel]},
                                  {tc_group_path,
                                      [[{name,session}],
                                       [{suite,meeting_SUITE}]]},
                                  {data_dir,
                                      "/home/pbove/git/erlang-for-great-good/chapter28/ct/demo/meeting_SUITE_data/"},
                                  {priv_dir,
                                      "/home/pbove/git/erlang-for-great-good/chapter28/ct/demo/ct_run.nonode@nohost.2021-03-09_16.12.16/ct.demo.meeting_SUITE.logs/run.2021-03-09_16.12.17/log_private/"}]],
                                []},
                            {test_server,ts_tc,3,
                                [{file,"test_server.erl"},{line,1754}]},
                            {test_server,run_test_case_eval1,6,
                                [{file,"test_server.erl"},{line,1263}]},
                            {test_server,run_test_case_eval,9,
                                [{file,"test_server.erl"},{line,1195}]}]}, [{meeting_SUITE,
                                                                             dog},
                                                                            {test_server,
                                                                             ts_tc,
                                                                             1754},
                                                                            {test_server,
                                                                             run_test_case_eval1,
                                                                             1263},
                                                                            {test_server,
                                                                             run_test_case_eval,
                                                                             1195}]
=== *** FAILED test case 9 ***
=case          meeting_SUITE:end_per_group
=logfile       meeting_suite.end_per_group.228.html
=group_props   [{repeat,8},{name,clients},parallel]
=started       2021-03-09 16:12:17
=ended         2021-03-09 16:12:17
=result        ok
=elapsed       0.0
=group_time    0.063s
=case          meeting_SUITE:init_per_group
=logfile       meeting_suite.init_per_group.260.html
=group_props   [{repeat,7},{name,clients},parallel]
=started       2021-03-09 16:12:17
=ended         2021-03-09 16:12:17
=result        ok
=elapsed       1.0e-6
=case          meeting_SUITE:carla
=logfile       meeting_suite.carla.292.html
=started       2021-03-09 16:12:17
=ended         2021-03-09 16:12:17
=result        failed: {undef,
                           [{meeting_SUITE,carla,
                                [[{watchdog,<0.237.0>},
                                  {tc_logfile,
                                      "/home/pbove/git/erlang-for-great-good/chapter28/ct/demo/ct_run.nonode@nohost.2021-03-09_16.12.16/ct.demo.meeting_SUITE.logs/run.2021-03-09_16.12.17/meeting_suite.carla.292.html"},
                                  {tc_group_properties,
                                      [{repeat,7},{name,clients},parallel]},
                                  {tc_group_path,
                                      [[{name,session}],
                                       [{suite,meeting_SUITE}]]},
                                  {data_dir,
                                      "/home/pbove/git/erlang-for-great-good/chapter28/ct/demo/meeting_SUITE_data/"},
                                  {priv_dir,
                                      "/home/pbove/git/erlang-for-great-good/chapter28/ct/demo/ct_run.nonode@nohost.2021-03-09_16.12.16/ct.demo.meeting_SUITE.logs/run.2021-03-09_16.12.17/log_private/"}]],
                                []},
                            {test_server,ts_tc,3,
                                [{file,"test_server.erl"},{line,1754}]},
                            {test_server,run_test_case_eval1,6,
                                [{file,"test_server.erl"},{line,1263}]},
                            {test_server,run_test_case_eval,9,
                                [{file,"test_server.erl"},{line,1195}]}]}, [{meeting_SUITE,
                                                                             carla},
                                                                            {test_server,
                                                                             ts_tc,
                                                                             1754},
                                                                            {test_server,
                                                                             run_test_case_eval1,
                                                                             1263},
                                                                            {test_server,
                                                                             run_test_case_eval,
                                                                             1195}]
=== *** FAILED test case 10 ***
=case          meeting_SUITE:mark
=logfile       meeting_suite.mark.197.html
=started       2021-03-09 16:12:17
=ended         2021-03-09 16:12:17
=result        failed: {undef,
                           [{meeting_SUITE,mark,
                                [[{watchdog,<0.236.0>},
                                  {tc_logfile,
                                      "/home/pbove/git/erlang-for-great-good/chapter28/ct/demo/ct_run.nonode@nohost.2021-03-09_16.12.16/ct.demo.meeting_SUITE.logs/run.2021-03-09_16.12.17/meeting_suite.mark.197.html"},
                                  {tc_group_properties,
                                      [{repeat,7},{name,clients},parallel]},
                                  {tc_group_path,
                                      [[{name,session}],
                                       [{suite,meeting_SUITE}]]},
                                  {data_dir,
                                      "/home/pbove/git/erlang-for-great-good/chapter28/ct/demo/meeting_SUITE_data/"},
                                  {priv_dir,
                                      "/home/pbove/git/erlang-for-great-good/chapter28/ct/demo/ct_run.nonode@nohost.2021-03-09_16.12.16/ct.demo.meeting_SUITE.logs/run.2021-03-09_16.12.17/log_private/"}]],
                                []},
                            {test_server,ts_tc,3,
                                [{file,"test_server.erl"},{line,1754}]},
                            {test_server,run_test_case_eval1,6,
                                [{file,"test_server.erl"},{line,1263}]},
                            {test_server,run_test_case_eval,9,
                                [{file,"test_server.erl"},{line,1195}]}]}, [{meeting_SUITE,
                                                                             mark},
                                                                            {test_server,
                                                                             ts_tc,
                                                                             1754},
                                                                            {test_server,
                                                                             run_test_case_eval1,
                                                                             1263},
                                                                            {test_server,
                                                                             run_test_case_eval,
                                                                             1195}]
=== *** FAILED test case 11 ***
=case          meeting_SUITE:dog
=logfile       meeting_suite.dog.229.html
=started       2021-03-09 16:12:17
=ended         2021-03-09 16:12:17
=result        failed: {undef,
                           [{meeting_SUITE,dog,
                                [[{watchdog,<0.239.0>},
                                  {tc_logfile,
                                      "/home/pbove/git/erlang-for-great-good/chapter28/ct/demo/ct_run.nonode@nohost.2021-03-09_16.12.16/ct.demo.meeting_SUITE.logs/run.2021-03-09_16.12.17/meeting_suite.dog.229.html"},
                                  {tc_group_properties,
                                      [{repeat,7},{name,clients},parallel]},
                                  {tc_group_path,
                                      [[{name,session}],
                                       [{suite,meeting_SUITE}]]},
                                  {data_dir,
                                      "/home/pbove/git/erlang-for-great-good/chapter28/ct/demo/meeting_SUITE_data/"},
                                  {priv_dir,
                                      "/home/pbove/git/erlang-for-great-good/chapter28/ct/demo/ct_run.nonode@nohost.2021-03-09_16.12.16/ct.demo.meeting_SUITE.logs/run.2021-03-09_16.12.17/log_private/"}]],
                                []},
                            {test_server,ts_tc,3,
                                [{file,"test_server.erl"},{line,1754}]},
                            {test_server,run_test_case_eval1,6,
                                [{file,"test_server.erl"},{line,1263}]},
                            {test_server,run_test_case_eval,9,
                                [{file,"test_server.erl"},{line,1195}]}]}, [{meeting_SUITE,
                                                                             dog},
                                                                            {test_server,
                                                                             ts_tc,
                                                                             1754},
                                                                            {test_server,
                                                                             run_test_case_eval1,
                                                                             1263},
                                                                            {test_server,
                                                                             run_test_case_eval,
                                                                             1195}]
=== *** FAILED test case 12 ***
=case          meeting_SUITE:end_per_group
=logfile       meeting_suite.end_per_group.3.html
=group_props   [{repeat,7},{name,clients},parallel]
=started       2021-03-09 16:12:17
=ended         2021-03-09 16:12:17
=result        ok
=elapsed       0.0
=group_time    0.068s
=case          meeting_SUITE:init_per_group
=logfile       meeting_suite.init_per_group.35.html
=group_props   [{repeat,6},{name,clients},parallel]
=started       2021-03-09 16:12:17
=ended         2021-03-09 16:12:17
=result        ok
=elapsed       1.0e-6
=case          meeting_SUITE:carla
=logfile       meeting_suite.carla.67.html
=started       2021-03-09 16:12:17
=ended         2021-03-09 16:12:17
=result        failed: {undef,
                           [{meeting_SUITE,carla,
                                [[{watchdog,<0.259.0>},
                                  {tc_logfile,
                                      "/home/pbove/git/erlang-for-great-good/chapter28/ct/demo/ct_run.nonode@nohost.2021-03-09_16.12.16/ct.demo.meeting_SUITE.logs/run.2021-03-09_16.12.17/meeting_suite.carla.67.html"},
                                  {tc_group_properties,
                                      [{repeat,6},{name,clients},parallel]},
                                  {tc_group_path,
                                      [[{name,session}],
                                       [{suite,meeting_SUITE}]]},
                                  {data_dir,
                                      "/home/pbove/git/erlang-for-great-good/chapter28/ct/demo/meeting_SUITE_data/"},
                                  {priv_dir,
                                      "/home/pbove/git/erlang-for-great-good/chapter28/ct/demo/ct_run.nonode@nohost.2021-03-09_16.12.16/ct.demo.meeting_SUITE.logs/run.2021-03-09_16.12.17/log_private/"}]],
                                []},
                            {test_server,ts_tc,3,
                                [{file,"test_server.erl"},{line,1754}]},
                            {test_server,run_test_case_eval1,6,
                                [{file,"test_server.erl"},{line,1263}]},
                            {test_server,run_test_case_eval,9,
                                [{file,"test_server.erl"},{line,1195}]}]}, [{meeting_SUITE,
                                                                             carla},
                                                                            {test_server,
                                                                             ts_tc,
                                                                             1754},
                                                                            {test_server,
                                                                             run_test_case_eval1,
                                                                             1263},
                                                                            {test_server,
                                                                             run_test_case_eval,
                                                                             1195}]
=== *** FAILED test case 13 ***
=case          meeting_SUITE:mark
=logfile       meeting_suite.mark.99.html
=started       2021-03-09 16:12:17
=ended         2021-03-09 16:12:17
=result        failed: {undef,
                           [{meeting_SUITE,mark,
                                [[{watchdog,<0.261.0>},
                                  {tc_logfile,
                                      "/home/pbove/git/erlang-for-great-good/chapter28/ct/demo/ct_run.nonode@nohost.2021-03-09_16.12.16/ct.demo.meeting_SUITE.logs/run.2021-03-09_16.12.17/meeting_suite.mark.99.html"},
                                  {tc_group_properties,
                                      [{repeat,6},{name,clients},parallel]},
                                  {tc_group_path,
                                      [[{name,session}],
                                       [{suite,meeting_SUITE}]]},
                                  {data_dir,
                                      "/home/pbove/git/erlang-for-great-good/chapter28/ct/demo/meeting_SUITE_data/"},
                                  {priv_dir,
                                      "/home/pbove/git/erlang-for-great-good/chapter28/ct/demo/ct_run.nonode@nohost.2021-03-09_16.12.16/ct.demo.meeting_SUITE.logs/run.2021-03-09_16.12.17/log_private/"}]],
                                []},
                            {test_server,ts_tc,3,
                                [{file,"test_server.erl"},{line,1754}]},
                            {test_server,run_test_case_eval1,6,
                                [{file,"test_server.erl"},{line,1263}]},
                            {test_server,run_test_case_eval,9,
                                [{file,"test_server.erl"},{line,1195}]}]}, [{meeting_SUITE,
                                                                             mark},
                                                                            {test_server,
                                                                             ts_tc,
                                                                             1754},
                                                                            {test_server,
                                                                             run_test_case_eval1,
                                                                             1263},
                                                                            {test_server,
                                                                             run_test_case_eval,
                                                                             1195}]
=== *** FAILED test case 14 ***
=case          meeting_SUITE:dog
=logfile       meeting_suite.dog.131.html
=started       2021-03-09 16:12:17
=ended         2021-03-09 16:12:17
=result        failed: {undef,
                           [{meeting_SUITE,dog,
                                [[{watchdog,<0.260.0>},
                                  {tc_logfile,
                                      "/home/pbove/git/erlang-for-great-good/chapter28/ct/demo/ct_run.nonode@nohost.2021-03-09_16.12.16/ct.demo.meeting_SUITE.logs/run.2021-03-09_16.12.17/meeting_suite.dog.131.html"},
                                  {tc_group_properties,
                                      [{repeat,6},{name,clients},parallel]},
                                  {tc_group_path,
                                      [[{name,session}],
                                       [{suite,meeting_SUITE}]]},
                                  {data_dir,
                                      "/home/pbove/git/erlang-for-great-good/chapter28/ct/demo/meeting_SUITE_data/"},
                                  {priv_dir,
                                      "/home/pbove/git/erlang-for-great-good/chapter28/ct/demo/ct_run.nonode@nohost.2021-03-09_16.12.16/ct.demo.meeting_SUITE.logs/run.2021-03-09_16.12.17/log_private/"}]],
                                []},
                            {test_server,ts_tc,3,
                                [{file,"test_server.erl"},{line,1754}]},
                            {test_server,run_test_case_eval1,6,
                                [{file,"test_server.erl"},{line,1263}]},
                            {test_server,run_test_case_eval,9,
                                [{file,"test_server.erl"},{line,1195}]}]}, [{meeting_SUITE,
                                                                             dog},
                                                                            {test_server,
                                                                             ts_tc,
                                                                             1754},
                                                                            {test_server,
                                                                             run_test_case_eval1,
                                                                             1263},
                                                                            {test_server,
                                                                             run_test_case_eval,
                                                                             1195}]
=== *** FAILED test case 15 ***
=case          meeting_SUITE:end_per_group
=logfile       meeting_suite.end_per_group.163.html
=group_props   [{repeat,6},{name,clients},parallel]
=started       2021-03-09 16:12:17
=ended         2021-03-09 16:12:17
=result        ok
=elapsed       0.0
=group_time    0.061s
=case          meeting_SUITE:init_per_group
=logfile       meeting_suite.init_per_group.195.html
=group_props   [{repeat,5},{name,clients},parallel]
=started       2021-03-09 16:12:17
=ended         2021-03-09 16:12:17
=result        ok
=elapsed       1.0e-6
=case          meeting_SUITE:carla
=logfile       meeting_suite.carla.227.html
=started       2021-03-09 16:12:17
=ended         2021-03-09 16:12:17
=result        failed: {undef,
                           [{meeting_SUITE,carla,
                                [[{watchdog,<0.283.0>},
                                  {tc_logfile,
                                      "/home/pbove/git/erlang-for-great-good/chapter28/ct/demo/ct_run.nonode@nohost.2021-03-09_16.12.16/ct.demo.meeting_SUITE.logs/run.2021-03-09_16.12.17/meeting_suite.carla.227.html"},
                                  {tc_group_properties,
                                      [{repeat,5},{name,clients},parallel]},
                                  {tc_group_path,
                                      [[{name,session}],
                                       [{suite,meeting_SUITE}]]},
                                  {data_dir,
                                      "/home/pbove/git/erlang-for-great-good/chapter28/ct/demo/meeting_SUITE_data/"},
                                  {priv_dir,
                                      "/home/pbove/git/erlang-for-great-good/chapter28/ct/demo/ct_run.nonode@nohost.2021-03-09_16.12.16/ct.demo.meeting_SUITE.logs/run.2021-03-09_16.12.17/log_private/"}]],
                                []},
                            {test_server,ts_tc,3,
                                [{file,"test_server.erl"},{line,1754}]},
                            {test_server,run_test_case_eval1,6,
                                [{file,"test_server.erl"},{line,1263}]},
                            {test_server,run_test_case_eval,9,
                                [{file,"test_server.erl"},{line,1195}]}]}, [{meeting_SUITE,
                                                                             carla},
                                                                            {test_server,
                                                                             ts_tc,
                                                                             1754},
                                                                            {test_server,
                                                                             run_test_case_eval1,
                                                                             1263},
                                                                            {test_server,
                                                                             run_test_case_eval,
                                                                             1195}]
=== *** FAILED test case 16 ***
=case          meeting_SUITE:mark
=logfile       meeting_suite.mark.259.html
=started       2021-03-09 16:12:17
=ended         2021-03-09 16:12:17
=result        failed: {undef,
                           [{meeting_SUITE,mark,
                                [[{watchdog,<0.281.0>},
                                  {tc_logfile,
                                      "/home/pbove/git/erlang-for-great-good/chapter28/ct/demo/ct_run.nonode@nohost.2021-03-09_16.12.16/ct.demo.meeting_SUITE.logs/run.2021-03-09_16.12.17/meeting_suite.mark.259.html"},
                                  {tc_group_properties,
                                      [{repeat,5},{name,clients},parallel]},
                                  {tc_group_path,
                                      [[{name,session}],
                                       [{suite,meeting_SUITE}]]},
                                  {data_dir,
                                      "/home/pbove/git/erlang-for-great-good/chapter28/ct/demo/meeting_SUITE_data/"},
                                  {priv_dir,
                                      "/home/pbove/git/erlang-for-great-good/chapter28/ct/demo/ct_run.nonode@nohost.2021-03-09_16.12.16/ct.demo.meeting_SUITE.logs/run.2021-03-09_16.12.17/log_private/"}]],
                                []},
                            {test_server,ts_tc,3,
                                [{file,"test_server.erl"},{line,1754}]},
                            {test_server,run_test_case_eval1,6,
                                [{file,"test_server.erl"},{line,1263}]},
                            {test_server,run_test_case_eval,9,
                                [{file,"test_server.erl"},{line,1195}]}]}, [{meeting_SUITE,
                                                                             mark},
                                                                            {test_server,
                                                                             ts_tc,
                                                                             1754},
                                                                            {test_server,
                                                                             run_test_case_eval1,
                                                                             1263},
                                                                            {test_server,
                                                                             run_test_case_eval,
                                                                             1195}]
=== *** FAILED test case 17 ***
=case          meeting_SUITE:dog
=logfile       meeting_suite.dog.291.html
=started       2021-03-09 16:12:17
=ended         2021-03-09 16:12:17
=result        failed: {undef,
                           [{meeting_SUITE,dog,
                                [[{watchdog,<0.282.0>},
                                  {tc_logfile,
                                      "/home/pbove/git/erlang-for-great-good/chapter28/ct/demo/ct_run.nonode@nohost.2021-03-09_16.12.16/ct.demo.meeting_SUITE.logs/run.2021-03-09_16.12.17/meeting_suite.dog.291.html"},
                                  {tc_group_properties,
                                      [{repeat,5},{name,clients},parallel]},
                                  {tc_group_path,
                                      [[{name,session}],
                                       [{suite,meeting_SUITE}]]},
                                  {data_dir,
                                      "/home/pbove/git/erlang-for-great-good/chapter28/ct/demo/meeting_SUITE_data/"},
                                  {priv_dir,
                                      "/home/pbove/git/erlang-for-great-good/chapter28/ct/demo/ct_run.nonode@nohost.2021-03-09_16.12.16/ct.demo.meeting_SUITE.logs/run.2021-03-09_16.12.17/log_private/"}]],
                                []},
                            {test_server,ts_tc,3,
                                [{file,"test_server.erl"},{line,1754}]},
                            {test_server,run_test_case_eval1,6,
                                [{file,"test_server.erl"},{line,1263}]},
                            {test_server,run_test_case_eval,9,
                                [{file,"test_server.erl"},{line,1195}]}]}, [{meeting_SUITE,
                                                                             dog},
                                                                            {test_server,
                                                                             ts_tc,
                                                                             1754},
                                                                            {test_server,
                                                                             run_test_case_eval1,
                                                                             1263},
                                                                            {test_server,
                                                                             run_test_case_eval,
                                                                             1195}]
=== *** FAILED test case 18 ***
=case          meeting_SUITE:end_per_group
=logfile       meeting_suite.end_per_group.323.html
=group_props   [{repeat,5},{name,clients},parallel]
=started       2021-03-09 16:12:17
=ended         2021-03-09 16:12:17
=result        ok
=elapsed       2.0e-6
=group_time    0.063s
=case          meeting_SUITE:init_per_group
=logfile       meeting_suite.init_per_group.355.html
=group_props   [{repeat,4},{name,clients},parallel]
=started       2021-03-09 16:12:17
=ended         2021-03-09 16:12:17
=result        ok
=elapsed       0.0
=case          meeting_SUITE:carla
=logfile       meeting_suite.carla.387.html
=started       2021-03-09 16:12:17
=ended         2021-03-09 16:12:17
=result        failed: {undef,
                           [{meeting_SUITE,carla,
                                [[{watchdog,<0.305.0>},
                                  {tc_logfile,
                                      "/home/pbove/git/erlang-for-great-good/chapter28/ct/demo/ct_run.nonode@nohost.2021-03-09_16.12.16/ct.demo.meeting_SUITE.logs/run.2021-03-09_16.12.17/meeting_suite.carla.387.html"},
                                  {tc_group_properties,
                                      [{repeat,4},{name,clients},parallel]},
                                  {tc_group_path,
                                      [[{name,session}],
                                       [{suite,meeting_SUITE}]]},
                                  {data_dir,
                                      "/home/pbove/git/erlang-for-great-good/chapter28/ct/demo/meeting_SUITE_data/"},
                                  {priv_dir,
                                      "/home/pbove/git/erlang-for-great-good/chapter28/ct/demo/ct_run.nonode@nohost.2021-03-09_16.12.16/ct.demo.meeting_SUITE.logs/run.2021-03-09_16.12.17/log_private/"}]],
                                []},
                            {test_server,ts_tc,3,
                                [{file,"test_server.erl"},{line,1754}]},
                            {test_server,run_test_case_eval1,6,
                                [{file,"test_server.erl"},{line,1263}]},
                            {test_server,run_test_case_eval,9,
                                [{file,"test_server.erl"},{line,1195}]}]}, [{meeting_SUITE,
                                                                             carla},
                                                                            {test_server,
                                                                             ts_tc,
                                                                             1754},
                                                                            {test_server,
                                                                             run_test_case_eval1,
                                                                             1263},
                                                                            {test_server,
                                                                             run_test_case_eval,
                                                                             1195}]
=== *** FAILED test case 19 ***
=case          meeting_SUITE:mark
=logfile       meeting_suite.mark.419.html
=started       2021-03-09 16:12:17
=ended         2021-03-09 16:12:17
=result        failed: {undef,
                           [{meeting_SUITE,mark,
                                [[{watchdog,<0.303.0>},
                                  {tc_logfile,
                                      "/home/pbove/git/erlang-for-great-good/chapter28/ct/demo/ct_run.nonode@nohost.2021-03-09_16.12.16/ct.demo.meeting_SUITE.logs/run.2021-03-09_16.12.17/meeting_suite.mark.419.html"},
                                  {tc_group_properties,
                                      [{repeat,4},{name,clients},parallel]},
                                  {tc_group_path,
                                      [[{name,session}],
                                       [{suite,meeting_SUITE}]]},
                                  {data_dir,
                                      "/home/pbove/git/erlang-for-great-good/chapter28/ct/demo/meeting_SUITE_data/"},
                                  {priv_dir,
                                      "/home/pbove/git/erlang-for-great-good/chapter28/ct/demo/ct_run.nonode@nohost.2021-03-09_16.12.16/ct.demo.meeting_SUITE.logs/run.2021-03-09_16.12.17/log_private/"}]],
                                []},
                            {test_server,ts_tc,3,
                                [{file,"test_server.erl"},{line,1754}]},
                            {test_server,run_test_case_eval1,6,
                                [{file,"test_server.erl"},{line,1263}]},
                            {test_server,run_test_case_eval,9,
                                [{file,"test_server.erl"},{line,1195}]}]}, [{meeting_SUITE,
                                                                             mark},
                                                                            {test_server,
                                                                             ts_tc,
                                                                             1754},
                                                                            {test_server,
                                                                             run_test_case_eval1,
                                                                             1263},
                                                                            {test_server,
                                                                             run_test_case_eval,
                                                                             1195}]
=== *** FAILED test case 20 ***
=case          meeting_SUITE:dog
=logfile       meeting_suite.dog.2.html
=started       2021-03-09 16:12:17
=ended         2021-03-09 16:12:17
=result        failed: {undef,
                           [{meeting_SUITE,dog,
                                [[{watchdog,<0.302.0>},
                                  {tc_logfile,
                                      "/home/pbove/git/erlang-for-great-good/chapter28/ct/demo/ct_run.nonode@nohost.2021-03-09_16.12.16/ct.demo.meeting_SUITE.logs/run.2021-03-09_16.12.17/meeting_suite.dog.2.html"},
                                  {tc_group_properties,
                                      [{repeat,4},{name,clients},parallel]},
                                  {tc_group_path,
                                      [[{name,session}],
                                       [{suite,meeting_SUITE}]]},
                                  {data_dir,
                                      "/home/pbove/git/erlang-for-great-good/chapter28/ct/demo/meeting_SUITE_data/"},
                                  {priv_dir,
                                      "/home/pbove/git/erlang-for-great-good/chapter28/ct/demo/ct_run.nonode@nohost.2021-03-09_16.12.16/ct.demo.meeting_SUITE.logs/run.2021-03-09_16.12.17/log_private/"}]],
                                []},
                            {test_server,ts_tc,3,
                                [{file,"test_server.erl"},{line,1754}]},
                            {test_server,run_test_case_eval1,6,
                                [{file,"test_server.erl"},{line,1263}]},
                            {test_server,run_test_case_eval,9,
                                [{file,"test_server.erl"},{line,1195}]}]}, [{meeting_SUITE,
                                                                             dog},
                                                                            {test_server,
                                                                             ts_tc,
                                                                             1754},
                                                                            {test_server,
                                                                             run_test_case_eval1,
                                                                             1263},
                                                                            {test_server,
                                                                             run_test_case_eval,
                                                                             1195}]
=== *** FAILED test case 21 ***
=case          meeting_SUITE:end_per_group
=logfile       meeting_suite.end_per_group.451.html
=group_props   [{repeat,4},{name,clients},parallel]
=started       2021-03-09 16:12:17
=ended         2021-03-09 16:12:17
=result        ok
=elapsed       0.0
=group_time    0.057s
=case          meeting_SUITE:init_per_group
=logfile       meeting_suite.init_per_group.483.html
=group_props   [{repeat,3},{name,clients},parallel]
=started       2021-03-09 16:12:17
=ended         2021-03-09 16:12:17
=result        ok
=elapsed       1.0e-6
=case          meeting_SUITE:carla
=logfile       meeting_suite.carla.515.html
=started       2021-03-09 16:12:17
=ended         2021-03-09 16:12:17
=result        failed: {undef,
                           [{meeting_SUITE,carla,
                                [[{watchdog,<0.326.0>},
                                  {tc_logfile,
                                      "/home/pbove/git/erlang-for-great-good/chapter28/ct/demo/ct_run.nonode@nohost.2021-03-09_16.12.16/ct.demo.meeting_SUITE.logs/run.2021-03-09_16.12.17/meeting_suite.carla.515.html"},
                                  {tc_group_properties,
                                      [{repeat,3},{name,clients},parallel]},
                                  {tc_group_path,
                                      [[{name,session}],
                                       [{suite,meeting_SUITE}]]},
                                  {data_dir,
                                      "/home/pbove/git/erlang-for-great-good/chapter28/ct/demo/meeting_SUITE_data/"},
                                  {priv_dir,
                                      "/home/pbove/git/erlang-for-great-good/chapter28/ct/demo/ct_run.nonode@nohost.2021-03-09_16.12.16/ct.demo.meeting_SUITE.logs/run.2021-03-09_16.12.17/log_private/"}]],
                                []},
                            {test_server,ts_tc,3,
                                [{file,"test_server.erl"},{line,1754}]},
                            {test_server,run_test_case_eval1,6,
                                [{file,"test_server.erl"},{line,1263}]},
                            {test_server,run_test_case_eval,9,
                                [{file,"test_server.erl"},{line,1195}]}]}, [{meeting_SUITE,
                                                                             carla},
                                                                            {test_server,
                                                                             ts_tc,
                                                                             1754},
                                                                            {test_server,
                                                                             run_test_case_eval1,
                                                                             1263},
                                                                            {test_server,
                                                                             run_test_case_eval,
                                                                             1195}]
=== *** FAILED test case 22 ***
=case          meeting_SUITE:mark
=logfile       meeting_suite.mark.34.html
=started       2021-03-09 16:12:17
=ended         2021-03-09 16:12:17
=result        failed: {undef,
                           [{meeting_SUITE,mark,
                                [[{watchdog,<0.325.0>},
                                  {tc_logfile,
                                      "/home/pbove/git/erlang-for-great-good/chapter28/ct/demo/ct_run.nonode@nohost.2021-03-09_16.12.16/ct.demo.meeting_SUITE.logs/run.2021-03-09_16.12.17/meeting_suite.mark.34.html"},
                                  {tc_group_properties,
                                      [{repeat,3},{name,clients},parallel]},
                                  {tc_group_path,
                                      [[{name,session}],
                                       [{suite,meeting_SUITE}]]},
                                  {data_dir,
                                      "/home/pbove/git/erlang-for-great-good/chapter28/ct/demo/meeting_SUITE_data/"},
                                  {priv_dir,
                                      "/home/pbove/git/erlang-for-great-good/chapter28/ct/demo/ct_run.nonode@nohost.2021-03-09_16.12.16/ct.demo.meeting_SUITE.logs/run.2021-03-09_16.12.17/log_private/"}]],
                                []},
                            {test_server,ts_tc,3,
                                [{file,"test_server.erl"},{line,1754}]},
                            {test_server,run_test_case_eval1,6,
                                [{file,"test_server.erl"},{line,1263}]},
                            {test_server,run_test_case_eval,9,
                                [{file,"test_server.erl"},{line,1195}]}]}, [{meeting_SUITE,
                                                                             mark},
                                                                            {test_server,
                                                                             ts_tc,
                                                                             1754},
                                                                            {test_server,
                                                                             run_test_case_eval1,
                                                                             1263},
                                                                            {test_server,
                                                                             run_test_case_eval,
                                                                             1195}]
=== *** FAILED test case 23 ***
=case          meeting_SUITE:dog
=logfile       meeting_suite.dog.547.html
=started       2021-03-09 16:12:17
=ended         2021-03-09 16:12:17
=result        failed: {undef,
                           [{meeting_SUITE,dog,
                                [[{watchdog,<0.327.0>},
                                  {tc_logfile,
                                      "/home/pbove/git/erlang-for-great-good/chapter28/ct/demo/ct_run.nonode@nohost.2021-03-09_16.12.16/ct.demo.meeting_SUITE.logs/run.2021-03-09_16.12.17/meeting_suite.dog.547.html"},
                                  {tc_group_properties,
                                      [{repeat,3},{name,clients},parallel]},
                                  {tc_group_path,
                                      [[{name,session}],
                                       [{suite,meeting_SUITE}]]},
                                  {data_dir,
                                      "/home/pbove/git/erlang-for-great-good/chapter28/ct/demo/meeting_SUITE_data/"},
                                  {priv_dir,
                                      "/home/pbove/git/erlang-for-great-good/chapter28/ct/demo/ct_run.nonode@nohost.2021-03-09_16.12.16/ct.demo.meeting_SUITE.logs/run.2021-03-09_16.12.17/log_private/"}]],
                                []},
                            {test_server,ts_tc,3,
                                [{file,"test_server.erl"},{line,1754}]},
                            {test_server,run_test_case_eval1,6,
                                [{file,"test_server.erl"},{line,1263}]},
                            {test_server,run_test_case_eval,9,
                                [{file,"test_server.erl"},{line,1195}]}]}, [{meeting_SUITE,
                                                                             dog},
                                                                            {test_server,
                                                                             ts_tc,
                                                                             1754},
                                                                            {test_server,
                                                                             run_test_case_eval1,
                                                                             1263},
                                                                            {test_server,
                                                                             run_test_case_eval,
                                                                             1195}]
=== *** FAILED test case 24 ***
=case          meeting_SUITE:end_per_group
=logfile       meeting_suite.end_per_group.579.html
=group_props   [{repeat,3},{name,clients},parallel]
=started       2021-03-09 16:12:17
=ended         2021-03-09 16:12:17
=result        ok
=elapsed       1.0e-6
=group_time    0.063s
=case          meeting_SUITE:init_per_group
=logfile       meeting_suite.init_per_group.611.html
=group_props   [{repeat,2},{name,clients},parallel]
=started       2021-03-09 16:12:17
=ended         2021-03-09 16:12:17
=result        ok
=elapsed       0.0
=case          meeting_SUITE:carla
=logfile       meeting_suite.carla.643.html
=started       2021-03-09 16:12:17
=ended         2021-03-09 16:12:18
=result        failed: {undef,
                           [{meeting_SUITE,carla,
                                [[{watchdog,<0.346.0>},
                                  {tc_logfile,
                                      "/home/pbove/git/erlang-for-great-good/chapter28/ct/demo/ct_run.nonode@nohost.2021-03-09_16.12.16/ct.demo.meeting_SUITE.logs/run.2021-03-09_16.12.17/meeting_suite.carla.643.html"},
                                  {tc_group_properties,
                                      [{repeat,2},{name,clients},parallel]},
                                  {tc_group_path,
                                      [[{name,session}],
                                       [{suite,meeting_SUITE}]]},
                                  {data_dir,
                                      "/home/pbove/git/erlang-for-great-good/chapter28/ct/demo/meeting_SUITE_data/"},
                                  {priv_dir,
                                      "/home/pbove/git/erlang-for-great-good/chapter28/ct/demo/ct_run.nonode@nohost.2021-03-09_16.12.16/ct.demo.meeting_SUITE.logs/run.2021-03-09_16.12.17/log_private/"}]],
                                []},
                            {test_server,ts_tc,3,
                                [{file,"test_server.erl"},{line,1754}]},
                            {test_server,run_test_case_eval1,6,
                                [{file,"test_server.erl"},{line,1263}]},
                            {test_server,run_test_case_eval,9,
                                [{file,"test_server.erl"},{line,1195}]}]}, [{meeting_SUITE,
                                                                             carla},
                                                                            {test_server,
                                                                             ts_tc,
                                                                             1754},
                                                                            {test_server,
                                                                             run_test_case_eval1,
                                                                             1263},
                                                                            {test_server,
                                                                             run_test_case_eval,
                                                                             1195}]
=== *** FAILED test case 25 ***
=case          meeting_SUITE:mark
=logfile       meeting_suite.mark.675.html
=started       2021-03-09 16:12:17
=ended         2021-03-09 16:12:18
=result        failed: {undef,
                           [{meeting_SUITE,mark,
                                [[{watchdog,<0.349.0>},
                                  {tc_logfile,
                                      "/home/pbove/git/erlang-for-great-good/chapter28/ct/demo/ct_run.nonode@nohost.2021-03-09_16.12.16/ct.demo.meeting_SUITE.logs/run.2021-03-09_16.12.17/meeting_suite.mark.675.html"},
                                  {tc_group_properties,
                                      [{repeat,2},{name,clients},parallel]},
                                  {tc_group_path,
                                      [[{name,session}],
                                       [{suite,meeting_SUITE}]]},
                                  {data_dir,
                                      "/home/pbove/git/erlang-for-great-good/chapter28/ct/demo/meeting_SUITE_data/"},
                                  {priv_dir,
                                      "/home/pbove/git/erlang-for-great-good/chapter28/ct/demo/ct_run.nonode@nohost.2021-03-09_16.12.16/ct.demo.meeting_SUITE.logs/run.2021-03-09_16.12.17/log_private/"}]],
                                []},
                            {test_server,ts_tc,3,
                                [{file,"test_server.erl"},{line,1754}]},
                            {test_server,run_test_case_eval1,6,
                                [{file,"test_server.erl"},{line,1263}]},
                            {test_server,run_test_case_eval,9,
                                [{file,"test_server.erl"},{line,1195}]}]}, [{meeting_SUITE,
                                                                             mark},
                                                                            {test_server,
                                                                             ts_tc,
                                                                             1754},
                                                                            {test_server,
                                                                             run_test_case_eval1,
                                                                             1263},
                                                                            {test_server,
                                                                             run_test_case_eval,
                                                                             1195}]
=== *** FAILED test case 26 ***
=case          meeting_SUITE:dog
=logfile       meeting_suite.dog.66.html
=started       2021-03-09 16:12:17
=ended         2021-03-09 16:12:18
=result        failed: {undef,
                           [{meeting_SUITE,dog,
                                [[{watchdog,<0.347.0>},
                                  {tc_logfile,
                                      "/home/pbove/git/erlang-for-great-good/chapter28/ct/demo/ct_run.nonode@nohost.2021-03-09_16.12.16/ct.demo.meeting_SUITE.logs/run.2021-03-09_16.12.17/meeting_suite.dog.66.html"},
                                  {tc_group_properties,
                                      [{repeat,2},{name,clients},parallel]},
                                  {tc_group_path,
                                      [[{name,session}],
                                       [{suite,meeting_SUITE}]]},
                                  {data_dir,
                                      "/home/pbove/git/erlang-for-great-good/chapter28/ct/demo/meeting_SUITE_data/"},
                                  {priv_dir,
                                      "/home/pbove/git/erlang-for-great-good/chapter28/ct/demo/ct_run.nonode@nohost.2021-03-09_16.12.16/ct.demo.meeting_SUITE.logs/run.2021-03-09_16.12.17/log_private/"}]],
                                []},
                            {test_server,ts_tc,3,
                                [{file,"test_server.erl"},{line,1754}]},
                            {test_server,run_test_case_eval1,6,
                                [{file,"test_server.erl"},{line,1263}]},
                            {test_server,run_test_case_eval,9,
                                [{file,"test_server.erl"},{line,1195}]}]}, [{meeting_SUITE,
                                                                             dog},
                                                                            {test_server,
                                                                             ts_tc,
                                                                             1754},
                                                                            {test_server,
                                                                             run_test_case_eval1,
                                                                             1263},
                                                                            {test_server,
                                                                             run_test_case_eval,
                                                                             1195}]
=== *** FAILED test case 27 ***
=case          meeting_SUITE:end_per_group
=logfile       meeting_suite.end_per_group.261.html
=group_props   [{repeat,2},{name,clients},parallel]
=started       2021-03-09 16:12:18
=ended         2021-03-09 16:12:18
=result        ok
=elapsed       0.0
=group_time    0.069s
=case          meeting_SUITE:init_per_group
=logfile       meeting_suite.init_per_group.293.html
=group_props   [{name,clients},parallel]
=started       2021-03-09 16:12:18
=ended         2021-03-09 16:12:18
=result        ok
=elapsed       1.0e-6
=case          meeting_SUITE:carla
=logfile       meeting_suite.carla.325.html
=started       2021-03-09 16:12:18
=ended         2021-03-09 16:12:18
=result        failed: {undef,
                           [{meeting_SUITE,carla,
                                [[{watchdog,<0.367.0>},
                                  {tc_logfile,
                                      "/home/pbove/git/erlang-for-great-good/chapter28/ct/demo/ct_run.nonode@nohost.2021-03-09_16.12.16/ct.demo.meeting_SUITE.logs/run.2021-03-09_16.12.17/meeting_suite.carla.325.html"},
                                  {tc_group_properties,
                                      [{name,clients},parallel]},
                                  {tc_group_path,
                                      [[{name,session}],
                                       [{suite,meeting_SUITE}]]},
                                  {data_dir,
                                      "/home/pbove/git/erlang-for-great-good/chapter28/ct/demo/meeting_SUITE_data/"},
                                  {priv_dir,
                                      "/home/pbove/git/erlang-for-great-good/chapter28/ct/demo/ct_run.nonode@nohost.2021-03-09_16.12.16/ct.demo.meeting_SUITE.logs/run.2021-03-09_16.12.17/log_private/"}]],
                                []},
                            {test_server,ts_tc,3,
                                [{file,"test_server.erl"},{line,1754}]},
                            {test_server,run_test_case_eval1,6,
                                [{file,"test_server.erl"},{line,1263}]},
                            {test_server,run_test_case_eval,9,
                                [{file,"test_server.erl"},{line,1195}]}]}, [{meeting_SUITE,
                                                                             carla},
                                                                            {test_server,
                                                                             ts_tc,
                                                                             1754},
                                                                            {test_server,
                                                                             run_test_case_eval1,
                                                                             1263},
                                                                            {test_server,
                                                                             run_test_case_eval,
                                                                             1195}]
=== *** FAILED test case 28 ***
=case          meeting_SUITE:mark
=logfile       meeting_suite.mark.357.html
=started       2021-03-09 16:12:18
=ended         2021-03-09 16:12:18
=result        failed: {undef,
                           [{meeting_SUITE,mark,
                                [[{watchdog,<0.369.0>},
                                  {tc_logfile,
                                      "/home/pbove/git/erlang-for-great-good/chapter28/ct/demo/ct_run.nonode@nohost.2021-03-09_16.12.16/ct.demo.meeting_SUITE.logs/run.2021-03-09_16.12.17/meeting_suite.mark.357.html"},
                                  {tc_group_properties,
                                      [{name,clients},parallel]},
                                  {tc_group_path,
                                      [[{name,session}],
                                       [{suite,meeting_SUITE}]]},
                                  {data_dir,
                                      "/home/pbove/git/erlang-for-great-good/chapter28/ct/demo/meeting_SUITE_data/"},
                                  {priv_dir,
                                      "/home/pbove/git/erlang-for-great-good/chapter28/ct/demo/ct_run.nonode@nohost.2021-03-09_16.12.16/ct.demo.meeting_SUITE.logs/run.2021-03-09_16.12.17/log_private/"}]],
                                []},
                            {test_server,ts_tc,3,
                                [{file,"test_server.erl"},{line,1754}]},
                            {test_server,run_test_case_eval1,6,
                                [{file,"test_server.erl"},{line,1263}]},
                            {test_server,run_test_case_eval,9,
                                [{file,"test_server.erl"},{line,1195}]}]}, [{meeting_SUITE,
                                                                             mark},
                                                                            {test_server,
                                                                             ts_tc,
                                                                             1754},
                                                                            {test_server,
                                                                             run_test_case_eval1,
                                                                             1263},
                                                                            {test_server,
                                                                             run_test_case_eval,
                                                                             1195}]
=== *** FAILED test case 29 ***
=case          meeting_SUITE:dog
=logfile       meeting_suite.dog.324.html
=started       2021-03-09 16:12:18
=ended         2021-03-09 16:12:18
=result        failed: {undef,
                           [{meeting_SUITE,dog,
                                [[{watchdog,<0.371.0>},
                                  {tc_logfile,
                                      "/home/pbove/git/erlang-for-great-good/chapter28/ct/demo/ct_run.nonode@nohost.2021-03-09_16.12.16/ct.demo.meeting_SUITE.logs/run.2021-03-09_16.12.17/meeting_suite.dog.324.html"},
                                  {tc_group_properties,
                                      [{name,clients},parallel]},
                                  {tc_group_path,
                                      [[{name,session}],
                                       [{suite,meeting_SUITE}]]},
                                  {data_dir,
                                      "/home/pbove/git/erlang-for-great-good/chapter28/ct/demo/meeting_SUITE_data/"},
                                  {priv_dir,
                                      "/home/pbove/git/erlang-for-great-good/chapter28/ct/demo/ct_run.nonode@nohost.2021-03-09_16.12.16/ct.demo.meeting_SUITE.logs/run.2021-03-09_16.12.17/log_private/"}]],
                                []},
                            {test_server,ts_tc,3,
                                [{file,"test_server.erl"},{line,1754}]},
                            {test_server,run_test_case_eval1,6,
                                [{file,"test_server.erl"},{line,1263}]},
                            {test_server,run_test_case_eval,9,
                                [{file,"test_server.erl"},{line,1195}]}]}, [{meeting_SUITE,
                                                                             dog},
                                                                            {test_server,
                                                                             ts_tc,
                                                                             1754},
                                                                            {test_server,
                                                                             run_test_case_eval1,
                                                                             1263},
                                                                            {test_server,
                                                                             run_test_case_eval,
                                                                             1195}]
=== *** FAILED test case 30 ***
=case          meeting_SUITE:end_per_group
=logfile       meeting_suite.end_per_group.356.html
=group_props   [{name,clients},parallel]
=started       2021-03-09 16:12:18
=ended         2021-03-09 16:12:18
=result        ok
=elapsed       2.0e-6
=group_time    0.072s
=case          meeting_SUITE:all_same_owner
=logfile       meeting_suite.all_same_owner.html
=started       2021-03-09 16:12:18
=ended         2021-03-09 16:12:18
=result        failed: {undef,
                           [{meeting_SUITE,all_same_owner,
                                [[{watchdog,<0.377.0>},
                                  {tc_logfile,
                                      "/home/pbove/git/erlang-for-great-good/chapter28/ct/demo/ct_run.nonode@nohost.2021-03-09_16.12.16/ct.demo.meeting_SUITE.logs/run.2021-03-09_16.12.17/meeting_suite.all_same_owner.html"},
                                  {tc_group_properties,[{name,session}]},
                                  {tc_group_path,[[{suite,meeting_SUITE}]]},
                                  {data_dir,
                                      "/home/pbove/git/erlang-for-great-good/chapter28/ct/demo/meeting_SUITE_data/"},
                                  {priv_dir,
                                      "/home/pbove/git/erlang-for-great-good/chapter28/ct/demo/ct_run.nonode@nohost.2021-03-09_16.12.16/ct.demo.meeting_SUITE.logs/run.2021-03-09_16.12.17/log_private/"}]],
                                []},
                            {test_server,ts_tc,3,
                                [{file,"test_server.erl"},{line,1754}]},
                            {test_server,run_test_case_eval1,6,
                                [{file,"test_server.erl"},{line,1263}]},
                            {test_server,run_test_case_eval,9,
                                [{file,"test_server.erl"},{line,1195}]}]}, [{meeting_SUITE,
                                                                             all_same_owner},
                                                                            {test_server,
                                                                             ts_tc,
                                                                             1754},
                                                                            {test_server,
                                                                             run_test_case_eval1,
                                                                             1263},
                                                                            {test_server,
                                                                             run_test_case_eval,
                                                                             1195}]
=== *** FAILED test case 31 ***
=case          meeting_SUITE:end_per_group
=logfile       meeting_suite.end_per_group.707.html
=group_props   [{name,session}]
=started       2021-03-09 16:12:18
=ended         2021-03-09 16:12:18
=result        ok
=elapsed       6.0e-6
=group_time    0.977s
=case          ct_framework:end_per_suite
=logfile       ct_framework.end_per_suite.html
=group_props   [{suite,meeting_SUITE}]
=started       2021-03-09 16:12:18
=ended         2021-03-09 16:12:18
=result        ok
=elapsed       1.0e-6
=group_time    1.033s
=== TEST COMPLETE, 0 ok, 31 failed of 31 test cases

=finished      2021-03-09 16:12:18
=failed        31
=successful    0
=user_skipped  0
=auto_skipped  0
