=== Suite started at 2021-03-10 14:21:01
=== Starting test, 3 test cases
=cases         3
=user          pbove
=host          pbove
=hosts         pbove 
=emulator_vsn  11.1.7
=emulator      beam
=otp_release   23
=started       2021-03-10 14:21:01
=case          mafiapp_SUITE:init_per_suite
=logfile       mafiapp_suite.init_per_suite.html
=started       2021-03-10 14:21:01
=ended         2021-03-10 14:21:01
=result        ok
=elapsed       0.103269
=case          mafiapp_SUITE:add_service
=logfile       mafiapp_suite.add_service.html
=started       2021-03-10 14:21:01
=ended         2021-03-10 14:21:01
=result        ok
=elapsed       2.93e-4
=case          mafiapp_SUITE:friend_by_name
=logfile       mafiapp_suite.friend_by_name.html
=started       2021-03-10 14:21:01
=ended         2021-03-10 14:21:01
=result        ok
=elapsed       3.21e-4
=case          mafiapp_SUITE:friend_with_services
=logfile       mafiapp_suite.friend_with_services.html
=started       2021-03-10 14:21:01
=ended         2021-03-10 14:21:01
=result        ok
=elapsed       3.72e-4
=case          mafiapp_SUITE:end_per_suite
=logfile       mafiapp_suite.end_per_suite.html
=started       2021-03-10 14:21:01
=ended         2021-03-10 14:21:01
=result        ok
=elapsed       0.007649
=group_time    0.211s
=== TEST COMPLETE, 3 ok, 0 failed of 3 test cases

=finished      2021-03-10 14:21:01
=failed        0
=successful    3
=user_skipped  0
=auto_skipped  0
