=== Suite started at 2021-03-10 14:04:42
=== Starting test, 3 test cases
=cases         3
=user          pbove
=host          pbove
=hosts         pbove 
=emulator_vsn  11.1.7
=emulator      beam
=otp_release   23
=started       2021-03-10 14:04:42
=case          mafiapp_SUITE:init_per_suite
=logfile       mafiapp_suite.init_per_suite.html
=started       2021-03-10 14:04:42
=ended         2021-03-10 14:04:42
=result        failed: {undef,
                           [{mafiapp,install,[[ct@pbove]],[]},
                            {mafiapp_SUITE,init_per_suite,1,
                                [{file,"mafiapp_SUITE.erl"},{line,12}]},
                            {test_server,ts_tc,3,
                                [{file,"test_server.erl"},{line,1754}]},
                            {test_server,run_test_case_eval1,6,
                                [{file,"test_server.erl"},{line,1351}]},
                            {test_server,run_test_case_eval,9,
                                [{file,"test_server.erl"},{line,1195}]}]}, [{mafiapp,
                                                                             install},
                                                                            {mafiapp_SUITE,
                                                                             init_per_suite,
                                                                             12},
                                                                            {test_server,
                                                                             ts_tc,
                                                                             1754},
                                                                            {test_server,
                                                                             run_test_case_eval1,
                                                                             1351},
                                                                            {test_server,
                                                                             run_test_case_eval,
                                                                             1195}]
=== *** FAILED {mafiapp_SUITE,init_per_suite} ***
=== 
=case          mafiapp_SUITE:add_service
=started       2021-03-10 14:04:42
=result        auto_skipped: init_per_suite failed
=== *** Skipping test case #1 {mafiapp_SUITE,add_service} ***
=== 
=case          mafiapp_SUITE:friend_by_name
=started       2021-03-10 14:04:42
=result        auto_skipped: init_per_suite failed
=== *** Skipping test case #2 {mafiapp_SUITE,friend_by_name} ***
=== 
=case          mafiapp_SUITE:friend_with_services
=started       2021-03-10 14:04:42
=result        auto_skipped: init_per_suite failed
=== *** Skipping test case #3 {mafiapp_SUITE,friend_with_services} ***
=== 
=case          mafiapp_SUITE:end_per_suite
=started       2021-03-10 14:04:42
=result        auto_skipped: init_per_suite failed
=== *** Skipping {mafiapp_SUITE,end_per_suite} ***
=== TEST COMPLETE, 0 ok, 0 failed, 3 skipped of 3 test cases

=finished      2021-03-10 14:04:42
=failed        0
=successful    0
=user_skipped  0
=auto_skipped  3
