=== Suite started at 2021-03-09 15:52:33
=== Starting test, 0 test cases
=cases         0
=user          pbove
=host          pbove
=hosts         pbove 
=emulator_vsn  11.1.7
=emulator      beam
=otp_release   23
=started       2021-03-09 15:52:33
=case          ct_framework:error_in_suite
=logfile       ct_framework.error_in_suite.html
=started       2021-03-09 15:52:33
=ended         2021-03-09 15:52:33
=result        failed: 'Invalid reference to group session in meeting_SUITE:all/0', unknown_location
=== *** FAILED {ct_framework,error_in_suite} ***
=== TEST COMPLETE, 0 ok, 0 failed of 0 test cases

=finished      2021-03-09 15:52:33
=failed        0
=successful    0
=user_skipped  0
=auto_skipped  0
