=== Suite started at 2021-03-16 15:34:11
=== Starting test, 6 test cases
=cases         6
=user          pbove
=host          pbove
=hosts         pbove 
=emulator_vsn  11.1.8
=emulator      beam
=otp_release   23
=started       2021-03-16 15:34:11
=case          mafiapp_SUITE:init_per_suite
=logfile       mafiapp_suite.init_per_suite.html
=started       2021-03-16 15:34:11
=ended         2021-03-16 15:34:11
=result        ok
=elapsed       0.114128
=case          mafiapp_SUITE:add_service
=logfile       mafiapp_suite.add_service.html
=started       2021-03-16 15:34:11
=ended         2021-03-16 15:34:11
=result        ok
=elapsed       2.87e-4
=case          mafiapp_SUITE:friend_by_name
=logfile       mafiapp_suite.friend_by_name.html
=started       2021-03-16 15:34:11
=ended         2021-03-16 15:34:11
=result        ok
=elapsed       2.55e-4
=case          mafiapp_SUITE:friend_with_services
=logfile       mafiapp_suite.friend_with_services.html
=started       2021-03-16 15:34:11
=ended         2021-03-16 15:34:11
=result        ok
=elapsed       6.55e-4
=case          mafiapp_SUITE:friend_by_expertise
=logfile       mafiapp_suite.friend_by_expertise.html
=started       2021-03-16 15:34:11
=ended         2021-03-16 15:34:11
=result        ok
=elapsed       4.32e-4
=case          mafiapp_SUITE:accounts
=logfile       mafiapp_suite.accounts.html
=started       2021-03-16 15:34:11
=ended         2021-03-16 15:34:11
=result        ok
=elapsed       0.009051
=case          mafiapp_SUITE:enemies
=logfile       mafiapp_suite.enemies.html
=started       2021-03-16 15:34:11
=ended         2021-03-16 15:34:11
=result        ok
=elapsed       3.66e-4
=case          mafiapp_SUITE:end_per_suite
=logfile       mafiapp_suite.end_per_suite.html
=started       2021-03-16 15:34:11
=ended         2021-03-16 15:34:11
=result        ok
=elapsed       0.005215
=group_time    0.317s
=== TEST COMPLETE, 6 ok, 0 failed of 6 test cases

=finished      2021-03-16 15:34:11
=failed        0
=successful    6
=user_skipped  0
=auto_skipped  0
