=== Suite started at 2021-03-10 13:04:41
=== Starting test, 1 test cases
=cases         1
=user          pbove
=host          pbove
=hosts         pbove 
=emulator_vsn  11.1.7
=emulator      beam
=otp_release   23
=started       2021-03-10 13:04:41
=case          mafiapp_SUITE:init_per_suite
=logfile       mafiapp_suite.init_per_suite.html
=started       2021-03-10 13:04:41
=ended         2021-03-10 13:04:41
=result        ok
=elapsed       0.163801
=case          mafiapp_SUITE:add_service
=logfile       mafiapp_suite.add_service.html
=started       2021-03-10 13:04:41
=ended         2021-03-10 13:04:41
=result        ok
=elapsed       4.12e-4
=case          mafiapp_SUITE:end_per_suite
=logfile       mafiapp_suite.end_per_suite.html
=started       2021-03-10 13:04:41
=ended         2021-03-10 13:04:41
=result        ok
=elapsed       0.009341
=group_time    0.225s
=== TEST COMPLETE, 1 ok, 0 failed of 1 test cases

=finished      2021-03-10 13:04:41
=failed        0
=successful    1
=user_skipped  0
=auto_skipped  0
