=== Suite started at 2021-03-10 18:07:40
=== Starting test, 5 test cases
=cases         5
=user          pbove
=host          pbove
=hosts         pbove 
=emulator_vsn  11.1.7
=emulator      beam
=otp_release   23
=started       2021-03-10 18:07:40
=case          mafiapp_SUITE:init_per_suite
=logfile       mafiapp_suite.init_per_suite.html
=started       2021-03-10 18:07:40
=ended         2021-03-10 18:07:40
=result        ok
=elapsed       0.137289
=case          mafiapp_SUITE:add_service
=logfile       mafiapp_suite.add_service.html
=started       2021-03-10 18:07:40
=ended         2021-03-10 18:07:40
=result        ok
=elapsed       2.91e-4
=case          mafiapp_SUITE:friend_by_name
=logfile       mafiapp_suite.friend_by_name.html
=started       2021-03-10 18:07:40
=ended         2021-03-10 18:07:40
=result        ok
=elapsed       2.8e-4
=case          mafiapp_SUITE:friend_with_services
=logfile       mafiapp_suite.friend_with_services.html
=started       2021-03-10 18:07:40
=ended         2021-03-10 18:07:40
=result        ok
=elapsed       7.38e-4
=case          mafiapp_SUITE:friend_by_expertise
=logfile       mafiapp_suite.friend_by_expertise.html
=started       2021-03-10 18:07:40
=ended         2021-03-10 18:07:40
=result        ok
=elapsed       3.48e-4
=case          mafiapp_SUITE:accounts
=logfile       mafiapp_suite.accounts.html
=started       2021-03-10 18:07:40
=ended         2021-03-10 18:07:40
=result        failed: {{badmatch,
                            [{-1,"Wayne Gretzky"},
                             {0,"Gill Bates"},
                             {1,"Pierre Gauthier"}]},
                        [{mafiapp_SUITE,accounts,1,
                             [{file,"mafiapp_SUITE.erl"},{line,45}]},
                         {test_server,ts_tc,3,
                             [{file,"test_server.erl"},{line,1754}]},
                         {test_server,run_test_case_eval1,6,
                             [{file,"test_server.erl"},{line,1263}]},
                         {test_server,run_test_case_eval,9,
                             [{file,"test_server.erl"},{line,1195}]}]}, [{mafiapp_SUITE,
                                                                          accounts,
                                                                          45},
                                                                         {test_server,
                                                                          ts_tc,
                                                                          1754},
                                                                         {test_server,
                                                                          run_test_case_eval1,
                                                                          1263},
                                                                         {test_server,
                                                                          run_test_case_eval,
                                                                          1195}]
=== *** FAILED test case 5 of 5 ***
=case          mafiapp_SUITE:end_per_suite
=logfile       mafiapp_suite.end_per_suite.html
=started       2021-03-10 18:07:40
=ended         2021-03-10 18:07:40
=result        ok
=elapsed       0.009046
=group_time    0.313s
=== TEST COMPLETE, 4 ok, 1 failed of 5 test cases

=finished      2021-03-10 18:07:40
=failed        1
=successful    4
=user_skipped  0
=auto_skipped  0
