=== Suite started at 2021-03-09 16:09:46
=== Starting test (with repeated test cases)
=cases         unknown
=user          pbove
=host          pbove
=hosts         pbove 
=emulator_vsn  11.1.7
=emulator      beam
=otp_release   23
=started       2021-03-09 16:09:46
=case          ct_framework:init_per_suite
=logfile       ct_framework.init_per_suite.html
=group_props   [{suite,meeting_SUITE}]
=started       2021-03-09 16:09:46
=ended         2021-03-09 16:09:46
=result        ok
=elapsed       1.0e-6
=case          meeting_SUITE:init_per_group
=logfile       meeting_suite.init_per_group.html
=group_props   [{name,session}]
=started       2021-03-09 16:09:46
=ended         2021-03-09 16:09:46
=result        ok
=elapsed       3.76e-4
=case          meeting_SUITE:init_per_group
=logfile       meeting_suite.init_per_group.2.html
=group_props   [{name,clients},parallel,{repeat,10}]
=started       2021-03-09 16:09:46
=ended         2021-03-09 16:09:46
=result        ok
=elapsed       1.0e-6
=case          meeting_SUITE:carla
=logfile       meeting_suite.carla.34.html
=started       2021-03-09 16:09:46
=ended         2021-03-09 16:09:46
=result        failed: {undef,
                           [{meeting_SUITE,carla,
                                [[{watchdog,<0.178.0>},
                                  {tc_logfile,
                                      "/home/pbove/git/erlang-for-great-good/chapter28/ct/demo/ct_run.ct@pbove.2021-03-09_16.09.46/ct.demo.meeting_SUITE.logs/run.2021-03-09_16.09.46/meeting_suite.carla.34.html"},
                                  {tc_group_properties,
                                      [{name,clients},parallel,{repeat,10}]},
                                  {tc_group_path,
                                      [[{name,session}],
                                       [{suite,meeting_SUITE}]]},
                                  {data_dir,
                                      "/home/pbove/git/erlang-for-great-good/chapter28/ct/demo/meeting_SUITE_data/"},
                                  {priv_dir,
                                      "/home/pbove/git/erlang-for-great-good/chapter28/ct/demo/ct_run.ct@pbove.2021-03-09_16.09.46/ct.demo.meeting_SUITE.logs/run.2021-03-09_16.09.46/log_private/"}]],
                                []},
                            {test_server,ts_tc,3,
                                [{file,"test_server.erl"},{line,1754}]},
                            {test_server,run_test_case_eval1,6,
                                [{file,"test_server.erl"},{line,1263}]},
                            {test_server,run_test_case_eval,9,
                                [{file,"test_server.erl"},{line,1195}]}]}, [{meeting_SUITE,
                                                                             carla},
                                                                            {test_server,
                                                                             ts_tc,
                                                                             1754},
                                                                            {test_server,
                                                                             run_test_case_eval1,
                                                                             1263},
                                                                            {test_server,
                                                                             run_test_case_eval,
                                                                             1195}]
=== *** FAILED test case 1 ***
=case          meeting_SUITE:mark
=logfile       meeting_suite.mark.66.html
=started       2021-03-09 16:09:46
=ended         2021-03-09 16:09:46
=result        failed: {undef,
                           [{meeting_SUITE,mark,
                                [[{watchdog,<0.176.0>},
                                  {tc_logfile,
                                      "/home/pbove/git/erlang-for-great-good/chapter28/ct/demo/ct_run.ct@pbove.2021-03-09_16.09.46/ct.demo.meeting_SUITE.logs/run.2021-03-09_16.09.46/meeting_suite.mark.66.html"},
                                  {tc_group_properties,
                                      [{name,clients},parallel,{repeat,10}]},
                                  {tc_group_path,
                                      [[{name,session}],
                                       [{suite,meeting_SUITE}]]},
                                  {data_dir,
                                      "/home/pbove/git/erlang-for-great-good/chapter28/ct/demo/meeting_SUITE_data/"},
                                  {priv_dir,
                                      "/home/pbove/git/erlang-for-great-good/chapter28/ct/demo/ct_run.ct@pbove.2021-03-09_16.09.46/ct.demo.meeting_SUITE.logs/run.2021-03-09_16.09.46/log_private/"}]],
                                []},
                            {test_server,ts_tc,3,
                                [{file,"test_server.erl"},{line,1754}]},
                            {test_server,run_test_case_eval1,6,
                                [{file,"test_server.erl"},{line,1263}]},
                            {test_server,run_test_case_eval,9,
                                [{file,"test_server.erl"},{line,1195}]}]}, [{meeting_SUITE,
                                                                             mark},
                                                                            {test_server,
                                                                             ts_tc,
                                                                             1754},
                                                                            {test_server,
                                                                             run_test_case_eval1,
                                                                             1263},
                                                                            {test_server,
                                                                             run_test_case_eval,
                                                                             1195}]
=== *** FAILED test case 2 ***
=case          meeting_SUITE:dog
=logfile       meeting_suite.dog.8.html
=started       2021-03-09 16:09:46
=ended         2021-03-09 16:09:46
=result        failed: {undef,
                           [{meeting_SUITE,dog,
                                [[{watchdog,<0.179.0>},
                                  {tc_logfile,
                                      "/home/pbove/git/erlang-for-great-good/chapter28/ct/demo/ct_run.ct@pbove.2021-03-09_16.09.46/ct.demo.meeting_SUITE.logs/run.2021-03-09_16.09.46/meeting_suite.dog.8.html"},
                                  {tc_group_properties,
                                      [{name,clients},parallel,{repeat,10}]},
                                  {tc_group_path,
                                      [[{name,session}],
                                       [{suite,meeting_SUITE}]]},
                                  {data_dir,
                                      "/home/pbove/git/erlang-for-great-good/chapter28/ct/demo/meeting_SUITE_data/"},
                                  {priv_dir,
                                      "/home/pbove/git/erlang-for-great-good/chapter28/ct/demo/ct_run.ct@pbove.2021-03-09_16.09.46/ct.demo.meeting_SUITE.logs/run.2021-03-09_16.09.46/log_private/"}]],
                                []},
                            {test_server,ts_tc,3,
                                [{file,"test_server.erl"},{line,1754}]},
                            {test_server,run_test_case_eval1,6,
                                [{file,"test_server.erl"},{line,1263}]},
                            {test_server,run_test_case_eval,9,
                                [{file,"test_server.erl"},{line,1195}]}]}, [{meeting_SUITE,
                                                                             dog},
                                                                            {test_server,
                                                                             ts_tc,
                                                                             1754},
                                                                            {test_server,
                                                                             run_test_case_eval1,
                                                                             1263},
                                                                            {test_server,
                                                                             run_test_case_eval,
                                                                             1195}]
=== *** FAILED test case 3 ***
=case          meeting_SUITE:end_per_group
=logfile       meeting_suite.end_per_group.html
=group_props   [{name,clients},parallel,{repeat,10}]
=started       2021-03-09 16:09:46
=ended         2021-03-09 16:09:46
=result        ok
=elapsed       0.0
=group_time    0.066s
=case          meeting_SUITE:init_per_group
=logfile       meeting_suite.init_per_group.40.html
=group_props   [{repeat,9},{name,clients},parallel]
=started       2021-03-09 16:09:46
=ended         2021-03-09 16:09:46
=result        ok
=elapsed       0.0
=case          meeting_SUITE:carla
=logfile       meeting_suite.carla.72.html
=started       2021-03-09 16:09:46
=ended         2021-03-09 16:09:46
=result        failed: {undef,
                           [{meeting_SUITE,carla,
                                [[{watchdog,<0.198.0>},
                                  {tc_logfile,
                                      "/home/pbove/git/erlang-for-great-good/chapter28/ct/demo/ct_run.ct@pbove.2021-03-09_16.09.46/ct.demo.meeting_SUITE.logs/run.2021-03-09_16.09.46/meeting_suite.carla.72.html"},
                                  {tc_group_properties,
                                      [{repeat,9},{name,clients},parallel]},
                                  {tc_group_path,
                                      [[{name,session}],
                                       [{suite,meeting_SUITE}]]},
                                  {data_dir,
                                      "/home/pbove/git/erlang-for-great-good/chapter28/ct/demo/meeting_SUITE_data/"},
                                  {priv_dir,
                                      "/home/pbove/git/erlang-for-great-good/chapter28/ct/demo/ct_run.ct@pbove.2021-03-09_16.09.46/ct.demo.meeting_SUITE.logs/run.2021-03-09_16.09.46/log_private/"}]],
                                []},
                            {test_server,ts_tc,3,
                                [{file,"test_server.erl"},{line,1754}]},
                            {test_server,run_test_case_eval1,6,
                                [{file,"test_server.erl"},{line,1263}]},
                            {test_server,run_test_case_eval,9,
                                [{file,"test_server.erl"},{line,1195}]}]}, [{meeting_SUITE,
                                                                             carla},
                                                                            {test_server,
                                                                             ts_tc,
                                                                             1754},
                                                                            {test_server,
                                                                             run_test_case_eval1,
                                                                             1263},
                                                                            {test_server,
                                                                             run_test_case_eval,
                                                                             1195}]
=== *** FAILED test case 4 ***
=case          meeting_SUITE:mark
=logfile       meeting_suite.mark.104.html
=started       2021-03-09 16:09:46
=ended         2021-03-09 16:09:46
=result        failed: {undef,
                           [{meeting_SUITE,mark,
                                [[{watchdog,<0.199.0>},
                                  {tc_logfile,
                                      "/home/pbove/git/erlang-for-great-good/chapter28/ct/demo/ct_run.ct@pbove.2021-03-09_16.09.46/ct.demo.meeting_SUITE.logs/run.2021-03-09_16.09.46/meeting_suite.mark.104.html"},
                                  {tc_group_properties,
                                      [{repeat,9},{name,clients},parallel]},
                                  {tc_group_path,
                                      [[{name,session}],
                                       [{suite,meeting_SUITE}]]},
                                  {data_dir,
                                      "/home/pbove/git/erlang-for-great-good/chapter28/ct/demo/meeting_SUITE_data/"},
                                  {priv_dir,
                                      "/home/pbove/git/erlang-for-great-good/chapter28/ct/demo/ct_run.ct@pbove.2021-03-09_16.09.46/ct.demo.meeting_SUITE.logs/run.2021-03-09_16.09.46/log_private/"}]],
                                []},
                            {test_server,ts_tc,3,
                                [{file,"test_server.erl"},{line,1754}]},
                            {test_server,run_test_case_eval1,6,
                                [{file,"test_server.erl"},{line,1263}]},
                            {test_server,run_test_case_eval,9,
                                [{file,"test_server.erl"},{line,1195}]}]}, [{meeting_SUITE,
                                                                             mark},
                                                                            {test_server,
                                                                             ts_tc,
                                                                             1754},
                                                                            {test_server,
                                                                             run_test_case_eval1,
                                                                             1263},
                                                                            {test_server,
                                                                             run_test_case_eval,
                                                                             1195}]
=== *** FAILED test case 5 ***
=case          meeting_SUITE:dog
=logfile       meeting_suite.dog.136.html
=started       2021-03-09 16:09:46
=ended         2021-03-09 16:09:46
=result        failed: {undef,
                           [{meeting_SUITE,dog,
                                [[{watchdog,<0.201.0>},
                                  {tc_logfile,
                                      "/home/pbove/git/erlang-for-great-good/chapter28/ct/demo/ct_run.ct@pbove.2021-03-09_16.09.46/ct.demo.meeting_SUITE.logs/run.2021-03-09_16.09.46/meeting_suite.dog.136.html"},
                                  {tc_group_properties,
                                      [{repeat,9},{name,clients},parallel]},
                                  {tc_group_path,
                                      [[{name,session}],
                                       [{suite,meeting_SUITE}]]},
                                  {data_dir,
                                      "/home/pbove/git/erlang-for-great-good/chapter28/ct/demo/meeting_SUITE_data/"},
                                  {priv_dir,
                                      "/home/pbove/git/erlang-for-great-good/chapter28/ct/demo/ct_run.ct@pbove.2021-03-09_16.09.46/ct.demo.meeting_SUITE.logs/run.2021-03-09_16.09.46/log_private/"}]],
                                []},
                            {test_server,ts_tc,3,
                                [{file,"test_server.erl"},{line,1754}]},
                            {test_server,run_test_case_eval1,6,
                                [{file,"test_server.erl"},{line,1263}]},
                            {test_server,run_test_case_eval,9,
                                [{file,"test_server.erl"},{line,1195}]}]}, [{meeting_SUITE,
                                                                             dog},
                                                                            {test_server,
                                                                             ts_tc,
                                                                             1754},
                                                                            {test_server,
                                                                             run_test_case_eval1,
                                                                             1263},
                                                                            {test_server,
                                                                             run_test_case_eval,
                                                                             1195}]
=== *** FAILED test case 6 ***
=case          meeting_SUITE:end_per_group
=logfile       meeting_suite.end_per_group.98.html
=group_props   [{repeat,9},{name,clients},parallel]
=started       2021-03-09 16:09:46
=ended         2021-03-09 16:09:46
=result        ok
=elapsed       1.0e-6
=group_time    0.060s
=case          meeting_SUITE:init_per_group
=logfile       meeting_suite.init_per_group.130.html
=group_props   [{repeat,8},{name,clients},parallel]
=started       2021-03-09 16:09:46
=ended         2021-03-09 16:09:46
=result        ok
=elapsed       0.0
=case          meeting_SUITE:carla
=logfile       meeting_suite.carla.162.html
=started       2021-03-09 16:09:46
=ended         2021-03-09 16:09:46
=result        failed: {undef,
                           [{meeting_SUITE,carla,
                                [[{watchdog,<0.220.0>},
                                  {tc_logfile,
                                      "/home/pbove/git/erlang-for-great-good/chapter28/ct/demo/ct_run.ct@pbove.2021-03-09_16.09.46/ct.demo.meeting_SUITE.logs/run.2021-03-09_16.09.46/meeting_suite.carla.162.html"},
                                  {tc_group_properties,
                                      [{repeat,8},{name,clients},parallel]},
                                  {tc_group_path,
                                      [[{name,session}],
                                       [{suite,meeting_SUITE}]]},
                                  {data_dir,
                                      "/home/pbove/git/erlang-for-great-good/chapter28/ct/demo/meeting_SUITE_data/"},
                                  {priv_dir,
                                      "/home/pbove/git/erlang-for-great-good/chapter28/ct/demo/ct_run.ct@pbove.2021-03-09_16.09.46/ct.demo.meeting_SUITE.logs/run.2021-03-09_16.09.46/log_private/"}]],
                                []},
                            {test_server,ts_tc,3,
                                [{file,"test_server.erl"},{line,1754}]},
                            {test_server,run_test_case_eval1,6,
                                [{file,"test_server.erl"},{line,1263}]},
                            {test_server,run_test_case_eval,9,
                                [{file,"test_server.erl"},{line,1195}]}]}, [{meeting_SUITE,
                                                                             carla},
                                                                            {test_server,
                                                                             ts_tc,
                                                                             1754},
                                                                            {test_server,
                                                                             run_test_case_eval1,
                                                                             1263},
                                                                            {test_server,
                                                                             run_test_case_eval,
                                                                             1195}]
=== *** FAILED test case 7 ***
=case          meeting_SUITE:mark
=logfile       meeting_suite.mark.194.html
=started       2021-03-09 16:09:46
=ended         2021-03-09 16:09:46
=result        failed: {undef,
                           [{meeting_SUITE,mark,
                                [[{watchdog,<0.221.0>},
                                  {tc_logfile,
                                      "/home/pbove/git/erlang-for-great-good/chapter28/ct/demo/ct_run.ct@pbove.2021-03-09_16.09.46/ct.demo.meeting_SUITE.logs/run.2021-03-09_16.09.46/meeting_suite.mark.194.html"},
                                  {tc_group_properties,
                                      [{repeat,8},{name,clients},parallel]},
                                  {tc_group_path,
                                      [[{name,session}],
                                       [{suite,meeting_SUITE}]]},
                                  {data_dir,
                                      "/home/pbove/git/erlang-for-great-good/chapter28/ct/demo/meeting_SUITE_data/"},
                                  {priv_dir,
                                      "/home/pbove/git/erlang-for-great-good/chapter28/ct/demo/ct_run.ct@pbove.2021-03-09_16.09.46/ct.demo.meeting_SUITE.logs/run.2021-03-09_16.09.46/log_private/"}]],
                                []},
                            {test_server,ts_tc,3,
                                [{file,"test_server.erl"},{line,1754}]},
                            {test_server,run_test_case_eval1,6,
                                [{file,"test_server.erl"},{line,1263}]},
                            {test_server,run_test_case_eval,9,
                                [{file,"test_server.erl"},{line,1195}]}]}, [{meeting_SUITE,
                                                                             mark},
                                                                            {test_server,
                                                                             ts_tc,
                                                                             1754},
                                                                            {test_server,
                                                                             run_test_case_eval1,
                                                                             1263},
                                                                            {test_server,
                                                                             run_test_case_eval,
                                                                             1195}]
=== *** FAILED test case 8 ***
=case          meeting_SUITE:dog
=logfile       meeting_suite.dog.226.html
=started       2021-03-09 16:09:46
=ended         2021-03-09 16:09:46
=result        failed: {undef,
                           [{meeting_SUITE,dog,
                                [[{watchdog,<0.223.0>},
                                  {tc_logfile,
                                      "/home/pbove/git/erlang-for-great-good/chapter28/ct/demo/ct_run.ct@pbove.2021-03-09_16.09.46/ct.demo.meeting_SUITE.logs/run.2021-03-09_16.09.46/meeting_suite.dog.226.html"},
                                  {tc_group_properties,
                                      [{repeat,8},{name,clients},parallel]},
                                  {tc_group_path,
                                      [[{name,session}],
                                       [{suite,meeting_SUITE}]]},
                                  {data_dir,
                                      "/home/pbove/git/erlang-for-great-good/chapter28/ct/demo/meeting_SUITE_data/"},
                                  {priv_dir,
                                      "/home/pbove/git/erlang-for-great-good/chapter28/ct/demo/ct_run.ct@pbove.2021-03-09_16.09.46/ct.demo.meeting_SUITE.logs/run.2021-03-09_16.09.46/log_private/"}]],
                                []},
                            {test_server,ts_tc,3,
                                [{file,"test_server.erl"},{line,1754}]},
                            {test_server,run_test_case_eval1,6,
                                [{file,"test_server.erl"},{line,1263}]},
                            {test_server,run_test_case_eval,9,
                                [{file,"test_server.erl"},{line,1195}]}]}, [{meeting_SUITE,
                                                                             dog},
                                                                            {test_server,
                                                                             ts_tc,
                                                                             1754},
                                                                            {test_server,
                                                                             run_test_case_eval1,
                                                                             1263},
                                                                            {test_server,
                                                                             run_test_case_eval,
                                                                             1195}]
=== *** FAILED test case 9 ***
=case          meeting_SUITE:end_per_group
=logfile       meeting_suite.end_per_group.5.html
=group_props   [{repeat,8},{name,clients},parallel]
=started       2021-03-09 16:09:46
=ended         2021-03-09 16:09:46
=result        ok
=elapsed       0.0
=group_time    0.076s
=case          meeting_SUITE:init_per_group
=logfile       meeting_suite.init_per_group.37.html
=group_props   [{repeat,7},{name,clients},parallel]
=started       2021-03-09 16:09:46
=ended         2021-03-09 16:09:46
=result        ok
=elapsed       0.0
=case          meeting_SUITE:carla
=logfile       meeting_suite.carla.69.html
=started       2021-03-09 16:09:46
=ended         2021-03-09 16:09:46
=result        failed: {undef,
                           [{meeting_SUITE,carla,
                                [[{watchdog,<0.242.0>},
                                  {tc_logfile,
                                      "/home/pbove/git/erlang-for-great-good/chapter28/ct/demo/ct_run.ct@pbove.2021-03-09_16.09.46/ct.demo.meeting_SUITE.logs/run.2021-03-09_16.09.46/meeting_suite.carla.69.html"},
                                  {tc_group_properties,
                                      [{repeat,7},{name,clients},parallel]},
                                  {tc_group_path,
                                      [[{name,session}],
                                       [{suite,meeting_SUITE}]]},
                                  {data_dir,
                                      "/home/pbove/git/erlang-for-great-good/chapter28/ct/demo/meeting_SUITE_data/"},
                                  {priv_dir,
                                      "/home/pbove/git/erlang-for-great-good/chapter28/ct/demo/ct_run.ct@pbove.2021-03-09_16.09.46/ct.demo.meeting_SUITE.logs/run.2021-03-09_16.09.46/log_private/"}]],
                                []},
                            {test_server,ts_tc,3,
                                [{file,"test_server.erl"},{line,1754}]},
                            {test_server,run_test_case_eval1,6,
                                [{file,"test_server.erl"},{line,1263}]},
                            {test_server,run_test_case_eval,9,
                                [{file,"test_server.erl"},{line,1195}]}]}, [{meeting_SUITE,
                                                                             carla},
                                                                            {test_server,
                                                                             ts_tc,
                                                                             1754},
                                                                            {test_server,
                                                                             run_test_case_eval1,
                                                                             1263},
                                                                            {test_server,
                                                                             run_test_case_eval,
                                                                             1195}]
=== *** FAILED test case 10 ***
=case          meeting_SUITE:mark
=logfile       meeting_suite.mark.290.html
=started       2021-03-09 16:09:46
=ended         2021-03-09 16:09:46
=result        failed: {undef,
                           [{meeting_SUITE,mark,
                                [[{watchdog,<0.243.0>},
                                  {tc_logfile,
                                      "/home/pbove/git/erlang-for-great-good/chapter28/ct/demo/ct_run.ct@pbove.2021-03-09_16.09.46/ct.demo.meeting_SUITE.logs/run.2021-03-09_16.09.46/meeting_suite.mark.290.html"},
                                  {tc_group_properties,
                                      [{repeat,7},{name,clients},parallel]},
                                  {tc_group_path,
                                      [[{name,session}],
                                       [{suite,meeting_SUITE}]]},
                                  {data_dir,
                                      "/home/pbove/git/erlang-for-great-good/chapter28/ct/demo/meeting_SUITE_data/"},
                                  {priv_dir,
                                      "/home/pbove/git/erlang-for-great-good/chapter28/ct/demo/ct_run.ct@pbove.2021-03-09_16.09.46/ct.demo.meeting_SUITE.logs/run.2021-03-09_16.09.46/log_private/"}]],
                                []},
                            {test_server,ts_tc,3,
                                [{file,"test_server.erl"},{line,1754}]},
                            {test_server,run_test_case_eval1,6,
                                [{file,"test_server.erl"},{line,1263}]},
                            {test_server,run_test_case_eval,9,
                                [{file,"test_server.erl"},{line,1195}]}]}, [{meeting_SUITE,
                                                                             mark},
                                                                            {test_server,
                                                                             ts_tc,
                                                                             1754},
                                                                            {test_server,
                                                                             run_test_case_eval1,
                                                                             1263},
                                                                            {test_server,
                                                                             run_test_case_eval,
                                                                             1195}]
=== *** FAILED test case 11 ***
=case          meeting_SUITE:dog
=logfile       meeting_suite.dog.258.html
=started       2021-03-09 16:09:46
=ended         2021-03-09 16:09:46
=result        failed: {undef,
                           [{meeting_SUITE,dog,
                                [[{watchdog,<0.245.0>},
                                  {tc_logfile,
                                      "/home/pbove/git/erlang-for-great-good/chapter28/ct/demo/ct_run.ct@pbove.2021-03-09_16.09.46/ct.demo.meeting_SUITE.logs/run.2021-03-09_16.09.46/meeting_suite.dog.258.html"},
                                  {tc_group_properties,
                                      [{repeat,7},{name,clients},parallel]},
                                  {tc_group_path,
                                      [[{name,session}],
                                       [{suite,meeting_SUITE}]]},
                                  {data_dir,
                                      "/home/pbove/git/erlang-for-great-good/chapter28/ct/demo/meeting_SUITE_data/"},
                                  {priv_dir,
                                      "/home/pbove/git/erlang-for-great-good/chapter28/ct/demo/ct_run.ct@pbove.2021-03-09_16.09.46/ct.demo.meeting_SUITE.logs/run.2021-03-09_16.09.46/log_private/"}]],
                                []},
                            {test_server,ts_tc,3,
                                [{file,"test_server.erl"},{line,1754}]},
                            {test_server,run_test_case_eval1,6,
                                [{file,"test_server.erl"},{line,1263}]},
                            {test_server,run_test_case_eval,9,
                                [{file,"test_server.erl"},{line,1195}]}]}, [{meeting_SUITE,
                                                                             dog},
                                                                            {test_server,
                                                                             ts_tc,
                                                                             1754},
                                                                            {test_server,
                                                                             run_test_case_eval1,
                                                                             1263},
                                                                            {test_server,
                                                                             run_test_case_eval,
                                                                             1195}]
=== *** FAILED test case 12 ***
=case          meeting_SUITE:end_per_group
=logfile       meeting_suite.end_per_group.322.html
=group_props   [{repeat,7},{name,clients},parallel]
=started       2021-03-09 16:09:46
=ended         2021-03-09 16:09:46
=result        ok
=elapsed       0.0
=group_time    0.064s
=case          meeting_SUITE:init_per_group
=logfile       meeting_suite.init_per_group.4.html
=group_props   [{repeat,6},{name,clients},parallel]
=started       2021-03-09 16:09:46
=ended         2021-03-09 16:09:46
=result        ok
=elapsed       1.0e-6
=case          meeting_SUITE:carla
=logfile       meeting_suite.carla.36.html
=started       2021-03-09 16:09:46
=ended         2021-03-09 16:09:46
=result        failed: {undef,
                           [{meeting_SUITE,carla,
                                [[{watchdog,<0.266.0>},
                                  {tc_logfile,
                                      "/home/pbove/git/erlang-for-great-good/chapter28/ct/demo/ct_run.ct@pbove.2021-03-09_16.09.46/ct.demo.meeting_SUITE.logs/run.2021-03-09_16.09.46/meeting_suite.carla.36.html"},
                                  {tc_group_properties,
                                      [{repeat,6},{name,clients},parallel]},
                                  {tc_group_path,
                                      [[{name,session}],
                                       [{suite,meeting_SUITE}]]},
                                  {data_dir,
                                      "/home/pbove/git/erlang-for-great-good/chapter28/ct/demo/meeting_SUITE_data/"},
                                  {priv_dir,
                                      "/home/pbove/git/erlang-for-great-good/chapter28/ct/demo/ct_run.ct@pbove.2021-03-09_16.09.46/ct.demo.meeting_SUITE.logs/run.2021-03-09_16.09.46/log_private/"}]],
                                []},
                            {test_server,ts_tc,3,
                                [{file,"test_server.erl"},{line,1754}]},
                            {test_server,run_test_case_eval1,6,
                                [{file,"test_server.erl"},{line,1263}]},
                            {test_server,run_test_case_eval,9,
                                [{file,"test_server.erl"},{line,1195}]}]}, [{meeting_SUITE,
                                                                             carla},
                                                                            {test_server,
                                                                             ts_tc,
                                                                             1754},
                                                                            {test_server,
                                                                             run_test_case_eval1,
                                                                             1263},
                                                                            {test_server,
                                                                             run_test_case_eval,
                                                                             1195}]
=== *** FAILED test case 13 ***
=case          meeting_SUITE:mark
=logfile       meeting_suite.mark.68.html
=started       2021-03-09 16:09:46
=ended         2021-03-09 16:09:46
=result        failed: {undef,
                           [{meeting_SUITE,mark,
                                [[{watchdog,<0.265.0>},
                                  {tc_logfile,
                                      "/home/pbove/git/erlang-for-great-good/chapter28/ct/demo/ct_run.ct@pbove.2021-03-09_16.09.46/ct.demo.meeting_SUITE.logs/run.2021-03-09_16.09.46/meeting_suite.mark.68.html"},
                                  {tc_group_properties,
                                      [{repeat,6},{name,clients},parallel]},
                                  {tc_group_path,
                                      [[{name,session}],
                                       [{suite,meeting_SUITE}]]},
                                  {data_dir,
                                      "/home/pbove/git/erlang-for-great-good/chapter28/ct/demo/meeting_SUITE_data/"},
                                  {priv_dir,
                                      "/home/pbove/git/erlang-for-great-good/chapter28/ct/demo/ct_run.ct@pbove.2021-03-09_16.09.46/ct.demo.meeting_SUITE.logs/run.2021-03-09_16.09.46/log_private/"}]],
                                []},
                            {test_server,ts_tc,3,
                                [{file,"test_server.erl"},{line,1754}]},
                            {test_server,run_test_case_eval1,6,
                                [{file,"test_server.erl"},{line,1263}]},
                            {test_server,run_test_case_eval,9,
                                [{file,"test_server.erl"},{line,1195}]}]}, [{meeting_SUITE,
                                                                             mark},
                                                                            {test_server,
                                                                             ts_tc,
                                                                             1754},
                                                                            {test_server,
                                                                             run_test_case_eval1,
                                                                             1263},
                                                                            {test_server,
                                                                             run_test_case_eval,
                                                                             1195}]
=== *** FAILED test case 14 ***
=case          meeting_SUITE:dog
=logfile       meeting_suite.dog.100.html
=started       2021-03-09 16:09:46
=ended         2021-03-09 16:09:46
=result        failed: {undef,
                           [{meeting_SUITE,dog,
                                [[{watchdog,<0.267.0>},
                                  {tc_logfile,
                                      "/home/pbove/git/erlang-for-great-good/chapter28/ct/demo/ct_run.ct@pbove.2021-03-09_16.09.46/ct.demo.meeting_SUITE.logs/run.2021-03-09_16.09.46/meeting_suite.dog.100.html"},
                                  {tc_group_properties,
                                      [{repeat,6},{name,clients},parallel]},
                                  {tc_group_path,
                                      [[{name,session}],
                                       [{suite,meeting_SUITE}]]},
                                  {data_dir,
                                      "/home/pbove/git/erlang-for-great-good/chapter28/ct/demo/meeting_SUITE_data/"},
                                  {priv_dir,
                                      "/home/pbove/git/erlang-for-great-good/chapter28/ct/demo/ct_run.ct@pbove.2021-03-09_16.09.46/ct.demo.meeting_SUITE.logs/run.2021-03-09_16.09.46/log_private/"}]],
                                []},
                            {test_server,ts_tc,3,
                                [{file,"test_server.erl"},{line,1754}]},
                            {test_server,run_test_case_eval1,6,
                                [{file,"test_server.erl"},{line,1263}]},
                            {test_server,run_test_case_eval,9,
                                [{file,"test_server.erl"},{line,1195}]}]}, [{meeting_SUITE,
                                                                             dog},
                                                                            {test_server,
                                                                             ts_tc,
                                                                             1754},
                                                                            {test_server,
                                                                             run_test_case_eval1,
                                                                             1263},
                                                                            {test_server,
                                                                             run_test_case_eval,
                                                                             1195}]
=== *** FAILED test case 15 ***
=case          meeting_SUITE:end_per_group
=logfile       meeting_suite.end_per_group.132.html
=group_props   [{repeat,6},{name,clients},parallel]
=started       2021-03-09 16:09:46
=ended         2021-03-09 16:09:46
=result        ok
=elapsed       1.0e-6
=group_time    0.060s
=case          meeting_SUITE:init_per_group
=logfile       meeting_suite.init_per_group.164.html
=group_props   [{repeat,5},{name,clients},parallel]
=started       2021-03-09 16:09:46
=ended         2021-03-09 16:09:46
=result        ok
=elapsed       0.0
=case          meeting_SUITE:carla
=logfile       meeting_suite.carla.196.html
=started       2021-03-09 16:09:46
=ended         2021-03-09 16:09:46
=result        failed: {undef,
                           [{meeting_SUITE,carla,
                                [[{watchdog,<0.287.0>},
                                  {tc_logfile,
                                      "/home/pbove/git/erlang-for-great-good/chapter28/ct/demo/ct_run.ct@pbove.2021-03-09_16.09.46/ct.demo.meeting_SUITE.logs/run.2021-03-09_16.09.46/meeting_suite.carla.196.html"},
                                  {tc_group_properties,
                                      [{repeat,5},{name,clients},parallel]},
                                  {tc_group_path,
                                      [[{name,session}],
                                       [{suite,meeting_SUITE}]]},
                                  {data_dir,
                                      "/home/pbove/git/erlang-for-great-good/chapter28/ct/demo/meeting_SUITE_data/"},
                                  {priv_dir,
                                      "/home/pbove/git/erlang-for-great-good/chapter28/ct/demo/ct_run.ct@pbove.2021-03-09_16.09.46/ct.demo.meeting_SUITE.logs/run.2021-03-09_16.09.46/log_private/"}]],
                                []},
                            {test_server,ts_tc,3,
                                [{file,"test_server.erl"},{line,1754}]},
                            {test_server,run_test_case_eval1,6,
                                [{file,"test_server.erl"},{line,1263}]},
                            {test_server,run_test_case_eval,9,
                                [{file,"test_server.erl"},{line,1195}]}]}, [{meeting_SUITE,
                                                                             carla},
                                                                            {test_server,
                                                                             ts_tc,
                                                                             1754},
                                                                            {test_server,
                                                                             run_test_case_eval1,
                                                                             1263},
                                                                            {test_server,
                                                                             run_test_case_eval,
                                                                             1195}]
=== *** FAILED test case 16 ***
=case          meeting_SUITE:mark
=logfile       meeting_suite.mark.228.html
=started       2021-03-09 16:09:46
=ended         2021-03-09 16:09:46
=result        failed: {undef,
                           [{meeting_SUITE,mark,
                                [[{watchdog,<0.288.0>},
                                  {tc_logfile,
                                      "/home/pbove/git/erlang-for-great-good/chapter28/ct/demo/ct_run.ct@pbove.2021-03-09_16.09.46/ct.demo.meeting_SUITE.logs/run.2021-03-09_16.09.46/meeting_suite.mark.228.html"},
                                  {tc_group_properties,
                                      [{repeat,5},{name,clients},parallel]},
                                  {tc_group_path,
                                      [[{name,session}],
                                       [{suite,meeting_SUITE}]]},
                                  {data_dir,
                                      "/home/pbove/git/erlang-for-great-good/chapter28/ct/demo/meeting_SUITE_data/"},
                                  {priv_dir,
                                      "/home/pbove/git/erlang-for-great-good/chapter28/ct/demo/ct_run.ct@pbove.2021-03-09_16.09.46/ct.demo.meeting_SUITE.logs/run.2021-03-09_16.09.46/log_private/"}]],
                                []},
                            {test_server,ts_tc,3,
                                [{file,"test_server.erl"},{line,1754}]},
                            {test_server,run_test_case_eval1,6,
                                [{file,"test_server.erl"},{line,1263}]},
                            {test_server,run_test_case_eval,9,
                                [{file,"test_server.erl"},{line,1195}]}]}, [{meeting_SUITE,
                                                                             mark},
                                                                            {test_server,
                                                                             ts_tc,
                                                                             1754},
                                                                            {test_server,
                                                                             run_test_case_eval1,
                                                                             1263},
                                                                            {test_server,
                                                                             run_test_case_eval,
                                                                             1195}]
=== *** FAILED test case 17 ***
=case          meeting_SUITE:dog
=logfile       meeting_suite.dog.3.html
=started       2021-03-09 16:09:46
=ended         2021-03-09 16:09:46
=result        failed: {undef,
                           [{meeting_SUITE,dog,
                                [[{watchdog,<0.289.0>},
                                  {tc_logfile,
                                      "/home/pbove/git/erlang-for-great-good/chapter28/ct/demo/ct_run.ct@pbove.2021-03-09_16.09.46/ct.demo.meeting_SUITE.logs/run.2021-03-09_16.09.46/meeting_suite.dog.3.html"},
                                  {tc_group_properties,
                                      [{repeat,5},{name,clients},parallel]},
                                  {tc_group_path,
                                      [[{name,session}],
                                       [{suite,meeting_SUITE}]]},
                                  {data_dir,
                                      "/home/pbove/git/erlang-for-great-good/chapter28/ct/demo/meeting_SUITE_data/"},
                                  {priv_dir,
                                      "/home/pbove/git/erlang-for-great-good/chapter28/ct/demo/ct_run.ct@pbove.2021-03-09_16.09.46/ct.demo.meeting_SUITE.logs/run.2021-03-09_16.09.46/log_private/"}]],
                                []},
                            {test_server,ts_tc,3,
                                [{file,"test_server.erl"},{line,1754}]},
                            {test_server,run_test_case_eval1,6,
                                [{file,"test_server.erl"},{line,1263}]},
                            {test_server,run_test_case_eval,9,
                                [{file,"test_server.erl"},{line,1195}]}]}, [{meeting_SUITE,
                                                                             dog},
                                                                            {test_server,
                                                                             ts_tc,
                                                                             1754},
                                                                            {test_server,
                                                                             run_test_case_eval1,
                                                                             1263},
                                                                            {test_server,
                                                                             run_test_case_eval,
                                                                             1195}]
=== *** FAILED test case 18 ***
=case          meeting_SUITE:end_per_group
=logfile       meeting_suite.end_per_group.35.html
=group_props   [{repeat,5},{name,clients},parallel]
=started       2021-03-09 16:09:46
=ended         2021-03-09 16:09:46
=result        ok
=elapsed       1.0e-6
=group_time    0.056s
=case          meeting_SUITE:init_per_group
=logfile       meeting_suite.init_per_group.260.html
=group_props   [{repeat,4},{name,clients},parallel]
=started       2021-03-09 16:09:46
=ended         2021-03-09 16:09:46
=result        ok
=elapsed       1.0e-6
=case          meeting_SUITE:carla
=logfile       meeting_suite.carla.292.html
=started       2021-03-09 16:09:46
=ended         2021-03-09 16:09:46
=result        failed: {undef,
                           [{meeting_SUITE,carla,
                                [[{watchdog,<0.308.0>},
                                  {tc_logfile,
                                      "/home/pbove/git/erlang-for-great-good/chapter28/ct/demo/ct_run.ct@pbove.2021-03-09_16.09.46/ct.demo.meeting_SUITE.logs/run.2021-03-09_16.09.46/meeting_suite.carla.292.html"},
                                  {tc_group_properties,
                                      [{repeat,4},{name,clients},parallel]},
                                  {tc_group_path,
                                      [[{name,session}],
                                       [{suite,meeting_SUITE}]]},
                                  {data_dir,
                                      "/home/pbove/git/erlang-for-great-good/chapter28/ct/demo/meeting_SUITE_data/"},
                                  {priv_dir,
                                      "/home/pbove/git/erlang-for-great-good/chapter28/ct/demo/ct_run.ct@pbove.2021-03-09_16.09.46/ct.demo.meeting_SUITE.logs/run.2021-03-09_16.09.46/log_private/"}]],
                                []},
                            {test_server,ts_tc,3,
                                [{file,"test_server.erl"},{line,1754}]},
                            {test_server,run_test_case_eval1,6,
                                [{file,"test_server.erl"},{line,1263}]},
                            {test_server,run_test_case_eval,9,
                                [{file,"test_server.erl"},{line,1195}]}]}, [{meeting_SUITE,
                                                                             carla},
                                                                            {test_server,
                                                                             ts_tc,
                                                                             1754},
                                                                            {test_server,
                                                                             run_test_case_eval1,
                                                                             1263},
                                                                            {test_server,
                                                                             run_test_case_eval,
                                                                             1195}]
=== *** FAILED test case 19 ***
=case          meeting_SUITE:mark
=logfile       meeting_suite.mark.67.html
=started       2021-03-09 16:09:46
=ended         2021-03-09 16:09:46
=result        failed: {undef,
                           [{meeting_SUITE,mark,
                                [[{watchdog,<0.309.0>},
                                  {tc_logfile,
                                      "/home/pbove/git/erlang-for-great-good/chapter28/ct/demo/ct_run.ct@pbove.2021-03-09_16.09.46/ct.demo.meeting_SUITE.logs/run.2021-03-09_16.09.46/meeting_suite.mark.67.html"},
                                  {tc_group_properties,
                                      [{repeat,4},{name,clients},parallel]},
                                  {tc_group_path,
                                      [[{name,session}],
                                       [{suite,meeting_SUITE}]]},
                                  {data_dir,
                                      "/home/pbove/git/erlang-for-great-good/chapter28/ct/demo/meeting_SUITE_data/"},
                                  {priv_dir,
                                      "/home/pbove/git/erlang-for-great-good/chapter28/ct/demo/ct_run.ct@pbove.2021-03-09_16.09.46/ct.demo.meeting_SUITE.logs/run.2021-03-09_16.09.46/log_private/"}]],
                                []},
                            {test_server,ts_tc,3,
                                [{file,"test_server.erl"},{line,1754}]},
                            {test_server,run_test_case_eval1,6,
                                [{file,"test_server.erl"},{line,1263}]},
                            {test_server,run_test_case_eval,9,
                                [{file,"test_server.erl"},{line,1195}]}]}, [{meeting_SUITE,
                                                                             mark},
                                                                            {test_server,
                                                                             ts_tc,
                                                                             1754},
                                                                            {test_server,
                                                                             run_test_case_eval1,
                                                                             1263},
                                                                            {test_server,
                                                                             run_test_case_eval,
                                                                             1195}]
=== *** FAILED test case 20 ***
=case          meeting_SUITE:dog
=logfile       meeting_suite.dog.324.html
=started       2021-03-09 16:09:46
=ended         2021-03-09 16:09:46
=result        failed: {undef,
                           [{meeting_SUITE,dog,
                                [[{watchdog,<0.311.0>},
                                  {tc_logfile,
                                      "/home/pbove/git/erlang-for-great-good/chapter28/ct/demo/ct_run.ct@pbove.2021-03-09_16.09.46/ct.demo.meeting_SUITE.logs/run.2021-03-09_16.09.46/meeting_suite.dog.324.html"},
                                  {tc_group_properties,
                                      [{repeat,4},{name,clients},parallel]},
                                  {tc_group_path,
                                      [[{name,session}],
                                       [{suite,meeting_SUITE}]]},
                                  {data_dir,
                                      "/home/pbove/git/erlang-for-great-good/chapter28/ct/demo/meeting_SUITE_data/"},
                                  {priv_dir,
                                      "/home/pbove/git/erlang-for-great-good/chapter28/ct/demo/ct_run.ct@pbove.2021-03-09_16.09.46/ct.demo.meeting_SUITE.logs/run.2021-03-09_16.09.46/log_private/"}]],
                                []},
                            {test_server,ts_tc,3,
                                [{file,"test_server.erl"},{line,1754}]},
                            {test_server,run_test_case_eval1,6,
                                [{file,"test_server.erl"},{line,1263}]},
                            {test_server,run_test_case_eval,9,
                                [{file,"test_server.erl"},{line,1195}]}]}, [{meeting_SUITE,
                                                                             dog},
                                                                            {test_server,
                                                                             ts_tc,
                                                                             1754},
                                                                            {test_server,
                                                                             run_test_case_eval1,
                                                                             1263},
                                                                            {test_server,
                                                                             run_test_case_eval,
                                                                             1195}]
=== *** FAILED test case 21 ***
=case          meeting_SUITE:end_per_group
=logfile       meeting_suite.end_per_group.356.html
=group_props   [{repeat,4},{name,clients},parallel]
=started       2021-03-09 16:09:46
=ended         2021-03-09 16:09:46
=result        ok
=elapsed       0.0
=group_time    0.061s
=case          meeting_SUITE:init_per_group
=logfile       meeting_suite.init_per_group.388.html
=group_props   [{repeat,3},{name,clients},parallel]
=started       2021-03-09 16:09:46
=ended         2021-03-09 16:09:46
=result        ok
=elapsed       1.0e-6
=case          meeting_SUITE:carla
=logfile       meeting_suite.carla.420.html
=started       2021-03-09 16:09:46
=ended         2021-03-09 16:09:47
=result        failed: {undef,
                           [{meeting_SUITE,carla,
                                [[{watchdog,<0.333.0>},
                                  {tc_logfile,
                                      "/home/pbove/git/erlang-for-great-good/chapter28/ct/demo/ct_run.ct@pbove.2021-03-09_16.09.46/ct.demo.meeting_SUITE.logs/run.2021-03-09_16.09.46/meeting_suite.carla.420.html"},
                                  {tc_group_properties,
                                      [{repeat,3},{name,clients},parallel]},
                                  {tc_group_path,
                                      [[{name,session}],
                                       [{suite,meeting_SUITE}]]},
                                  {data_dir,
                                      "/home/pbove/git/erlang-for-great-good/chapter28/ct/demo/meeting_SUITE_data/"},
                                  {priv_dir,
                                      "/home/pbove/git/erlang-for-great-good/chapter28/ct/demo/ct_run.ct@pbove.2021-03-09_16.09.46/ct.demo.meeting_SUITE.logs/run.2021-03-09_16.09.46/log_private/"}]],
                                []},
                            {test_server,ts_tc,3,
                                [{file,"test_server.erl"},{line,1754}]},
                            {test_server,run_test_case_eval1,6,
                                [{file,"test_server.erl"},{line,1263}]},
                            {test_server,run_test_case_eval,9,
                                [{file,"test_server.erl"},{line,1195}]}]}, [{meeting_SUITE,
                                                                             carla},
                                                                            {test_server,
                                                                             ts_tc,
                                                                             1754},
                                                                            {test_server,
                                                                             run_test_case_eval1,
                                                                             1263},
                                                                            {test_server,
                                                                             run_test_case_eval,
                                                                             1195}]
=== *** FAILED test case 22 ***
=case          meeting_SUITE:mark
=logfile       meeting_suite.mark.99.html
=started       2021-03-09 16:09:46
=ended         2021-03-09 16:09:47
=result        failed: {undef,
                           [{meeting_SUITE,mark,
                                [[{watchdog,<0.330.0>},
                                  {tc_logfile,
                                      "/home/pbove/git/erlang-for-great-good/chapter28/ct/demo/ct_run.ct@pbove.2021-03-09_16.09.46/ct.demo.meeting_SUITE.logs/run.2021-03-09_16.09.46/meeting_suite.mark.99.html"},
                                  {tc_group_properties,
                                      [{repeat,3},{name,clients},parallel]},
                                  {tc_group_path,
                                      [[{name,session}],
                                       [{suite,meeting_SUITE}]]},
                                  {data_dir,
                                      "/home/pbove/git/erlang-for-great-good/chapter28/ct/demo/meeting_SUITE_data/"},
                                  {priv_dir,
                                      "/home/pbove/git/erlang-for-great-good/chapter28/ct/demo/ct_run.ct@pbove.2021-03-09_16.09.46/ct.demo.meeting_SUITE.logs/run.2021-03-09_16.09.46/log_private/"}]],
                                []},
                            {test_server,ts_tc,3,
                                [{file,"test_server.erl"},{line,1754}]},
                            {test_server,run_test_case_eval1,6,
                                [{file,"test_server.erl"},{line,1263}]},
                            {test_server,run_test_case_eval,9,
                                [{file,"test_server.erl"},{line,1195}]}]}, [{meeting_SUITE,
                                                                             mark},
                                                                            {test_server,
                                                                             ts_tc,
                                                                             1754},
                                                                            {test_server,
                                                                             run_test_case_eval1,
                                                                             1263},
                                                                            {test_server,
                                                                             run_test_case_eval,
                                                                             1195}]
=== *** FAILED test case 23 ***
=case          meeting_SUITE:dog
=logfile       meeting_suite.dog.131.html
=started       2021-03-09 16:09:46
=ended         2021-03-09 16:09:47
=result        failed: {undef,
                           [{meeting_SUITE,dog,
                                [[{watchdog,<0.331.0>},
                                  {tc_logfile,
                                      "/home/pbove/git/erlang-for-great-good/chapter28/ct/demo/ct_run.ct@pbove.2021-03-09_16.09.46/ct.demo.meeting_SUITE.logs/run.2021-03-09_16.09.46/meeting_suite.dog.131.html"},
                                  {tc_group_properties,
                                      [{repeat,3},{name,clients},parallel]},
                                  {tc_group_path,
                                      [[{name,session}],
                                       [{suite,meeting_SUITE}]]},
                                  {data_dir,
                                      "/home/pbove/git/erlang-for-great-good/chapter28/ct/demo/meeting_SUITE_data/"},
                                  {priv_dir,
                                      "/home/pbove/git/erlang-for-great-good/chapter28/ct/demo/ct_run.ct@pbove.2021-03-09_16.09.46/ct.demo.meeting_SUITE.logs/run.2021-03-09_16.09.46/log_private/"}]],
                                []},
                            {test_server,ts_tc,3,
                                [{file,"test_server.erl"},{line,1754}]},
                            {test_server,run_test_case_eval1,6,
                                [{file,"test_server.erl"},{line,1263}]},
                            {test_server,run_test_case_eval,9,
                                [{file,"test_server.erl"},{line,1195}]}]}, [{meeting_SUITE,
                                                                             dog},
                                                                            {test_server,
                                                                             ts_tc,
                                                                             1754},
                                                                            {test_server,
                                                                             run_test_case_eval1,
                                                                             1263},
                                                                            {test_server,
                                                                             run_test_case_eval,
                                                                             1195}]
=== *** FAILED test case 24 ***
=case          meeting_SUITE:end_per_group
=logfile       meeting_suite.end_per_group.354.html
=group_props   [{repeat,3},{name,clients},parallel]
=started       2021-03-09 16:09:47
=ended         2021-03-09 16:09:47
=result        ok
=elapsed       0.0
=group_time    0.066s
=case          meeting_SUITE:init_per_group
=logfile       meeting_suite.init_per_group.386.html
=group_props   [{repeat,2},{name,clients},parallel]
=started       2021-03-09 16:09:47
=ended         2021-03-09 16:09:47
=result        ok
=elapsed       0.0
=case          meeting_SUITE:carla
=logfile       meeting_suite.carla.450.html
=started       2021-03-09 16:09:47
=ended         2021-03-09 16:09:47
=result        failed: {undef,
                           [{meeting_SUITE,carla,
                                [[{watchdog,<0.353.0>},
                                  {tc_logfile,
                                      "/home/pbove/git/erlang-for-great-good/chapter28/ct/demo/ct_run.ct@pbove.2021-03-09_16.09.46/ct.demo.meeting_SUITE.logs/run.2021-03-09_16.09.46/meeting_suite.carla.450.html"},
                                  {tc_group_properties,
                                      [{repeat,2},{name,clients},parallel]},
                                  {tc_group_path,
                                      [[{name,session}],
                                       [{suite,meeting_SUITE}]]},
                                  {data_dir,
                                      "/home/pbove/git/erlang-for-great-good/chapter28/ct/demo/meeting_SUITE_data/"},
                                  {priv_dir,
                                      "/home/pbove/git/erlang-for-great-good/chapter28/ct/demo/ct_run.ct@pbove.2021-03-09_16.09.46/ct.demo.meeting_SUITE.logs/run.2021-03-09_16.09.46/log_private/"}]],
                                []},
                            {test_server,ts_tc,3,
                                [{file,"test_server.erl"},{line,1754}]},
                            {test_server,run_test_case_eval1,6,
                                [{file,"test_server.erl"},{line,1263}]},
                            {test_server,run_test_case_eval,9,
                                [{file,"test_server.erl"},{line,1195}]}]}, [{meeting_SUITE,
                                                                             carla},
                                                                            {test_server,
                                                                             ts_tc,
                                                                             1754},
                                                                            {test_server,
                                                                             run_test_case_eval1,
                                                                             1263},
                                                                            {test_server,
                                                                             run_test_case_eval,
                                                                             1195}]
=== *** FAILED test case 25 ***
=case          meeting_SUITE:mark
=logfile       meeting_suite.mark.418.html
=started       2021-03-09 16:09:47
=ended         2021-03-09 16:09:47
=result        failed: {undef,
                           [{meeting_SUITE,mark,
                                [[{watchdog,<0.354.0>},
                                  {tc_logfile,
                                      "/home/pbove/git/erlang-for-great-good/chapter28/ct/demo/ct_run.ct@pbove.2021-03-09_16.09.46/ct.demo.meeting_SUITE.logs/run.2021-03-09_16.09.46/meeting_suite.mark.418.html"},
                                  {tc_group_properties,
                                      [{repeat,2},{name,clients},parallel]},
                                  {tc_group_path,
                                      [[{name,session}],
                                       [{suite,meeting_SUITE}]]},
                                  {data_dir,
                                      "/home/pbove/git/erlang-for-great-good/chapter28/ct/demo/meeting_SUITE_data/"},
                                  {priv_dir,
                                      "/home/pbove/git/erlang-for-great-good/chapter28/ct/demo/ct_run.ct@pbove.2021-03-09_16.09.46/ct.demo.meeting_SUITE.logs/run.2021-03-09_16.09.46/log_private/"}]],
                                []},
                            {test_server,ts_tc,3,
                                [{file,"test_server.erl"},{line,1754}]},
                            {test_server,run_test_case_eval1,6,
                                [{file,"test_server.erl"},{line,1263}]},
                            {test_server,run_test_case_eval,9,
                                [{file,"test_server.erl"},{line,1195}]}]}, [{meeting_SUITE,
                                                                             mark},
                                                                            {test_server,
                                                                             ts_tc,
                                                                             1754},
                                                                            {test_server,
                                                                             run_test_case_eval1,
                                                                             1263},
                                                                            {test_server,
                                                                             run_test_case_eval,
                                                                             1195}]
=== *** FAILED test case 26 ***
=case          meeting_SUITE:dog
=logfile       meeting_suite.dog.482.html
=started       2021-03-09 16:09:47
=ended         2021-03-09 16:09:47
=result        failed: {undef,
                           [{meeting_SUITE,dog,
                                [[{watchdog,<0.355.0>},
                                  {tc_logfile,
                                      "/home/pbove/git/erlang-for-great-good/chapter28/ct/demo/ct_run.ct@pbove.2021-03-09_16.09.46/ct.demo.meeting_SUITE.logs/run.2021-03-09_16.09.46/meeting_suite.dog.482.html"},
                                  {tc_group_properties,
                                      [{repeat,2},{name,clients},parallel]},
                                  {tc_group_path,
                                      [[{name,session}],
                                       [{suite,meeting_SUITE}]]},
                                  {data_dir,
                                      "/home/pbove/git/erlang-for-great-good/chapter28/ct/demo/meeting_SUITE_data/"},
                                  {priv_dir,
                                      "/home/pbove/git/erlang-for-great-good/chapter28/ct/demo/ct_run.ct@pbove.2021-03-09_16.09.46/ct.demo.meeting_SUITE.logs/run.2021-03-09_16.09.46/log_private/"}]],
                                []},
                            {test_server,ts_tc,3,
                                [{file,"test_server.erl"},{line,1754}]},
                            {test_server,run_test_case_eval1,6,
                                [{file,"test_server.erl"},{line,1263}]},
                            {test_server,run_test_case_eval,9,
                                [{file,"test_server.erl"},{line,1195}]}]}, [{meeting_SUITE,
                                                                             dog},
                                                                            {test_server,
                                                                             ts_tc,
                                                                             1754},
                                                                            {test_server,
                                                                             run_test_case_eval1,
                                                                             1263},
                                                                            {test_server,
                                                                             run_test_case_eval,
                                                                             1195}]
=== *** FAILED test case 27 ***
=case          meeting_SUITE:end_per_group
=logfile       meeting_suite.end_per_group.163.html
=group_props   [{repeat,2},{name,clients},parallel]
=started       2021-03-09 16:09:47
=ended         2021-03-09 16:09:47
=result        ok
=elapsed       1.0e-6
=group_time    0.066s
=case          meeting_SUITE:init_per_group
=logfile       meeting_suite.init_per_group.195.html
=group_props   [{name,clients},parallel]
=started       2021-03-09 16:09:47
=ended         2021-03-09 16:09:47
=result        ok
=elapsed       1.0e-6
=case          meeting_SUITE:carla
=logfile       meeting_suite.carla.227.html
=started       2021-03-09 16:09:47
=ended         2021-03-09 16:09:47
=result        failed: {undef,
                           [{meeting_SUITE,carla,
                                [[{watchdog,<0.376.0>},
                                  {tc_logfile,
                                      "/home/pbove/git/erlang-for-great-good/chapter28/ct/demo/ct_run.ct@pbove.2021-03-09_16.09.46/ct.demo.meeting_SUITE.logs/run.2021-03-09_16.09.46/meeting_suite.carla.227.html"},
                                  {tc_group_properties,
                                      [{name,clients},parallel]},
                                  {tc_group_path,
                                      [[{name,session}],
                                       [{suite,meeting_SUITE}]]},
                                  {data_dir,
                                      "/home/pbove/git/erlang-for-great-good/chapter28/ct/demo/meeting_SUITE_data/"},
                                  {priv_dir,
                                      "/home/pbove/git/erlang-for-great-good/chapter28/ct/demo/ct_run.ct@pbove.2021-03-09_16.09.46/ct.demo.meeting_SUITE.logs/run.2021-03-09_16.09.46/log_private/"}]],
                                []},
                            {test_server,ts_tc,3,
                                [{file,"test_server.erl"},{line,1754}]},
                            {test_server,run_test_case_eval1,6,
                                [{file,"test_server.erl"},{line,1263}]},
                            {test_server,run_test_case_eval,9,
                                [{file,"test_server.erl"},{line,1195}]}]}, [{meeting_SUITE,
                                                                             carla},
                                                                            {test_server,
                                                                             ts_tc,
                                                                             1754},
                                                                            {test_server,
                                                                             run_test_case_eval1,
                                                                             1263},
                                                                            {test_server,
                                                                             run_test_case_eval,
                                                                             1195}]
=== *** FAILED test case 28 ***
=case          meeting_SUITE:mark
=logfile       meeting_suite.mark.259.html
=started       2021-03-09 16:09:47
=ended         2021-03-09 16:09:47
=result        failed: {undef,
                           [{meeting_SUITE,mark,
                                [[{watchdog,<0.375.0>},
                                  {tc_logfile,
                                      "/home/pbove/git/erlang-for-great-good/chapter28/ct/demo/ct_run.ct@pbove.2021-03-09_16.09.46/ct.demo.meeting_SUITE.logs/run.2021-03-09_16.09.46/meeting_suite.mark.259.html"},
                                  {tc_group_properties,
                                      [{name,clients},parallel]},
                                  {tc_group_path,
                                      [[{name,session}],
                                       [{suite,meeting_SUITE}]]},
                                  {data_dir,
                                      "/home/pbove/git/erlang-for-great-good/chapter28/ct/demo/meeting_SUITE_data/"},
                                  {priv_dir,
                                      "/home/pbove/git/erlang-for-great-good/chapter28/ct/demo/ct_run.ct@pbove.2021-03-09_16.09.46/ct.demo.meeting_SUITE.logs/run.2021-03-09_16.09.46/log_private/"}]],
                                []},
                            {test_server,ts_tc,3,
                                [{file,"test_server.erl"},{line,1754}]},
                            {test_server,run_test_case_eval1,6,
                                [{file,"test_server.erl"},{line,1263}]},
                            {test_server,run_test_case_eval,9,
                                [{file,"test_server.erl"},{line,1195}]}]}, [{meeting_SUITE,
                                                                             mark},
                                                                            {test_server,
                                                                             ts_tc,
                                                                             1754},
                                                                            {test_server,
                                                                             run_test_case_eval1,
                                                                             1263},
                                                                            {test_server,
                                                                             run_test_case_eval,
                                                                             1195}]
=== *** FAILED test case 29 ***
=case          meeting_SUITE:dog
=logfile       meeting_suite.dog.291.html
=started       2021-03-09 16:09:47
=ended         2021-03-09 16:09:47
=result        failed: {undef,
                           [{meeting_SUITE,dog,
                                [[{watchdog,<0.377.0>},
                                  {tc_logfile,
                                      "/home/pbove/git/erlang-for-great-good/chapter28/ct/demo/ct_run.ct@pbove.2021-03-09_16.09.46/ct.demo.meeting_SUITE.logs/run.2021-03-09_16.09.46/meeting_suite.dog.291.html"},
                                  {tc_group_properties,
                                      [{name,clients},parallel]},
                                  {tc_group_path,
                                      [[{name,session}],
                                       [{suite,meeting_SUITE}]]},
                                  {data_dir,
                                      "/home/pbove/git/erlang-for-great-good/chapter28/ct/demo/meeting_SUITE_data/"},
                                  {priv_dir,
                                      "/home/pbove/git/erlang-for-great-good/chapter28/ct/demo/ct_run.ct@pbove.2021-03-09_16.09.46/ct.demo.meeting_SUITE.logs/run.2021-03-09_16.09.46/log_private/"}]],
                                []},
                            {test_server,ts_tc,3,
                                [{file,"test_server.erl"},{line,1754}]},
                            {test_server,run_test_case_eval1,6,
                                [{file,"test_server.erl"},{line,1263}]},
                            {test_server,run_test_case_eval,9,
                                [{file,"test_server.erl"},{line,1195}]}]}, [{meeting_SUITE,
                                                                             dog},
                                                                            {test_server,
                                                                             ts_tc,
                                                                             1754},
                                                                            {test_server,
                                                                             run_test_case_eval1,
                                                                             1263},
                                                                            {test_server,
                                                                             run_test_case_eval,
                                                                             1195}]
=== *** FAILED test case 30 ***
=case          meeting_SUITE:end_per_group
=logfile       meeting_suite.end_per_group.323.html
=group_props   [{name,clients},parallel]
=started       2021-03-09 16:09:47
=ended         2021-03-09 16:09:47
=result        ok
=elapsed       0.0
=group_time    0.054s
=case          meeting_SUITE:all_same_owner
=logfile       meeting_suite.all_same_owner.html
=started       2021-03-09 16:09:47
=ended         2021-03-09 16:09:47
=result        failed: {undef,
                           [{meeting_SUITE,all_same_owner,
                                [[{watchdog,<0.383.0>},
                                  {tc_logfile,
                                      "/home/pbove/git/erlang-for-great-good/chapter28/ct/demo/ct_run.ct@pbove.2021-03-09_16.09.46/ct.demo.meeting_SUITE.logs/run.2021-03-09_16.09.46/meeting_suite.all_same_owner.html"},
                                  {tc_group_properties,[{name,session}]},
                                  {tc_group_path,[[{suite,meeting_SUITE}]]},
                                  {data_dir,
                                      "/home/pbove/git/erlang-for-great-good/chapter28/ct/demo/meeting_SUITE_data/"},
                                  {priv_dir,
                                      "/home/pbove/git/erlang-for-great-good/chapter28/ct/demo/ct_run.ct@pbove.2021-03-09_16.09.46/ct.demo.meeting_SUITE.logs/run.2021-03-09_16.09.46/log_private/"}]],
                                []},
                            {test_server,ts_tc,3,
                                [{file,"test_server.erl"},{line,1754}]},
                            {test_server,run_test_case_eval1,6,
                                [{file,"test_server.erl"},{line,1263}]},
                            {test_server,run_test_case_eval,9,
                                [{file,"test_server.erl"},{line,1195}]}]}, [{meeting_SUITE,
                                                                             all_same_owner},
                                                                            {test_server,
                                                                             ts_tc,
                                                                             1754},
                                                                            {test_server,
                                                                             run_test_case_eval1,
                                                                             1263},
                                                                            {test_server,
                                                                             run_test_case_eval,
                                                                             1195}]
=== *** FAILED test case 31 ***
=case          meeting_SUITE:end_per_group
=logfile       meeting_suite.end_per_group.355.html
=group_props   [{name,session}]
=started       2021-03-09 16:09:47
=ended         2021-03-09 16:09:47
=result        ok
=elapsed       4.0e-6
=group_time    0.955s
=case          ct_framework:end_per_suite
=logfile       ct_framework.end_per_suite.html
=group_props   [{suite,meeting_SUITE}]
=started       2021-03-09 16:09:47
=ended         2021-03-09 16:09:47
=result        ok
=elapsed       1.0e-6
=group_time    1.014s
=== TEST COMPLETE, 0 ok, 31 failed of 31 test cases

=finished      2021-03-09 16:09:47
=failed        31
=successful    0
=user_skipped  0
=auto_skipped  0
