=== Suite started at 2021-03-09 15:11:49
=== Starting test, 0 test cases
=cases         0
=user          pbove
=host          pbove
=hosts         pbove 
=emulator_vsn  11.1.7
=emulator      beam
=otp_release   23
=started       2021-03-09 15:11:49
=case          ct_framework:error_in_suite
=logfile       ct_framework.error_in_suite.html
=started       2021-03-09 15:11:49
=ended         2021-03-09 15:11:49
=result        failed: 'state_SUITE cannot be compiled or loaded', unknown_location
=== *** FAILED {ct_framework,error_in_suite} ***
=== TEST COMPLETE, 0 ok, 0 failed of 0 test cases

=finished      2021-03-09 15:11:49
=failed        0
=successful    0
=user_skipped  0
=auto_skipped  0
