=== Suite started at 2021-03-10 18:11:34
=== Starting test, 5 test cases
=cases         5
=user          pbove
=host          pbove
=hosts         pbove 
=emulator_vsn  11.1.7
=emulator      beam
=otp_release   23
=started       2021-03-10 18:11:34
=case          mafiapp_SUITE:init_per_suite
=logfile       mafiapp_suite.init_per_suite.html
=started       2021-03-10 18:11:34
=ended         2021-03-10 18:11:34
=result        ok
=elapsed       0.120506
=case          mafiapp_SUITE:add_service
=logfile       mafiapp_suite.add_service.html
=started       2021-03-10 18:11:34
=ended         2021-03-10 18:11:34
=result        ok
=elapsed       5.94e-4
=case          mafiapp_SUITE:friend_by_name
=logfile       mafiapp_suite.friend_by_name.html
=started       2021-03-10 18:11:34
=ended         2021-03-10 18:11:35
=result        ok
=elapsed       1.75e-4
=case          mafiapp_SUITE:friend_with_services
=logfile       mafiapp_suite.friend_with_services.html
=started       2021-03-10 18:11:35
=ended         2021-03-10 18:11:35
=result        ok
=elapsed       7.81e-4
=case          mafiapp_SUITE:friend_by_expertise
=logfile       mafiapp_suite.friend_by_expertise.html
=started       2021-03-10 18:11:35
=ended         2021-03-10 18:11:35
=result        ok
=elapsed       1.65e-4
=case          mafiapp_SUITE:accounts
=logfile       mafiapp_suite.accounts.html
=started       2021-03-10 18:11:35
=ended         2021-03-10 18:11:35
=result        ok
=elapsed       0.001368
=case          mafiapp_SUITE:end_per_suite
=logfile       mafiapp_suite.end_per_suite.html
=started       2021-03-10 18:11:35
=ended         2021-03-10 18:11:35
=result        ok
=elapsed       0.007
=group_time    0.283s
=== TEST COMPLETE, 5 ok, 0 failed of 5 test cases

=finished      2021-03-10 18:11:35
=failed        0
=successful    5
=user_skipped  0
=auto_skipped  0
