=== Suite started at 2021-03-10 14:16:56
=== Starting test, 3 test cases
=cases         3
=user          pbove
=host          pbove
=hosts         pbove 
=emulator_vsn  11.1.7
=emulator      beam
=otp_release   23
=started       2021-03-10 14:16:56
=case          mafiapp_SUITE:init_per_suite
=logfile       mafiapp_suite.init_per_suite.html
=started       2021-03-10 14:16:56
=ended         2021-03-10 14:16:56
=result        ok
=elapsed       0.168031
=case          mafiapp_SUITE:add_service
=logfile       mafiapp_suite.add_service.html
=started       2021-03-10 14:16:56
=ended         2021-03-10 14:16:56
=result        ok
=elapsed       7.23e-4
=case          mafiapp_SUITE:friend_by_name
=logfile       mafiapp_suite.friend_by_name.html
=started       2021-03-10 14:16:56
=ended         2021-03-10 14:16:56
=result        ok
=elapsed       1.96e-4
=case          mafiapp_SUITE:friend_with_services
=logfile       mafiapp_suite.friend_with_services.html
=started       2021-03-10 14:16:56
=ended         2021-03-10 14:16:56
=result        failed: {{badmatch,
                            {"Someone",
                             [{other,"at the fruit stand"}],
                             [weird,mysterious],
                             shadiness,
                             [{from,"Don Corleone",
                                  {1949,2,14},
                                  "Increased business"},
                              {to,"Don Corleone",
                                  {1949,12,25},
                                  "Gave a Christmas gift"}]}},
                        [{mafiapp_SUITE,friend_with_services,1,
                             [{file,"mafiapp_SUITE.erl"},{line,58}]},
                         {test_server,ts_tc,3,
                             [{file,"test_server.erl"},{line,1754}]},
                         {test_server,run_test_case_eval1,6,
                             [{file,"test_server.erl"},{line,1263}]},
                         {test_server,run_test_case_eval,9,
                             [{file,"test_server.erl"},{line,1195}]}]}, [{mafiapp_SUITE,
                                                                          friend_with_services,
                                                                          58},
                                                                         {test_server,
                                                                          ts_tc,
                                                                          1754},
                                                                         {test_server,
                                                                          run_test_case_eval1,
                                                                          1263},
                                                                         {test_server,
                                                                          run_test_case_eval,
                                                                          1195}]
=== *** FAILED test case 3 of 3 ***
=case          mafiapp_SUITE:end_per_suite
=logfile       mafiapp_suite.end_per_suite.html
=started       2021-03-10 14:16:56
=ended         2021-03-10 14:16:57
=result        ok
=elapsed       0.009461
=group_time    0.292s
=== TEST COMPLETE, 2 ok, 1 failed of 3 test cases

=finished      2021-03-10 14:16:57
=failed        1
=successful    2
=user_skipped  0
=auto_skipped  0
