=== Suite started at 2021-03-09 16:16:42
=== Starting test (with repeated test cases)
=cases         unknown
=user          pbove
=host          pbove
=hosts         pbove 
=emulator_vsn  11.1.7
=emulator      beam
=otp_release   23
=started       2021-03-09 16:16:42
=case          ct_framework:init_per_suite
=logfile       ct_framework.init_per_suite.html
=group_props   [{suite,meeting_SUITE}]
=started       2021-03-09 16:16:42
=ended         2021-03-09 16:16:42
=result        ok
=elapsed       0.0
=case          meeting_SUITE:init_per_group
=logfile       meeting_suite.init_per_group.html
=group_props   [{name,session}]
=started       2021-03-09 16:16:42
=ended         2021-03-09 16:16:42
=result        ok
=elapsed       0.00127
=case          meeting_SUITE:init_per_group
=logfile       meeting_suite.init_per_group.2.html
=group_props   [{name,clients},parallel,{repeat,10}]
=started       2021-03-09 16:16:42
=ended         2021-03-09 16:16:42
=result        ok
=elapsed       0.0
=case          meeting_SUITE:carla
=logfile       meeting_suite.carla.34.html
=started       2021-03-09 16:16:42
=ended         2021-03-09 16:16:42
=result        failed: {undef,
                           [{meeting_SUITE,carla,
                                [[{watchdog,<0.181.0>},
                                  {tc_logfile,
                                      "/home/pbove/git/erlang-for-great-good/chapter28/ct/demo/ct_run.ct@pbove.2021-03-09_16.16.42/ct.demo.meeting_SUITE.logs/run.2021-03-09_16.16.42/meeting_suite.carla.34.html"},
                                  {tc_group_properties,
                                      [{name,clients},parallel,{repeat,10}]},
                                  {tc_group_path,
                                      [[{name,session}],
                                       [{suite,meeting_SUITE}]]},
                                  {data_dir,
                                      "/home/pbove/git/erlang-for-great-good/chapter28/ct/demo/meeting_SUITE_data/"},
                                  {priv_dir,
                                      "/home/pbove/git/erlang-for-great-good/chapter28/ct/demo/ct_run.ct@pbove.2021-03-09_16.16.42/ct.demo.meeting_SUITE.logs/run.2021-03-09_16.16.42/log_private/"}]],
                                []},
                            {test_server,ts_tc,3,
                                [{file,"test_server.erl"},{line,1754}]},
                            {test_server,run_test_case_eval1,6,
                                [{file,"test_server.erl"},{line,1263}]},
                            {test_server,run_test_case_eval,9,
                                [{file,"test_server.erl"},{line,1195}]}]}, [{meeting_SUITE,
                                                                             carla},
                                                                            {test_server,
                                                                             ts_tc,
                                                                             1754},
                                                                            {test_server,
                                                                             run_test_case_eval1,
                                                                             1263},
                                                                            {test_server,
                                                                             run_test_case_eval,
                                                                             1195}]
=== *** FAILED test case 1 ***
=case          meeting_SUITE:mark
=logfile       meeting_suite.mark.66.html
=started       2021-03-09 16:16:42
=ended         2021-03-09 16:16:42
=result        failed: {undef,
                           [{meeting_SUITE,mark,
                                [[{watchdog,<0.180.0>},
                                  {tc_logfile,
                                      "/home/pbove/git/erlang-for-great-good/chapter28/ct/demo/ct_run.ct@pbove.2021-03-09_16.16.42/ct.demo.meeting_SUITE.logs/run.2021-03-09_16.16.42/meeting_suite.mark.66.html"},
                                  {tc_group_properties,
                                      [{name,clients},parallel,{repeat,10}]},
                                  {tc_group_path,
                                      [[{name,session}],
                                       [{suite,meeting_SUITE}]]},
                                  {data_dir,
                                      "/home/pbove/git/erlang-for-great-good/chapter28/ct/demo/meeting_SUITE_data/"},
                                  {priv_dir,
                                      "/home/pbove/git/erlang-for-great-good/chapter28/ct/demo/ct_run.ct@pbove.2021-03-09_16.16.42/ct.demo.meeting_SUITE.logs/run.2021-03-09_16.16.42/log_private/"}]],
                                []},
                            {test_server,ts_tc,3,
                                [{file,"test_server.erl"},{line,1754}]},
                            {test_server,run_test_case_eval1,6,
                                [{file,"test_server.erl"},{line,1263}]},
                            {test_server,run_test_case_eval,9,
                                [{file,"test_server.erl"},{line,1195}]}]}, [{meeting_SUITE,
                                                                             mark},
                                                                            {test_server,
                                                                             ts_tc,
                                                                             1754},
                                                                            {test_server,
                                                                             run_test_case_eval1,
                                                                             1263},
                                                                            {test_server,
                                                                             run_test_case_eval,
                                                                             1195}]
=== *** FAILED test case 2 ***
=case          meeting_SUITE:dog
=logfile       meeting_suite.dog.8.html
=started       2021-03-09 16:16:42
=ended         2021-03-09 16:16:42
=result        failed: {undef,
                           [{meeting_SUITE,dog,
                                [[{watchdog,<0.182.0>},
                                  {tc_logfile,
                                      "/home/pbove/git/erlang-for-great-good/chapter28/ct/demo/ct_run.ct@pbove.2021-03-09_16.16.42/ct.demo.meeting_SUITE.logs/run.2021-03-09_16.16.42/meeting_suite.dog.8.html"},
                                  {tc_group_properties,
                                      [{name,clients},parallel,{repeat,10}]},
                                  {tc_group_path,
                                      [[{name,session}],
                                       [{suite,meeting_SUITE}]]},
                                  {data_dir,
                                      "/home/pbove/git/erlang-for-great-good/chapter28/ct/demo/meeting_SUITE_data/"},
                                  {priv_dir,
                                      "/home/pbove/git/erlang-for-great-good/chapter28/ct/demo/ct_run.ct@pbove.2021-03-09_16.16.42/ct.demo.meeting_SUITE.logs/run.2021-03-09_16.16.42/log_private/"}]],
                                []},
                            {test_server,ts_tc,3,
                                [{file,"test_server.erl"},{line,1754}]},
                            {test_server,run_test_case_eval1,6,
                                [{file,"test_server.erl"},{line,1263}]},
                            {test_server,run_test_case_eval,9,
                                [{file,"test_server.erl"},{line,1195}]}]}, [{meeting_SUITE,
                                                                             dog},
                                                                            {test_server,
                                                                             ts_tc,
                                                                             1754},
                                                                            {test_server,
                                                                             run_test_case_eval1,
                                                                             1263},
                                                                            {test_server,
                                                                             run_test_case_eval,
                                                                             1195}]
=== *** FAILED test case 3 ***
=case          meeting_SUITE:end_per_group
=logfile       meeting_suite.end_per_group.html
=group_props   [{name,clients},parallel,{repeat,10}]
=started       2021-03-09 16:16:42
=ended         2021-03-09 16:16:42
=result        ok
=elapsed       0.0
=group_time    0.064s
=case          meeting_SUITE:init_per_group
=logfile       meeting_suite.init_per_group.7.html
=group_props   [{repeat,9},{name,clients},parallel]
=started       2021-03-09 16:16:42
=ended         2021-03-09 16:16:42
=result        ok
=elapsed       2.0e-6
=case          meeting_SUITE:carla
=logfile       meeting_suite.carla.39.html
=started       2021-03-09 16:16:42
=ended         2021-03-09 16:16:43
=result        failed: {undef,
                           [{meeting_SUITE,carla,
                                [[{watchdog,<0.202.0>},
                                  {tc_logfile,
                                      "/home/pbove/git/erlang-for-great-good/chapter28/ct/demo/ct_run.ct@pbove.2021-03-09_16.16.42/ct.demo.meeting_SUITE.logs/run.2021-03-09_16.16.42/meeting_suite.carla.39.html"},
                                  {tc_group_properties,
                                      [{repeat,9},{name,clients},parallel]},
                                  {tc_group_path,
                                      [[{name,session}],
                                       [{suite,meeting_SUITE}]]},
                                  {data_dir,
                                      "/home/pbove/git/erlang-for-great-good/chapter28/ct/demo/meeting_SUITE_data/"},
                                  {priv_dir,
                                      "/home/pbove/git/erlang-for-great-good/chapter28/ct/demo/ct_run.ct@pbove.2021-03-09_16.16.42/ct.demo.meeting_SUITE.logs/run.2021-03-09_16.16.42/log_private/"}]],
                                []},
                            {test_server,ts_tc,3,
                                [{file,"test_server.erl"},{line,1754}]},
                            {test_server,run_test_case_eval1,6,
                                [{file,"test_server.erl"},{line,1263}]},
                            {test_server,run_test_case_eval,9,
                                [{file,"test_server.erl"},{line,1195}]}]}, [{meeting_SUITE,
                                                                             carla},
                                                                            {test_server,
                                                                             ts_tc,
                                                                             1754},
                                                                            {test_server,
                                                                             run_test_case_eval1,
                                                                             1263},
                                                                            {test_server,
                                                                             run_test_case_eval,
                                                                             1195}]
=== *** FAILED test case 4 ***
=case          meeting_SUITE:mark
=logfile       meeting_suite.mark.71.html
=started       2021-03-09 16:16:42
=ended         2021-03-09 16:16:43
=result        failed: {undef,
                           [{meeting_SUITE,mark,
                                [[{watchdog,<0.203.0>},
                                  {tc_logfile,
                                      "/home/pbove/git/erlang-for-great-good/chapter28/ct/demo/ct_run.ct@pbove.2021-03-09_16.16.42/ct.demo.meeting_SUITE.logs/run.2021-03-09_16.16.42/meeting_suite.mark.71.html"},
                                  {tc_group_properties,
                                      [{repeat,9},{name,clients},parallel]},
                                  {tc_group_path,
                                      [[{name,session}],
                                       [{suite,meeting_SUITE}]]},
                                  {data_dir,
                                      "/home/pbove/git/erlang-for-great-good/chapter28/ct/demo/meeting_SUITE_data/"},
                                  {priv_dir,
                                      "/home/pbove/git/erlang-for-great-good/chapter28/ct/demo/ct_run.ct@pbove.2021-03-09_16.16.42/ct.demo.meeting_SUITE.logs/run.2021-03-09_16.16.42/log_private/"}]],
                                []},
                            {test_server,ts_tc,3,
                                [{file,"test_server.erl"},{line,1754}]},
                            {test_server,run_test_case_eval1,6,
                                [{file,"test_server.erl"},{line,1263}]},
                            {test_server,run_test_case_eval,9,
                                [{file,"test_server.erl"},{line,1195}]}]}, [{meeting_SUITE,
                                                                             mark},
                                                                            {test_server,
                                                                             ts_tc,
                                                                             1754},
                                                                            {test_server,
                                                                             run_test_case_eval1,
                                                                             1263},
                                                                            {test_server,
                                                                             run_test_case_eval,
                                                                             1195}]
=== *** FAILED test case 5 ***
=case          meeting_SUITE:dog
=logfile       meeting_suite.dog.103.html
=started       2021-03-09 16:16:42
=ended         2021-03-09 16:16:43
=result        failed: {undef,
                           [{meeting_SUITE,dog,
                                [[{watchdog,<0.204.0>},
                                  {tc_logfile,
                                      "/home/pbove/git/erlang-for-great-good/chapter28/ct/demo/ct_run.ct@pbove.2021-03-09_16.16.42/ct.demo.meeting_SUITE.logs/run.2021-03-09_16.16.42/meeting_suite.dog.103.html"},
                                  {tc_group_properties,
                                      [{repeat,9},{name,clients},parallel]},
                                  {tc_group_path,
                                      [[{name,session}],
                                       [{suite,meeting_SUITE}]]},
                                  {data_dir,
                                      "/home/pbove/git/erlang-for-great-good/chapter28/ct/demo/meeting_SUITE_data/"},
                                  {priv_dir,
                                      "/home/pbove/git/erlang-for-great-good/chapter28/ct/demo/ct_run.ct@pbove.2021-03-09_16.16.42/ct.demo.meeting_SUITE.logs/run.2021-03-09_16.16.42/log_private/"}]],
                                []},
                            {test_server,ts_tc,3,
                                [{file,"test_server.erl"},{line,1754}]},
                            {test_server,run_test_case_eval1,6,
                                [{file,"test_server.erl"},{line,1263}]},
                            {test_server,run_test_case_eval,9,
                                [{file,"test_server.erl"},{line,1195}]}]}, [{meeting_SUITE,
                                                                             dog},
                                                                            {test_server,
                                                                             ts_tc,
                                                                             1754},
                                                                            {test_server,
                                                                             run_test_case_eval1,
                                                                             1263},
                                                                            {test_server,
                                                                             run_test_case_eval,
                                                                             1195}]
=== *** FAILED test case 6 ***
=case          meeting_SUITE:end_per_group
=logfile       meeting_suite.end_per_group.135.html
=group_props   [{repeat,9},{name,clients},parallel]
=started       2021-03-09 16:16:43
=ended         2021-03-09 16:16:43
=result        ok
=elapsed       1.0e-6
=group_time    0.068s
=case          meeting_SUITE:init_per_group
=logfile       meeting_suite.init_per_group.167.html
=group_props   [{repeat,8},{name,clients},parallel]
=started       2021-03-09 16:16:43
=ended         2021-03-09 16:16:43
=result        ok
=elapsed       1.0e-6
=case          meeting_SUITE:carla
=logfile       meeting_suite.carla.199.html
=started       2021-03-09 16:16:43
=ended         2021-03-09 16:16:43
=result        failed: {undef,
                           [{meeting_SUITE,carla,
                                [[{watchdog,<0.222.0>},
                                  {tc_logfile,
                                      "/home/pbove/git/erlang-for-great-good/chapter28/ct/demo/ct_run.ct@pbove.2021-03-09_16.16.42/ct.demo.meeting_SUITE.logs/run.2021-03-09_16.16.42/meeting_suite.carla.199.html"},
                                  {tc_group_properties,
                                      [{repeat,8},{name,clients},parallel]},
                                  {tc_group_path,
                                      [[{name,session}],
                                       [{suite,meeting_SUITE}]]},
                                  {data_dir,
                                      "/home/pbove/git/erlang-for-great-good/chapter28/ct/demo/meeting_SUITE_data/"},
                                  {priv_dir,
                                      "/home/pbove/git/erlang-for-great-good/chapter28/ct/demo/ct_run.ct@pbove.2021-03-09_16.16.42/ct.demo.meeting_SUITE.logs/run.2021-03-09_16.16.42/log_private/"}]],
                                []},
                            {test_server,ts_tc,3,
                                [{file,"test_server.erl"},{line,1754}]},
                            {test_server,run_test_case_eval1,6,
                                [{file,"test_server.erl"},{line,1263}]},
                            {test_server,run_test_case_eval,9,
                                [{file,"test_server.erl"},{line,1195}]}]}, [{meeting_SUITE,
                                                                             carla},
                                                                            {test_server,
                                                                             ts_tc,
                                                                             1754},
                                                                            {test_server,
                                                                             run_test_case_eval1,
                                                                             1263},
                                                                            {test_server,
                                                                             run_test_case_eval,
                                                                             1195}]
=== *** FAILED test case 7 ***
=case          meeting_SUITE:mark
=logfile       meeting_suite.mark.5.html
=started       2021-03-09 16:16:43
=ended         2021-03-09 16:16:43
=result        failed: {undef,
                           [{meeting_SUITE,mark,
                                [[{watchdog,<0.225.0>},
                                  {tc_logfile,
                                      "/home/pbove/git/erlang-for-great-good/chapter28/ct/demo/ct_run.ct@pbove.2021-03-09_16.16.42/ct.demo.meeting_SUITE.logs/run.2021-03-09_16.16.42/meeting_suite.mark.5.html"},
                                  {tc_group_properties,
                                      [{repeat,8},{name,clients},parallel]},
                                  {tc_group_path,
                                      [[{name,session}],
                                       [{suite,meeting_SUITE}]]},
                                  {data_dir,
                                      "/home/pbove/git/erlang-for-great-good/chapter28/ct/demo/meeting_SUITE_data/"},
                                  {priv_dir,
                                      "/home/pbove/git/erlang-for-great-good/chapter28/ct/demo/ct_run.ct@pbove.2021-03-09_16.16.42/ct.demo.meeting_SUITE.logs/run.2021-03-09_16.16.42/log_private/"}]],
                                []},
                            {test_server,ts_tc,3,
                                [{file,"test_server.erl"},{line,1754}]},
                            {test_server,run_test_case_eval1,6,
                                [{file,"test_server.erl"},{line,1263}]},
                            {test_server,run_test_case_eval,9,
                                [{file,"test_server.erl"},{line,1195}]}]}, [{meeting_SUITE,
                                                                             mark},
                                                                            {test_server,
                                                                             ts_tc,
                                                                             1754},
                                                                            {test_server,
                                                                             run_test_case_eval1,
                                                                             1263},
                                                                            {test_server,
                                                                             run_test_case_eval,
                                                                             1195}]
=== *** FAILED test case 8 ***
=case          meeting_SUITE:dog
=logfile       meeting_suite.dog.231.html
=started       2021-03-09 16:16:43
=ended         2021-03-09 16:16:43
=result        failed: {undef,
                           [{meeting_SUITE,dog,
                                [[{watchdog,<0.226.0>},
                                  {tc_logfile,
                                      "/home/pbove/git/erlang-for-great-good/chapter28/ct/demo/ct_run.ct@pbove.2021-03-09_16.16.42/ct.demo.meeting_SUITE.logs/run.2021-03-09_16.16.42/meeting_suite.dog.231.html"},
                                  {tc_group_properties,
                                      [{repeat,8},{name,clients},parallel]},
                                  {tc_group_path,
                                      [[{name,session}],
                                       [{suite,meeting_SUITE}]]},
                                  {data_dir,
                                      "/home/pbove/git/erlang-for-great-good/chapter28/ct/demo/meeting_SUITE_data/"},
                                  {priv_dir,
                                      "/home/pbove/git/erlang-for-great-good/chapter28/ct/demo/ct_run.ct@pbove.2021-03-09_16.16.42/ct.demo.meeting_SUITE.logs/run.2021-03-09_16.16.42/log_private/"}]],
                                []},
                            {test_server,ts_tc,3,
                                [{file,"test_server.erl"},{line,1754}]},
                            {test_server,run_test_case_eval1,6,
                                [{file,"test_server.erl"},{line,1263}]},
                            {test_server,run_test_case_eval,9,
                                [{file,"test_server.erl"},{line,1195}]}]}, [{meeting_SUITE,
                                                                             dog},
                                                                            {test_server,
                                                                             ts_tc,
                                                                             1754},
                                                                            {test_server,
                                                                             run_test_case_eval1,
                                                                             1263},
                                                                            {test_server,
                                                                             run_test_case_eval,
                                                                             1195}]
=== *** FAILED test case 9 ***
=case          meeting_SUITE:end_per_group
=logfile       meeting_suite.end_per_group.263.html
=group_props   [{repeat,8},{name,clients},parallel]
=started       2021-03-09 16:16:43
=ended         2021-03-09 16:16:43
=result        ok
=elapsed       0.0
=group_time    0.059s
=case          meeting_SUITE:init_per_group
=logfile       meeting_suite.init_per_group.295.html
=group_props   [{repeat,7},{name,clients},parallel]
=started       2021-03-09 16:16:43
=ended         2021-03-09 16:16:43
=result        ok
=elapsed       0.0
=case          meeting_SUITE:carla
=logfile       meeting_suite.carla.327.html
=started       2021-03-09 16:16:43
=ended         2021-03-09 16:16:43
=result        failed: {undef,
                           [{meeting_SUITE,carla,
                                [[{watchdog,<0.247.0>},
                                  {tc_logfile,
                                      "/home/pbove/git/erlang-for-great-good/chapter28/ct/demo/ct_run.ct@pbove.2021-03-09_16.16.42/ct.demo.meeting_SUITE.logs/run.2021-03-09_16.16.42/meeting_suite.carla.327.html"},
                                  {tc_group_properties,
                                      [{repeat,7},{name,clients},parallel]},
                                  {tc_group_path,
                                      [[{name,session}],
                                       [{suite,meeting_SUITE}]]},
                                  {data_dir,
                                      "/home/pbove/git/erlang-for-great-good/chapter28/ct/demo/meeting_SUITE_data/"},
                                  {priv_dir,
                                      "/home/pbove/git/erlang-for-great-good/chapter28/ct/demo/ct_run.ct@pbove.2021-03-09_16.16.42/ct.demo.meeting_SUITE.logs/run.2021-03-09_16.16.42/log_private/"}]],
                                []},
                            {test_server,ts_tc,3,
                                [{file,"test_server.erl"},{line,1754}]},
                            {test_server,run_test_case_eval1,6,
                                [{file,"test_server.erl"},{line,1263}]},
                            {test_server,run_test_case_eval,9,
                                [{file,"test_server.erl"},{line,1195}]}]}, [{meeting_SUITE,
                                                                             carla},
                                                                            {test_server,
                                                                             ts_tc,
                                                                             1754},
                                                                            {test_server,
                                                                             run_test_case_eval1,
                                                                             1263},
                                                                            {test_server,
                                                                             run_test_case_eval,
                                                                             1195}]
=== *** FAILED test case 10 ***
=case          meeting_SUITE:mark
=logfile       meeting_suite.mark.359.html
=started       2021-03-09 16:16:43
=ended         2021-03-09 16:16:43
=result        failed: {undef,
                           [{meeting_SUITE,mark,
                                [[{watchdog,<0.246.0>},
                                  {tc_logfile,
                                      "/home/pbove/git/erlang-for-great-good/chapter28/ct/demo/ct_run.ct@pbove.2021-03-09_16.16.42/ct.demo.meeting_SUITE.logs/run.2021-03-09_16.16.42/meeting_suite.mark.359.html"},
                                  {tc_group_properties,
                                      [{repeat,7},{name,clients},parallel]},
                                  {tc_group_path,
                                      [[{name,session}],
                                       [{suite,meeting_SUITE}]]},
                                  {data_dir,
                                      "/home/pbove/git/erlang-for-great-good/chapter28/ct/demo/meeting_SUITE_data/"},
                                  {priv_dir,
                                      "/home/pbove/git/erlang-for-great-good/chapter28/ct/demo/ct_run.ct@pbove.2021-03-09_16.16.42/ct.demo.meeting_SUITE.logs/run.2021-03-09_16.16.42/log_private/"}]],
                                []},
                            {test_server,ts_tc,3,
                                [{file,"test_server.erl"},{line,1754}]},
                            {test_server,run_test_case_eval1,6,
                                [{file,"test_server.erl"},{line,1263}]},
                            {test_server,run_test_case_eval,9,
                                [{file,"test_server.erl"},{line,1195}]}]}, [{meeting_SUITE,
                                                                             mark},
                                                                            {test_server,
                                                                             ts_tc,
                                                                             1754},
                                                                            {test_server,
                                                                             run_test_case_eval1,
                                                                             1263},
                                                                            {test_server,
                                                                             run_test_case_eval,
                                                                             1195}]
=== *** FAILED test case 11 ***
=case          meeting_SUITE:dog
=logfile       meeting_suite.dog.391.html
=started       2021-03-09 16:16:43
=ended         2021-03-09 16:16:43
=result        failed: {undef,
                           [{meeting_SUITE,dog,
                                [[{watchdog,<0.248.0>},
                                  {tc_logfile,
                                      "/home/pbove/git/erlang-for-great-good/chapter28/ct/demo/ct_run.ct@pbove.2021-03-09_16.16.42/ct.demo.meeting_SUITE.logs/run.2021-03-09_16.16.42/meeting_suite.dog.391.html"},
                                  {tc_group_properties,
                                      [{repeat,7},{name,clients},parallel]},
                                  {tc_group_path,
                                      [[{name,session}],
                                       [{suite,meeting_SUITE}]]},
                                  {data_dir,
                                      "/home/pbove/git/erlang-for-great-good/chapter28/ct/demo/meeting_SUITE_data/"},
                                  {priv_dir,
                                      "/home/pbove/git/erlang-for-great-good/chapter28/ct/demo/ct_run.ct@pbove.2021-03-09_16.16.42/ct.demo.meeting_SUITE.logs/run.2021-03-09_16.16.42/log_private/"}]],
                                []},
                            {test_server,ts_tc,3,
                                [{file,"test_server.erl"},{line,1754}]},
                            {test_server,run_test_case_eval1,6,
                                [{file,"test_server.erl"},{line,1263}]},
                            {test_server,run_test_case_eval,9,
                                [{file,"test_server.erl"},{line,1195}]}]}, [{meeting_SUITE,
                                                                             dog},
                                                                            {test_server,
                                                                             ts_tc,
                                                                             1754},
                                                                            {test_server,
                                                                             run_test_case_eval1,
                                                                             1263},
                                                                            {test_server,
                                                                             run_test_case_eval,
                                                                             1195}]
=== *** FAILED test case 12 ***
=case          meeting_SUITE:end_per_group
=logfile       meeting_suite.end_per_group.423.html
=group_props   [{repeat,7},{name,clients},parallel]
=started       2021-03-09 16:16:43
=ended         2021-03-09 16:16:43
=result        ok
=elapsed       0.0
=group_time    0.065s
=case          meeting_SUITE:init_per_group
=logfile       meeting_suite.init_per_group.455.html
=group_props   [{repeat,6},{name,clients},parallel]
=started       2021-03-09 16:16:43
=ended         2021-03-09 16:16:43
=result        ok
=elapsed       2.0e-6
=case          meeting_SUITE:carla
=logfile       meeting_suite.carla.487.html
=started       2021-03-09 16:16:43
=ended         2021-03-09 16:16:43
=result        failed: {undef,
                           [{meeting_SUITE,carla,
                                [[{watchdog,<0.268.0>},
                                  {tc_logfile,
                                      "/home/pbove/git/erlang-for-great-good/chapter28/ct/demo/ct_run.ct@pbove.2021-03-09_16.16.42/ct.demo.meeting_SUITE.logs/run.2021-03-09_16.16.42/meeting_suite.carla.487.html"},
                                  {tc_group_properties,
                                      [{repeat,6},{name,clients},parallel]},
                                  {tc_group_path,
                                      [[{name,session}],
                                       [{suite,meeting_SUITE}]]},
                                  {data_dir,
                                      "/home/pbove/git/erlang-for-great-good/chapter28/ct/demo/meeting_SUITE_data/"},
                                  {priv_dir,
                                      "/home/pbove/git/erlang-for-great-good/chapter28/ct/demo/ct_run.ct@pbove.2021-03-09_16.16.42/ct.demo.meeting_SUITE.logs/run.2021-03-09_16.16.42/log_private/"}]],
                                []},
                            {test_server,ts_tc,3,
                                [{file,"test_server.erl"},{line,1754}]},
                            {test_server,run_test_case_eval1,6,
                                [{file,"test_server.erl"},{line,1263}]},
                            {test_server,run_test_case_eval,9,
                                [{file,"test_server.erl"},{line,1195}]}]}, [{meeting_SUITE,
                                                                             carla},
                                                                            {test_server,
                                                                             ts_tc,
                                                                             1754},
                                                                            {test_server,
                                                                             run_test_case_eval1,
                                                                             1263},
                                                                            {test_server,
                                                                             run_test_case_eval,
                                                                             1195}]
=== *** FAILED test case 13 ***
=case          meeting_SUITE:mark
=logfile       meeting_suite.mark.519.html
=started       2021-03-09 16:16:43
=ended         2021-03-09 16:16:43
=result        failed: {undef,
                           [{meeting_SUITE,mark,
                                [[{watchdog,<0.269.0>},
                                  {tc_logfile,
                                      "/home/pbove/git/erlang-for-great-good/chapter28/ct/demo/ct_run.ct@pbove.2021-03-09_16.16.42/ct.demo.meeting_SUITE.logs/run.2021-03-09_16.16.42/meeting_suite.mark.519.html"},
                                  {tc_group_properties,
                                      [{repeat,6},{name,clients},parallel]},
                                  {tc_group_path,
                                      [[{name,session}],
                                       [{suite,meeting_SUITE}]]},
                                  {data_dir,
                                      "/home/pbove/git/erlang-for-great-good/chapter28/ct/demo/meeting_SUITE_data/"},
                                  {priv_dir,
                                      "/home/pbove/git/erlang-for-great-good/chapter28/ct/demo/ct_run.ct@pbove.2021-03-09_16.16.42/ct.demo.meeting_SUITE.logs/run.2021-03-09_16.16.42/log_private/"}]],
                                []},
                            {test_server,ts_tc,3,
                                [{file,"test_server.erl"},{line,1754}]},
                            {test_server,run_test_case_eval1,6,
                                [{file,"test_server.erl"},{line,1263}]},
                            {test_server,run_test_case_eval,9,
                                [{file,"test_server.erl"},{line,1195}]}]}, [{meeting_SUITE,
                                                                             mark},
                                                                            {test_server,
                                                                             ts_tc,
                                                                             1754},
                                                                            {test_server,
                                                                             run_test_case_eval1,
                                                                             1263},
                                                                            {test_server,
                                                                             run_test_case_eval,
                                                                             1195}]
=== *** FAILED test case 14 ***
=case          meeting_SUITE:dog
=logfile       meeting_suite.dog.37.html
=started       2021-03-09 16:16:43
=ended         2021-03-09 16:16:43
=result        failed: {undef,
                           [{meeting_SUITE,dog,
                                [[{watchdog,<0.270.0>},
                                  {tc_logfile,
                                      "/home/pbove/git/erlang-for-great-good/chapter28/ct/demo/ct_run.ct@pbove.2021-03-09_16.16.42/ct.demo.meeting_SUITE.logs/run.2021-03-09_16.16.42/meeting_suite.dog.37.html"},
                                  {tc_group_properties,
                                      [{repeat,6},{name,clients},parallel]},
                                  {tc_group_path,
                                      [[{name,session}],
                                       [{suite,meeting_SUITE}]]},
                                  {data_dir,
                                      "/home/pbove/git/erlang-for-great-good/chapter28/ct/demo/meeting_SUITE_data/"},
                                  {priv_dir,
                                      "/home/pbove/git/erlang-for-great-good/chapter28/ct/demo/ct_run.ct@pbove.2021-03-09_16.16.42/ct.demo.meeting_SUITE.logs/run.2021-03-09_16.16.42/log_private/"}]],
                                []},
                            {test_server,ts_tc,3,
                                [{file,"test_server.erl"},{line,1754}]},
                            {test_server,run_test_case_eval1,6,
                                [{file,"test_server.erl"},{line,1263}]},
                            {test_server,run_test_case_eval,9,
                                [{file,"test_server.erl"},{line,1195}]}]}, [{meeting_SUITE,
                                                                             dog},
                                                                            {test_server,
                                                                             ts_tc,
                                                                             1754},
                                                                            {test_server,
                                                                             run_test_case_eval1,
                                                                             1263},
                                                                            {test_server,
                                                                             run_test_case_eval,
                                                                             1195}]
=== *** FAILED test case 15 ***
=case          meeting_SUITE:end_per_group
=logfile       meeting_suite.end_per_group.69.html
=group_props   [{repeat,6},{name,clients},parallel]
=started       2021-03-09 16:16:43
=ended         2021-03-09 16:16:43
=result        ok
=elapsed       1.0e-6
=group_time    0.062s
=case          meeting_SUITE:init_per_group
=logfile       meeting_suite.init_per_group.101.html
=group_props   [{repeat,5},{name,clients},parallel]
=started       2021-03-09 16:16:43
=ended         2021-03-09 16:16:43
=result        ok
=elapsed       1.0e-6
=case          meeting_SUITE:carla
=logfile       meeting_suite.carla.133.html
=started       2021-03-09 16:16:43
=ended         2021-03-09 16:16:43
=result        failed: {undef,
                           [{meeting_SUITE,carla,
                                [[{watchdog,<0.290.0>},
                                  {tc_logfile,
                                      "/home/pbove/git/erlang-for-great-good/chapter28/ct/demo/ct_run.ct@pbove.2021-03-09_16.16.42/ct.demo.meeting_SUITE.logs/run.2021-03-09_16.16.42/meeting_suite.carla.133.html"},
                                  {tc_group_properties,
                                      [{repeat,5},{name,clients},parallel]},
                                  {tc_group_path,
                                      [[{name,session}],
                                       [{suite,meeting_SUITE}]]},
                                  {data_dir,
                                      "/home/pbove/git/erlang-for-great-good/chapter28/ct/demo/meeting_SUITE_data/"},
                                  {priv_dir,
                                      "/home/pbove/git/erlang-for-great-good/chapter28/ct/demo/ct_run.ct@pbove.2021-03-09_16.16.42/ct.demo.meeting_SUITE.logs/run.2021-03-09_16.16.42/log_private/"}]],
                                []},
                            {test_server,ts_tc,3,
                                [{file,"test_server.erl"},{line,1754}]},
                            {test_server,run_test_case_eval1,6,
                                [{file,"test_server.erl"},{line,1263}]},
                            {test_server,run_test_case_eval,9,
                                [{file,"test_server.erl"},{line,1195}]}]}, [{meeting_SUITE,
                                                                             carla},
                                                                            {test_server,
                                                                             ts_tc,
                                                                             1754},
                                                                            {test_server,
                                                                             run_test_case_eval1,
                                                                             1263},
                                                                            {test_server,
                                                                             run_test_case_eval,
                                                                             1195}]
=== *** FAILED test case 16 ***
=case          meeting_SUITE:mark
=logfile       meeting_suite.mark.165.html
=started       2021-03-09 16:16:43
=ended         2021-03-09 16:16:43
=result        failed: {undef,
                           [{meeting_SUITE,mark,
                                [[{watchdog,<0.291.0>},
                                  {tc_logfile,
                                      "/home/pbove/git/erlang-for-great-good/chapter28/ct/demo/ct_run.ct@pbove.2021-03-09_16.16.42/ct.demo.meeting_SUITE.logs/run.2021-03-09_16.16.42/meeting_suite.mark.165.html"},
                                  {tc_group_properties,
                                      [{repeat,5},{name,clients},parallel]},
                                  {tc_group_path,
                                      [[{name,session}],
                                       [{suite,meeting_SUITE}]]},
                                  {data_dir,
                                      "/home/pbove/git/erlang-for-great-good/chapter28/ct/demo/meeting_SUITE_data/"},
                                  {priv_dir,
                                      "/home/pbove/git/erlang-for-great-good/chapter28/ct/demo/ct_run.ct@pbove.2021-03-09_16.16.42/ct.demo.meeting_SUITE.logs/run.2021-03-09_16.16.42/log_private/"}]],
                                []},
                            {test_server,ts_tc,3,
                                [{file,"test_server.erl"},{line,1754}]},
                            {test_server,run_test_case_eval1,6,
                                [{file,"test_server.erl"},{line,1263}]},
                            {test_server,run_test_case_eval,9,
                                [{file,"test_server.erl"},{line,1195}]}]}, [{meeting_SUITE,
                                                                             mark},
                                                                            {test_server,
                                                                             ts_tc,
                                                                             1754},
                                                                            {test_server,
                                                                             run_test_case_eval1,
                                                                             1263},
                                                                            {test_server,
                                                                             run_test_case_eval,
                                                                             1195}]
=== *** FAILED test case 17 ***
=case          meeting_SUITE:dog
=logfile       meeting_suite.dog.197.html
=started       2021-03-09 16:16:43
=ended         2021-03-09 16:16:43
=result        failed: {undef,
                           [{meeting_SUITE,dog,
                                [[{watchdog,<0.292.0>},
                                  {tc_logfile,
                                      "/home/pbove/git/erlang-for-great-good/chapter28/ct/demo/ct_run.ct@pbove.2021-03-09_16.16.42/ct.demo.meeting_SUITE.logs/run.2021-03-09_16.16.42/meeting_suite.dog.197.html"},
                                  {tc_group_properties,
                                      [{repeat,5},{name,clients},parallel]},
                                  {tc_group_path,
                                      [[{name,session}],
                                       [{suite,meeting_SUITE}]]},
                                  {data_dir,
                                      "/home/pbove/git/erlang-for-great-good/chapter28/ct/demo/meeting_SUITE_data/"},
                                  {priv_dir,
                                      "/home/pbove/git/erlang-for-great-good/chapter28/ct/demo/ct_run.ct@pbove.2021-03-09_16.16.42/ct.demo.meeting_SUITE.logs/run.2021-03-09_16.16.42/log_private/"}]],
                                []},
                            {test_server,ts_tc,3,
                                [{file,"test_server.erl"},{line,1754}]},
                            {test_server,run_test_case_eval1,6,
                                [{file,"test_server.erl"},{line,1263}]},
                            {test_server,run_test_case_eval,9,
                                [{file,"test_server.erl"},{line,1195}]}]}, [{meeting_SUITE,
                                                                             dog},
                                                                            {test_server,
                                                                             ts_tc,
                                                                             1754},
                                                                            {test_server,
                                                                             run_test_case_eval1,
                                                                             1263},
                                                                            {test_server,
                                                                             run_test_case_eval,
                                                                             1195}]
=== *** FAILED test case 18 ***
=case          meeting_SUITE:end_per_group
=logfile       meeting_suite.end_per_group.229.html
=group_props   [{repeat,5},{name,clients},parallel]
=started       2021-03-09 16:16:43
=ended         2021-03-09 16:16:43
=result        ok
=elapsed       0.0
=group_time    0.059s
=case          meeting_SUITE:init_per_group
=logfile       meeting_suite.init_per_group.261.html
=group_props   [{repeat,4},{name,clients},parallel]
=started       2021-03-09 16:16:43
=ended         2021-03-09 16:16:43
=result        ok
=elapsed       0.0
=case          meeting_SUITE:carla
=logfile       meeting_suite.carla.293.html
=started       2021-03-09 16:16:43
=ended         2021-03-09 16:16:43
=result        failed: {undef,
                           [{meeting_SUITE,carla,
                                [[{watchdog,<0.312.0>},
                                  {tc_logfile,
                                      "/home/pbove/git/erlang-for-great-good/chapter28/ct/demo/ct_run.ct@pbove.2021-03-09_16.16.42/ct.demo.meeting_SUITE.logs/run.2021-03-09_16.16.42/meeting_suite.carla.293.html"},
                                  {tc_group_properties,
                                      [{repeat,4},{name,clients},parallel]},
                                  {tc_group_path,
                                      [[{name,session}],
                                       [{suite,meeting_SUITE}]]},
                                  {data_dir,
                                      "/home/pbove/git/erlang-for-great-good/chapter28/ct/demo/meeting_SUITE_data/"},
                                  {priv_dir,
                                      "/home/pbove/git/erlang-for-great-good/chapter28/ct/demo/ct_run.ct@pbove.2021-03-09_16.16.42/ct.demo.meeting_SUITE.logs/run.2021-03-09_16.16.42/log_private/"}]],
                                []},
                            {test_server,ts_tc,3,
                                [{file,"test_server.erl"},{line,1754}]},
                            {test_server,run_test_case_eval1,6,
                                [{file,"test_server.erl"},{line,1263}]},
                            {test_server,run_test_case_eval,9,
                                [{file,"test_server.erl"},{line,1195}]}]}, [{meeting_SUITE,
                                                                             carla},
                                                                            {test_server,
                                                                             ts_tc,
                                                                             1754},
                                                                            {test_server,
                                                                             run_test_case_eval1,
                                                                             1263},
                                                                            {test_server,
                                                                             run_test_case_eval,
                                                                             1195}]
=== *** FAILED test case 19 ***
=case          meeting_SUITE:mark
=logfile       meeting_suite.mark.357.html
=started       2021-03-09 16:16:43
=ended         2021-03-09 16:16:43
=result        failed: {undef,
                           [{meeting_SUITE,mark,
                                [[{watchdog,<0.313.0>},
                                  {tc_logfile,
                                      "/home/pbove/git/erlang-for-great-good/chapter28/ct/demo/ct_run.ct@pbove.2021-03-09_16.16.42/ct.demo.meeting_SUITE.logs/run.2021-03-09_16.16.42/meeting_suite.mark.357.html"},
                                  {tc_group_properties,
                                      [{repeat,4},{name,clients},parallel]},
                                  {tc_group_path,
                                      [[{name,session}],
                                       [{suite,meeting_SUITE}]]},
                                  {data_dir,
                                      "/home/pbove/git/erlang-for-great-good/chapter28/ct/demo/meeting_SUITE_data/"},
                                  {priv_dir,
                                      "/home/pbove/git/erlang-for-great-good/chapter28/ct/demo/ct_run.ct@pbove.2021-03-09_16.16.42/ct.demo.meeting_SUITE.logs/run.2021-03-09_16.16.42/log_private/"}]],
                                []},
                            {test_server,ts_tc,3,
                                [{file,"test_server.erl"},{line,1754}]},
                            {test_server,run_test_case_eval1,6,
                                [{file,"test_server.erl"},{line,1263}]},
                            {test_server,run_test_case_eval,9,
                                [{file,"test_server.erl"},{line,1195}]}]}, [{meeting_SUITE,
                                                                             mark},
                                                                            {test_server,
                                                                             ts_tc,
                                                                             1754},
                                                                            {test_server,
                                                                             run_test_case_eval1,
                                                                             1263},
                                                                            {test_server,
                                                                             run_test_case_eval,
                                                                             1195}]
=== *** FAILED test case 20 ***
=case          meeting_SUITE:dog
=logfile       meeting_suite.dog.325.html
=started       2021-03-09 16:16:43
=ended         2021-03-09 16:16:43
=result        failed: {undef,
                           [{meeting_SUITE,dog,
                                [[{watchdog,<0.314.0>},
                                  {tc_logfile,
                                      "/home/pbove/git/erlang-for-great-good/chapter28/ct/demo/ct_run.ct@pbove.2021-03-09_16.16.42/ct.demo.meeting_SUITE.logs/run.2021-03-09_16.16.42/meeting_suite.dog.325.html"},
                                  {tc_group_properties,
                                      [{repeat,4},{name,clients},parallel]},
                                  {tc_group_path,
                                      [[{name,session}],
                                       [{suite,meeting_SUITE}]]},
                                  {data_dir,
                                      "/home/pbove/git/erlang-for-great-good/chapter28/ct/demo/meeting_SUITE_data/"},
                                  {priv_dir,
                                      "/home/pbove/git/erlang-for-great-good/chapter28/ct/demo/ct_run.ct@pbove.2021-03-09_16.16.42/ct.demo.meeting_SUITE.logs/run.2021-03-09_16.16.42/log_private/"}]],
                                []},
                            {test_server,ts_tc,3,
                                [{file,"test_server.erl"},{line,1754}]},
                            {test_server,run_test_case_eval1,6,
                                [{file,"test_server.erl"},{line,1263}]},
                            {test_server,run_test_case_eval,9,
                                [{file,"test_server.erl"},{line,1195}]}]}, [{meeting_SUITE,
                                                                             dog},
                                                                            {test_server,
                                                                             ts_tc,
                                                                             1754},
                                                                            {test_server,
                                                                             run_test_case_eval1,
                                                                             1263},
                                                                            {test_server,
                                                                             run_test_case_eval,
                                                                             1195}]
=== *** FAILED test case 21 ***
=case          meeting_SUITE:end_per_group
=logfile       meeting_suite.end_per_group.98.html
=group_props   [{repeat,4},{name,clients},parallel]
=started       2021-03-09 16:16:43
=ended         2021-03-09 16:16:43
=result        ok
=elapsed       3.0e-6
=group_time    0.086s
=case          meeting_SUITE:init_per_group
=logfile       meeting_suite.init_per_group.130.html
=group_props   [{repeat,3},{name,clients},parallel]
=started       2021-03-09 16:16:43
=ended         2021-03-09 16:16:43
=result        ok
=elapsed       0.0
=case          meeting_SUITE:carla
=logfile       meeting_suite.carla.162.html
=started       2021-03-09 16:16:43
=ended         2021-03-09 16:16:43
=result        failed: {undef,
                           [{meeting_SUITE,carla,
                                [[{watchdog,<0.334.0>},
                                  {tc_logfile,
                                      "/home/pbove/git/erlang-for-great-good/chapter28/ct/demo/ct_run.ct@pbove.2021-03-09_16.16.42/ct.demo.meeting_SUITE.logs/run.2021-03-09_16.16.42/meeting_suite.carla.162.html"},
                                  {tc_group_properties,
                                      [{repeat,3},{name,clients},parallel]},
                                  {tc_group_path,
                                      [[{name,session}],
                                       [{suite,meeting_SUITE}]]},
                                  {data_dir,
                                      "/home/pbove/git/erlang-for-great-good/chapter28/ct/demo/meeting_SUITE_data/"},
                                  {priv_dir,
                                      "/home/pbove/git/erlang-for-great-good/chapter28/ct/demo/ct_run.ct@pbove.2021-03-09_16.16.42/ct.demo.meeting_SUITE.logs/run.2021-03-09_16.16.42/log_private/"}]],
                                []},
                            {test_server,ts_tc,3,
                                [{file,"test_server.erl"},{line,1754}]},
                            {test_server,run_test_case_eval1,6,
                                [{file,"test_server.erl"},{line,1263}]},
                            {test_server,run_test_case_eval,9,
                                [{file,"test_server.erl"},{line,1195}]}]}, [{meeting_SUITE,
                                                                             carla},
                                                                            {test_server,
                                                                             ts_tc,
                                                                             1754},
                                                                            {test_server,
                                                                             run_test_case_eval1,
                                                                             1263},
                                                                            {test_server,
                                                                             run_test_case_eval,
                                                                             1195}]
=== *** FAILED test case 22 ***
=case          meeting_SUITE:mark
=logfile       meeting_suite.mark.6.html
=started       2021-03-09 16:16:43
=ended         2021-03-09 16:16:43
=result        failed: {undef,
                           [{meeting_SUITE,mark,
                                [[{watchdog,<0.333.0>},
                                  {tc_logfile,
                                      "/home/pbove/git/erlang-for-great-good/chapter28/ct/demo/ct_run.ct@pbove.2021-03-09_16.16.42/ct.demo.meeting_SUITE.logs/run.2021-03-09_16.16.42/meeting_suite.mark.6.html"},
                                  {tc_group_properties,
                                      [{repeat,3},{name,clients},parallel]},
                                  {tc_group_path,
                                      [[{name,session}],
                                       [{suite,meeting_SUITE}]]},
                                  {data_dir,
                                      "/home/pbove/git/erlang-for-great-good/chapter28/ct/demo/meeting_SUITE_data/"},
                                  {priv_dir,
                                      "/home/pbove/git/erlang-for-great-good/chapter28/ct/demo/ct_run.ct@pbove.2021-03-09_16.16.42/ct.demo.meeting_SUITE.logs/run.2021-03-09_16.16.42/log_private/"}]],
                                []},
                            {test_server,ts_tc,3,
                                [{file,"test_server.erl"},{line,1754}]},
                            {test_server,run_test_case_eval1,6,
                                [{file,"test_server.erl"},{line,1263}]},
                            {test_server,run_test_case_eval,9,
                                [{file,"test_server.erl"},{line,1195}]}]}, [{meeting_SUITE,
                                                                             mark},
                                                                            {test_server,
                                                                             ts_tc,
                                                                             1754},
                                                                            {test_server,
                                                                             run_test_case_eval1,
                                                                             1263},
                                                                            {test_server,
                                                                             run_test_case_eval,
                                                                             1195}]
=== *** FAILED test case 23 ***
=case          meeting_SUITE:dog
=logfile       meeting_suite.dog.194.html
=started       2021-03-09 16:16:43
=ended         2021-03-09 16:16:43
=result        failed: {undef,
                           [{meeting_SUITE,dog,
                                [[{watchdog,<0.336.0>},
                                  {tc_logfile,
                                      "/home/pbove/git/erlang-for-great-good/chapter28/ct/demo/ct_run.ct@pbove.2021-03-09_16.16.42/ct.demo.meeting_SUITE.logs/run.2021-03-09_16.16.42/meeting_suite.dog.194.html"},
                                  {tc_group_properties,
                                      [{repeat,3},{name,clients},parallel]},
                                  {tc_group_path,
                                      [[{name,session}],
                                       [{suite,meeting_SUITE}]]},
                                  {data_dir,
                                      "/home/pbove/git/erlang-for-great-good/chapter28/ct/demo/meeting_SUITE_data/"},
                                  {priv_dir,
                                      "/home/pbove/git/erlang-for-great-good/chapter28/ct/demo/ct_run.ct@pbove.2021-03-09_16.16.42/ct.demo.meeting_SUITE.logs/run.2021-03-09_16.16.42/log_private/"}]],
                                []},
                            {test_server,ts_tc,3,
                                [{file,"test_server.erl"},{line,1754}]},
                            {test_server,run_test_case_eval1,6,
                                [{file,"test_server.erl"},{line,1263}]},
                            {test_server,run_test_case_eval,9,
                                [{file,"test_server.erl"},{line,1195}]}]}, [{meeting_SUITE,
                                                                             dog},
                                                                            {test_server,
                                                                             ts_tc,
                                                                             1754},
                                                                            {test_server,
                                                                             run_test_case_eval1,
                                                                             1263},
                                                                            {test_server,
                                                                             run_test_case_eval,
                                                                             1195}]
=== *** FAILED test case 24 ***
=case          meeting_SUITE:end_per_group
=logfile       meeting_suite.end_per_group.226.html
=group_props   [{repeat,3},{name,clients},parallel]
=started       2021-03-09 16:16:43
=ended         2021-03-09 16:16:43
=result        ok
=elapsed       2.0e-6
=group_time    0.058s
=case          meeting_SUITE:init_per_group
=logfile       meeting_suite.init_per_group.258.html
=group_props   [{repeat,2},{name,clients},parallel]
=started       2021-03-09 16:16:43
=ended         2021-03-09 16:16:43
=result        ok
=elapsed       0.0
=case          meeting_SUITE:carla
=logfile       meeting_suite.carla.290.html
=started       2021-03-09 16:16:43
=ended         2021-03-09 16:16:43
=result        failed: {undef,
                           [{meeting_SUITE,carla,
                                [[{watchdog,<0.357.0>},
                                  {tc_logfile,
                                      "/home/pbove/git/erlang-for-great-good/chapter28/ct/demo/ct_run.ct@pbove.2021-03-09_16.16.42/ct.demo.meeting_SUITE.logs/run.2021-03-09_16.16.42/meeting_suite.carla.290.html"},
                                  {tc_group_properties,
                                      [{repeat,2},{name,clients},parallel]},
                                  {tc_group_path,
                                      [[{name,session}],
                                       [{suite,meeting_SUITE}]]},
                                  {data_dir,
                                      "/home/pbove/git/erlang-for-great-good/chapter28/ct/demo/meeting_SUITE_data/"},
                                  {priv_dir,
                                      "/home/pbove/git/erlang-for-great-good/chapter28/ct/demo/ct_run.ct@pbove.2021-03-09_16.16.42/ct.demo.meeting_SUITE.logs/run.2021-03-09_16.16.42/log_private/"}]],
                                []},
                            {test_server,ts_tc,3,
                                [{file,"test_server.erl"},{line,1754}]},
                            {test_server,run_test_case_eval1,6,
                                [{file,"test_server.erl"},{line,1263}]},
                            {test_server,run_test_case_eval,9,
                                [{file,"test_server.erl"},{line,1195}]}]}, [{meeting_SUITE,
                                                                             carla},
                                                                            {test_server,
                                                                             ts_tc,
                                                                             1754},
                                                                            {test_server,
                                                                             run_test_case_eval1,
                                                                             1263},
                                                                            {test_server,
                                                                             run_test_case_eval,
                                                                             1195}]
=== *** FAILED test case 25 ***
=case          meeting_SUITE:mark
=logfile       meeting_suite.mark.322.html
=started       2021-03-09 16:16:43
=ended         2021-03-09 16:16:43
=result        failed: {undef,
                           [{meeting_SUITE,mark,
                                [[{watchdog,<0.356.0>},
                                  {tc_logfile,
                                      "/home/pbove/git/erlang-for-great-good/chapter28/ct/demo/ct_run.ct@pbove.2021-03-09_16.16.42/ct.demo.meeting_SUITE.logs/run.2021-03-09_16.16.42/meeting_suite.mark.322.html"},
                                  {tc_group_properties,
                                      [{repeat,2},{name,clients},parallel]},
                                  {tc_group_path,
                                      [[{name,session}],
                                       [{suite,meeting_SUITE}]]},
                                  {data_dir,
                                      "/home/pbove/git/erlang-for-great-good/chapter28/ct/demo/meeting_SUITE_data/"},
                                  {priv_dir,
                                      "/home/pbove/git/erlang-for-great-good/chapter28/ct/demo/ct_run.ct@pbove.2021-03-09_16.16.42/ct.demo.meeting_SUITE.logs/run.2021-03-09_16.16.42/log_private/"}]],
                                []},
                            {test_server,ts_tc,3,
                                [{file,"test_server.erl"},{line,1754}]},
                            {test_server,run_test_case_eval1,6,
                                [{file,"test_server.erl"},{line,1263}]},
                            {test_server,run_test_case_eval,9,
                                [{file,"test_server.erl"},{line,1195}]}]}, [{meeting_SUITE,
                                                                             mark},
                                                                            {test_server,
                                                                             ts_tc,
                                                                             1754},
                                                                            {test_server,
                                                                             run_test_case_eval1,
                                                                             1263},
                                                                            {test_server,
                                                                             run_test_case_eval,
                                                                             1195}]
=== *** FAILED test case 26 ***
=case          meeting_SUITE:dog
=logfile       meeting_suite.dog.354.html
=started       2021-03-09 16:16:43
=ended         2021-03-09 16:16:43
=result        failed: {undef,
                           [{meeting_SUITE,dog,
                                [[{watchdog,<0.358.0>},
                                  {tc_logfile,
                                      "/home/pbove/git/erlang-for-great-good/chapter28/ct/demo/ct_run.ct@pbove.2021-03-09_16.16.42/ct.demo.meeting_SUITE.logs/run.2021-03-09_16.16.42/meeting_suite.dog.354.html"},
                                  {tc_group_properties,
                                      [{repeat,2},{name,clients},parallel]},
                                  {tc_group_path,
                                      [[{name,session}],
                                       [{suite,meeting_SUITE}]]},
                                  {data_dir,
                                      "/home/pbove/git/erlang-for-great-good/chapter28/ct/demo/meeting_SUITE_data/"},
                                  {priv_dir,
                                      "/home/pbove/git/erlang-for-great-good/chapter28/ct/demo/ct_run.ct@pbove.2021-03-09_16.16.42/ct.demo.meeting_SUITE.logs/run.2021-03-09_16.16.42/log_private/"}]],
                                []},
                            {test_server,ts_tc,3,
                                [{file,"test_server.erl"},{line,1754}]},
                            {test_server,run_test_case_eval1,6,
                                [{file,"test_server.erl"},{line,1263}]},
                            {test_server,run_test_case_eval,9,
                                [{file,"test_server.erl"},{line,1195}]}]}, [{meeting_SUITE,
                                                                             dog},
                                                                            {test_server,
                                                                             ts_tc,
                                                                             1754},
                                                                            {test_server,
                                                                             run_test_case_eval1,
                                                                             1263},
                                                                            {test_server,
                                                                             run_test_case_eval,
                                                                             1195}]
=== *** FAILED test case 27 ***
=case          meeting_SUITE:end_per_group
=logfile       meeting_suite.end_per_group.386.html
=group_props   [{repeat,2},{name,clients},parallel]
=started       2021-03-09 16:16:43
=ended         2021-03-09 16:16:43
=result        ok
=elapsed       1.0e-6
=group_time    0.060s
=case          meeting_SUITE:init_per_group
=logfile       meeting_suite.init_per_group.418.html
=group_props   [{name,clients},parallel]
=started       2021-03-09 16:16:43
=ended         2021-03-09 16:16:43
=result        ok
=elapsed       1.0e-6
=case          meeting_SUITE:carla
=logfile       meeting_suite.carla.450.html
=started       2021-03-09 16:16:43
=ended         2021-03-09 16:16:43
=result        failed: {undef,
                           [{meeting_SUITE,carla,
                                [[{watchdog,<0.379.0>},
                                  {tc_logfile,
                                      "/home/pbove/git/erlang-for-great-good/chapter28/ct/demo/ct_run.ct@pbove.2021-03-09_16.16.42/ct.demo.meeting_SUITE.logs/run.2021-03-09_16.16.42/meeting_suite.carla.450.html"},
                                  {tc_group_properties,
                                      [{name,clients},parallel]},
                                  {tc_group_path,
                                      [[{name,session}],
                                       [{suite,meeting_SUITE}]]},
                                  {data_dir,
                                      "/home/pbove/git/erlang-for-great-good/chapter28/ct/demo/meeting_SUITE_data/"},
                                  {priv_dir,
                                      "/home/pbove/git/erlang-for-great-good/chapter28/ct/demo/ct_run.ct@pbove.2021-03-09_16.16.42/ct.demo.meeting_SUITE.logs/run.2021-03-09_16.16.42/log_private/"}]],
                                []},
                            {test_server,ts_tc,3,
                                [{file,"test_server.erl"},{line,1754}]},
                            {test_server,run_test_case_eval1,6,
                                [{file,"test_server.erl"},{line,1263}]},
                            {test_server,run_test_case_eval,9,
                                [{file,"test_server.erl"},{line,1195}]}]}, [{meeting_SUITE,
                                                                             carla},
                                                                            {test_server,
                                                                             ts_tc,
                                                                             1754},
                                                                            {test_server,
                                                                             run_test_case_eval1,
                                                                             1263},
                                                                            {test_server,
                                                                             run_test_case_eval,
                                                                             1195}]
=== *** FAILED test case 28 ***
=case          meeting_SUITE:mark
=logfile       meeting_suite.mark.482.html
=started       2021-03-09 16:16:43
=ended         2021-03-09 16:16:43
=result        failed: {undef,
                           [{meeting_SUITE,mark,
                                [[{watchdog,<0.377.0>},
                                  {tc_logfile,
                                      "/home/pbove/git/erlang-for-great-good/chapter28/ct/demo/ct_run.ct@pbove.2021-03-09_16.16.42/ct.demo.meeting_SUITE.logs/run.2021-03-09_16.16.42/meeting_suite.mark.482.html"},
                                  {tc_group_properties,
                                      [{name,clients},parallel]},
                                  {tc_group_path,
                                      [[{name,session}],
                                       [{suite,meeting_SUITE}]]},
                                  {data_dir,
                                      "/home/pbove/git/erlang-for-great-good/chapter28/ct/demo/meeting_SUITE_data/"},
                                  {priv_dir,
                                      "/home/pbove/git/erlang-for-great-good/chapter28/ct/demo/ct_run.ct@pbove.2021-03-09_16.16.42/ct.demo.meeting_SUITE.logs/run.2021-03-09_16.16.42/log_private/"}]],
                                []},
                            {test_server,ts_tc,3,
                                [{file,"test_server.erl"},{line,1754}]},
                            {test_server,run_test_case_eval1,6,
                                [{file,"test_server.erl"},{line,1263}]},
                            {test_server,run_test_case_eval,9,
                                [{file,"test_server.erl"},{line,1195}]}]}, [{meeting_SUITE,
                                                                             mark},
                                                                            {test_server,
                                                                             ts_tc,
                                                                             1754},
                                                                            {test_server,
                                                                             run_test_case_eval1,
                                                                             1263},
                                                                            {test_server,
                                                                             run_test_case_eval,
                                                                             1195}]
=== *** FAILED test case 29 ***
=case          meeting_SUITE:dog
=logfile       meeting_suite.dog.389.html
=started       2021-03-09 16:16:43
=ended         2021-03-09 16:16:43
=result        failed: {undef,
                           [{meeting_SUITE,dog,
                                [[{watchdog,<0.380.0>},
                                  {tc_logfile,
                                      "/home/pbove/git/erlang-for-great-good/chapter28/ct/demo/ct_run.ct@pbove.2021-03-09_16.16.42/ct.demo.meeting_SUITE.logs/run.2021-03-09_16.16.42/meeting_suite.dog.389.html"},
                                  {tc_group_properties,
                                      [{name,clients},parallel]},
                                  {tc_group_path,
                                      [[{name,session}],
                                       [{suite,meeting_SUITE}]]},
                                  {data_dir,
                                      "/home/pbove/git/erlang-for-great-good/chapter28/ct/demo/meeting_SUITE_data/"},
                                  {priv_dir,
                                      "/home/pbove/git/erlang-for-great-good/chapter28/ct/demo/ct_run.ct@pbove.2021-03-09_16.16.42/ct.demo.meeting_SUITE.logs/run.2021-03-09_16.16.42/log_private/"}]],
                                []},
                            {test_server,ts_tc,3,
                                [{file,"test_server.erl"},{line,1754}]},
                            {test_server,run_test_case_eval1,6,
                                [{file,"test_server.erl"},{line,1263}]},
                            {test_server,run_test_case_eval,9,
                                [{file,"test_server.erl"},{line,1195}]}]}, [{meeting_SUITE,
                                                                             dog},
                                                                            {test_server,
                                                                             ts_tc,
                                                                             1754},
                                                                            {test_server,
                                                                             run_test_case_eval1,
                                                                             1263},
                                                                            {test_server,
                                                                             run_test_case_eval,
                                                                             1195}]
=== *** FAILED test case 30 ***
=case          meeting_SUITE:end_per_group
=logfile       meeting_suite.end_per_group.421.html
=group_props   [{name,clients},parallel]
=started       2021-03-09 16:16:43
=ended         2021-03-09 16:16:43
=result        ok
=elapsed       0.0
=group_time    0.058s
=case          meeting_SUITE:all_same_owner
=logfile       meeting_suite.all_same_owner.html
=started       2021-03-09 16:16:43
=ended         2021-03-09 16:16:43
=result        failed: {undef,
                           [{meeting_SUITE,all_same_owner,
                                [[{watchdog,<0.386.0>},
                                  {tc_logfile,
                                      "/home/pbove/git/erlang-for-great-good/chapter28/ct/demo/ct_run.ct@pbove.2021-03-09_16.16.42/ct.demo.meeting_SUITE.logs/run.2021-03-09_16.16.42/meeting_suite.all_same_owner.html"},
                                  {tc_group_properties,[{name,session}]},
                                  {tc_group_path,[[{suite,meeting_SUITE}]]},
                                  {data_dir,
                                      "/home/pbove/git/erlang-for-great-good/chapter28/ct/demo/meeting_SUITE_data/"},
                                  {priv_dir,
                                      "/home/pbove/git/erlang-for-great-good/chapter28/ct/demo/ct_run.ct@pbove.2021-03-09_16.16.42/ct.demo.meeting_SUITE.logs/run.2021-03-09_16.16.42/log_private/"}]],
                                []},
                            {test_server,ts_tc,3,
                                [{file,"test_server.erl"},{line,1754}]},
                            {test_server,run_test_case_eval1,6,
                                [{file,"test_server.erl"},{line,1263}]},
                            {test_server,run_test_case_eval,9,
                                [{file,"test_server.erl"},{line,1195}]}]}, [{meeting_SUITE,
                                                                             all_same_owner},
                                                                            {test_server,
                                                                             ts_tc,
                                                                             1754},
                                                                            {test_server,
                                                                             run_test_case_eval1,
                                                                             1263},
                                                                            {test_server,
                                                                             run_test_case_eval,
                                                                             1195}]
=== *** FAILED test case 31 ***
=case          meeting_SUITE:end_per_group
=logfile       meeting_suite.end_per_group.453.html
=group_props   [{name,session}]
=started       2021-03-09 16:16:43
=ended         2021-03-09 16:16:43
=result        ok
=elapsed       1.0e-6
=group_time    0.984s
=case          ct_framework:end_per_suite
=logfile       ct_framework.end_per_suite.html
=group_props   [{suite,meeting_SUITE}]
=started       2021-03-09 16:16:43
=ended         2021-03-09 16:16:43
=result        ok
=elapsed       0.0
=group_time    1.037s
=== TEST COMPLETE, 0 ok, 31 failed of 31 test cases

=finished      2021-03-09 16:16:43
=failed        31
=successful    0
=user_skipped  0
=auto_skipped  0
